#
# There is insufficient memory for the Java Runtime Environment to continue.
# Native memory allocation (mmap) failed to map 65536 bytes for Failed to commit metaspace.
# Possible reasons:
#   The system is out of physical RAM or swap space
#   The process is running with CompressedOops enabled, and the Java Heap may be blocking the growth of the native heap
# Possible solutions:
#   Reduce memory load on the system
#   Increase physical memory or swap space
#   Check if swap backing store is full
#   Decrease Java heap size (-Xmx/-Xms)
#   Decrease number of Java threads
#   Decrease Java thread stack sizes (-Xss)
#   Set larger code cache with -XX:ReservedCodeCacheSize=
#   JVM is running with Unscaled Compressed Oops mode in which the Java heap is
#     placed in the first 4GB address space. The Java Heap base address is the
#     maximum limit for the native heap growth. Please use -XX:HeapBaseMinAddress
#     to set the Java Heap base and to place the Java Heap above 4GB virtual address.
# This output file may be truncated or incomplete.
#
#  Out of Memory Error (virtualSpaceNode.cpp:110), pid=10448, tid=8320
#
# JRE version: OpenJDK Runtime Environment Temurin-17.0.8.1+1 (17.0.8.1+1) (build 17.0.8.1+1)
# Java VM: OpenJDK 64-Bit Server VM Temurin-17.0.8.1+1 (17.0.8.1+1, mixed mode, tiered, compressed oops, compressed class ptrs, parallel gc, windows-amd64)
# No core dump will be written. Minidumps are not enabled by default on client versions of Windows
#

---------------  S U M M A R Y ------------

Command Line: --add-modules=ALL-SYSTEM --add-opens=java.base/java.util=ALL-UNNAMED --add-opens=java.base/java.lang=ALL-UNNAMED --add-opens=java.base/sun.nio.fs=ALL-UNNAMED -Declipse.application=org.eclipse.jdt.ls.core.id1 -Dosgi.bundles.defaultStartLevel=4 -Declipse.product=org.eclipse.jdt.ls.core.product -Djava.import.generatesMetadataFilesAtProjectRoot=false -DDetectVMInstallationsJob.disabled=true -Dfile.encoding=utf8 -XX:+UseParallelGC -XX:GCTimeRatio=4 -XX:AdaptiveSizePolicyWeight=90 -Dsun.zip.disableMemoryMapping=true -Xmx1G -Xms100m -Xlog:disable -javaagent:c:\Users\USER\.vscode\extensions\redhat.java-1.23.0-win32-x64\lombok\lombok-1.18.30.jar -XX:+HeapDumpOnOutOfMemoryError -XX:HeapDumpPath=c:\Users\USER\AppData\Roaming\Code\User\workspaceStorage\82777f68574ca889bb410f351bd7249c\redhat.java -Daether.dependencyCollector.impl=bf c:\Users\USER\.vscode\extensions\redhat.java-1.23.0-win32-x64\server\plugins\org.eclipse.equinox.launcher_1.6.500.v20230717-2134.jar -configuration c:\Users\USER\AppData\Roaming\Code\User\globalStorage\redhat.java\1.23.0\config_win -data c:\Users\USER\AppData\Roaming\Code\User\workspaceStorage\82777f68574ca889bb410f351bd7249c\redhat.java\jdt_ws

Host: AMD Ryzen 5 5500U with Radeon Graphics         , 12 cores, 23G,  Windows 11 , 64 bit Build 22621 (10.0.22621.2361)
Time: Mon Oct  9 20:44:08 2023 SE Asia Standard Time elapsed time: 2.344475 seconds (0d 0h 0m 2s)

---------------  T H R E A D  ---------------

Current thread (0x000001bc89143320):  JavaThread "Start Level: Equinox Container: 66cb5295-56eb-4fff-a406-9666bc1471fa" daemon [_thread_in_vm, id=8320, stack(0x0000008dd0d00000,0x0000008dd0e00000)]

Stack: [0x0000008dd0d00000,0x0000008dd0e00000]
Native frames: (J=compiled Java code, j=interpreted, Vv=VM code, C=native code)
V  [jvm.dll+0x678b0a]
V  [jvm.dll+0x835e84]
V  [jvm.dll+0x83762e]
V  [jvm.dll+0x837c93]
V  [jvm.dll+0x24746f]
V  [jvm.dll+0x831f1b]
V  [jvm.dll+0x61d3c6]
V  [jvm.dll+0x1c1aae]
V  [jvm.dll+0x61fd21]
V  [jvm.dll+0x61dd66]
V  [jvm.dll+0x244dbc]
V  [jvm.dll+0x6cf82d]
V  [jvm.dll+0x6d025f]
V  [jvm.dll+0x3729d3]
V  [jvm.dll+0x371a74]
V  [jvm.dll+0x371a18]
V  [jvm.dll+0x38193a]
C  0x000001bcf7f9ae05

Java frames: (J=compiled Java code, j=interpreted, Vv=VM code)
j  org.eclipse.equinox.internal.app.EclipseAppDescriptor.createAppHandle(Ljava/util/Map;)Lorg/eclipse/equinox/internal/app/EclipseAppHandle;+0
j  org.eclipse.equinox.internal.app.EclipseAppDescriptor.launchSpecific(Ljava/util/Map;)Lorg/osgi/service/application/ApplicationHandle;+22
j  org.osgi.service.application.ApplicationDescriptor.launch(Ljava/util/Map;)Lorg/osgi/service/application/ApplicationHandle;+83
j  org.eclipse.equinox.internal.app.EclipseAppContainer.startDefaultApp(Z)V+141
j  org.eclipse.equinox.internal.app.EclipseAppContainer.start()V+60
j  org.eclipse.equinox.internal.app.Activator.addingService(Lorg/osgi/framework/ServiceReference;)Ljava/lang/Object;+98
j  org.osgi.util.tracker.ServiceTracker$Tracked.customizerAdding(Lorg/osgi/framework/ServiceReference;Lorg/osgi/framework/ServiceEvent;)Ljava/lang/Object;+8
j  org.osgi.util.tracker.ServiceTracker$Tracked.customizerAdding(Ljava/lang/Object;Ljava/lang/Object;)Ljava/lang/Object;+9
j  org.osgi.util.tracker.AbstractTracked.trackAdding(Ljava/lang/Object;Ljava/lang/Object;)V+8
j  org.osgi.util.tracker.AbstractTracked.trackInitial()V+90
j  org.osgi.util.tracker.ServiceTracker.open(Z)V+198
j  org.osgi.util.tracker.ServiceTracker.open()V+2
j  org.eclipse.equinox.internal.app.Activator.start(Lorg/osgi/framework/BundleContext;)V+92
j  org.eclipse.osgi.internal.framework.BundleContextImpl$2.run()Ljava/lang/Void;+23
j  org.eclipse.osgi.internal.framework.BundleContextImpl$2.run()Ljava/lang/Object;+1
J 887 c1 java.security.AccessController.executePrivileged(Ljava/security/PrivilegedExceptionAction;Ljava/security/AccessControlContext;Ljava/lang/Class;)Ljava/lang/Object; java.base@17.0.8.1 (65 bytes) @ 0x000001bcf0bc04b4 [0x000001bcf0bc0360+0x0000000000000154]
j  java.security.AccessController.doPrivileged(Ljava/security/PrivilegedExceptionAction;)Ljava/lang/Object;+9 java.base@17.0.8.1
j  org.eclipse.osgi.internal.framework.BundleContextImpl.startActivator(Lorg/osgi/framework/BundleActivator;)V+9
j  org.eclipse.osgi.internal.framework.BundleContextImpl.start()V+134
j  org.eclipse.osgi.internal.framework.EquinoxBundle.startWorker0()V+35
j  org.eclipse.osgi.internal.framework.EquinoxBundle$EquinoxModule.startWorker()V+4
j  org.eclipse.osgi.container.Module.doStart([Lorg/eclipse/osgi/container/Module$StartOptions;)Lorg/eclipse/osgi/container/ModuleContainerAdaptor$ModuleEvent;+190
j  org.eclipse.osgi.container.Module.start([Lorg/eclipse/osgi/container/Module$StartOptions;)V+460
j  org.eclipse.osgi.framework.util.SecureAction.start(Lorg/eclipse/osgi/container/Module;[Lorg/eclipse/osgi/container/Module$StartOptions;)V+8
J 2171 c1 org.eclipse.osgi.internal.hooks.EclipseLazyStarter.postFindLocalClass(Ljava/lang/String;Ljava/lang/Class;Lorg/eclipse/osgi/internal/loader/classpath/ClasspathManager;)V (394 bytes) @ 0x000001bcf0e6205c [0x000001bcf0e610e0+0x0000000000000f7c]
J 2393 c1 org.eclipse.osgi.internal.loader.classpath.ClasspathManager.findLocalClass(Ljava/lang/String;)Ljava/lang/Class; (210 bytes) @ 0x000001bcf0ee41d4 [0x000001bcf0ee3220+0x0000000000000fb4]
J 2169 c1 org.eclipse.osgi.internal.loader.BundleLoader.findLocalClass(Ljava/lang/String;)Ljava/lang/Class; (152 bytes) @ 0x000001bcf0e5f0ec [0x000001bcf0e5e8a0+0x000000000000084c]
j  org.eclipse.osgi.internal.loader.sources.SingleSourcePackage.loadClass(Ljava/lang/String;)Ljava/lang/Class;+5
J 2068 c1 org.eclipse.osgi.internal.loader.BundleLoader.findClass0(Ljava/lang/String;ZZ)Ljava/lang/Class; (466 bytes) @ 0x000001bcf0e13c9c [0x000001bcf0e116a0+0x00000000000025fc]
J 2067 c1 org.eclipse.osgi.internal.loader.BundleLoader.findClass(Ljava/lang/String;)Ljava/lang/Class; (8 bytes) @ 0x000001bcf0e10d9c [0x000001bcf0e10d20+0x000000000000007c]
J 2069 c1 org.eclipse.osgi.internal.loader.ModuleClassLoader.loadClass(Ljava/lang/String;Z)Ljava/lang/Class; (36 bytes) @ 0x000001bcf0e16dbc [0x000001bcf0e16ba0+0x000000000000021c]
J 773 c1 java.lang.ClassLoader.loadClass(Ljava/lang/String;)Ljava/lang/Class; java.base@17.0.8.1 (7 bytes) @ 0x000001bcf0b8dfbc [0x000001bcf0b8dec0+0x00000000000000fc]
v  ~StubRoutines::call_stub
j  org.eclipse.core.internal.runtime.PlatformActivator.startAppContainer()V+0
j  org.eclipse.core.internal.runtime.PlatformActivator.start(Lorg/osgi/framework/BundleContext;)V+12
j  org.eclipse.osgi.internal.framework.BundleContextImpl$2.run()Ljava/lang/Void;+23
j  org.eclipse.osgi.internal.framework.BundleContextImpl$2.run()Ljava/lang/Object;+1
J 887 c1 java.security.AccessController.executePrivileged(Ljava/security/PrivilegedExceptionAction;Ljava/security/AccessControlContext;Ljava/lang/Class;)Ljava/lang/Object; java.base@17.0.8.1 (65 bytes) @ 0x000001bcf0bc04b4 [0x000001bcf0bc0360+0x0000000000000154]
j  java.security.AccessController.doPrivileged(Ljava/security/PrivilegedExceptionAction;)Ljava/lang/Object;+9 java.base@17.0.8.1
j  org.eclipse.osgi.internal.framework.BundleContextImpl.startActivator(Lorg/osgi/framework/BundleActivator;)V+9
j  org.eclipse.osgi.internal.framework.BundleContextImpl.start()V+134
j  org.eclipse.osgi.internal.framework.EquinoxBundle.startWorker0()V+35
j  org.eclipse.osgi.internal.framework.EquinoxBundle$EquinoxModule.startWorker()V+4
j  org.eclipse.osgi.container.Module.doStart([Lorg/eclipse/osgi/container/Module$StartOptions;)Lorg/eclipse/osgi/container/ModuleContainerAdaptor$ModuleEvent;+190
j  org.eclipse.osgi.container.Module.start([Lorg/eclipse/osgi/container/Module$StartOptions;)V+460
j  org.eclipse.osgi.container.ModuleContainer$ContainerStartLevel$2.run()V+71
j  org.eclipse.osgi.internal.framework.EquinoxContainerAdaptor$1$1.execute(Ljava/lang/Runnable;)V+1
j  org.eclipse.osgi.container.ModuleContainer$ContainerStartLevel.incStartLevel(ILjava/util/List;Z)V+192
j  org.eclipse.osgi.container.ModuleContainer$ContainerStartLevel.incStartLevel(ILjava/util/List;Ljava/util/List;Ljava/util/List;Ljava/util/List;)V+19
j  org.eclipse.osgi.container.ModuleContainer$ContainerStartLevel.doContainerStartLevel(Lorg/eclipse/osgi/container/Module;I[Lorg/osgi/framework/FrameworkListener;)V+349
j  org.eclipse.osgi.container.ModuleContainer$ContainerStartLevel.dispatchEvent(Lorg/eclipse/osgi/container/Module;[Lorg/osgi/framework/FrameworkListener;ILjava/lang/Integer;)V+32
j  org.eclipse.osgi.container.ModuleContainer$ContainerStartLevel.dispatchEvent(Ljava/lang/Object;Ljava/lang/Object;ILjava/lang/Object;)V+15
j  org.eclipse.osgi.framework.eventmgr.EventManager.dispatchEvent(Ljava/util/Set;Lorg/eclipse/osgi/framework/eventmgr/EventDispatcher;ILjava/lang/Object;)V+48
j  org.eclipse.osgi.framework.eventmgr.EventManager$EventThread.run()V+26
v  ~StubRoutines::call_stub

---------------  P R O C E S S  ---------------

Threads class SMR info:
_java_thread_list=0x000001bc89931030, length=19, elements={
0x000001bceddda5b0, 0x000001bcffc42020, 0x000001bcffc45050, 0x000001bc86d586e0,
0x000001bc86d7d0d0, 0x000001bcffc4c380, 0x000001bc86d9ef30, 0x000001bc86d9f800,
0x000001bc86d69390, 0x000001bc86d6a480, 0x000001bcede39b60, 0x000001bc86edc400,
0x000001bc87098400, 0x000001bc88d6e710, 0x000001bc894b4ac0, 0x000001bc89143320,
0x000001bc8963e000, 0x000001bc896b85c0, 0x000001bc896b80b0
}

Java Threads: ( => current thread )
  0x000001bceddda5b0 JavaThread "main" [_thread_blocked, id=8188, stack(0x0000008dcf500000,0x0000008dcf600000)]
  0x000001bcffc42020 JavaThread "Reference Handler" daemon [_thread_blocked, id=11244, stack(0x0000008dcf800000,0x0000008dcf900000)]
  0x000001bcffc45050 JavaThread "Finalizer" daemon [_thread_blocked, id=3412, stack(0x0000008dcf900000,0x0000008dcfa00000)]
  0x000001bc86d586e0 JavaThread "Signal Dispatcher" daemon [_thread_blocked, id=84, stack(0x0000008dcfa00000,0x0000008dcfb00000)]
  0x000001bc86d7d0d0 JavaThread "Attach Listener" daemon [_thread_blocked, id=22568, stack(0x0000008dcfb00000,0x0000008dcfc00000)]
  0x000001bcffc4c380 JavaThread "Service Thread" daemon [_thread_blocked, id=1520, stack(0x0000008dcfc00000,0x0000008dcfd00000)]
  0x000001bc86d9ef30 JavaThread "Monitor Deflation Thread" daemon [_thread_blocked, id=16784, stack(0x0000008dcfd00000,0x0000008dcfe00000)]
  0x000001bc86d9f800 JavaThread "C2 CompilerThread0" daemon [_thread_blocked, id=16104, stack(0x0000008dcfe00000,0x0000008dcff00000)]
  0x000001bc86d69390 JavaThread "C1 CompilerThread0" daemon [_thread_blocked, id=17916, stack(0x0000008dcff00000,0x0000008dd0000000)]
  0x000001bc86d6a480 JavaThread "Sweeper thread" daemon [_thread_blocked, id=16184, stack(0x0000008dd0000000,0x0000008dd0100000)]
  0x000001bcede39b60 JavaThread "Common-Cleaner" daemon [_thread_blocked, id=10216, stack(0x0000008dd0100000,0x0000008dd0200000)]
  0x000001bc86edc400 JavaThread "C2 CompilerThread1" daemon [_thread_in_native, id=9796, stack(0x0000008dd0200000,0x0000008dd0300000)]
  0x000001bc87098400 JavaThread "Notification Thread" daemon [_thread_blocked, id=15948, stack(0x0000008dd0300000,0x0000008dd0400000)]
  0x000001bc88d6e710 JavaThread "Active Thread: Equinox Container: 66cb5295-56eb-4fff-a406-9666bc1471fa" [_thread_blocked, id=25784, stack(0x0000008dd0b00000,0x0000008dd0c00000)]
  0x000001bc894b4ac0 JavaThread "Framework Event Dispatcher: Equinox Container: 66cb5295-56eb-4fff-a406-9666bc1471fa" daemon [_thread_blocked, id=22520, stack(0x0000008dd0c00000,0x0000008dd0d00000)]
=>0x000001bc89143320 JavaThread "Start Level: Equinox Container: 66cb5295-56eb-4fff-a406-9666bc1471fa" daemon [_thread_in_vm, id=8320, stack(0x0000008dd0d00000,0x0000008dd0e00000)]
  0x000001bc8963e000 JavaThread "Bundle File Closer" daemon [_thread_blocked, id=20912, stack(0x0000008dd0f00000,0x0000008dd1000000)]
  0x000001bc896b85c0 JavaThread "SCR Component Actor" daemon [_thread_blocked, id=14300, stack(0x0000008dd1000000,0x0000008dd1100000)]
  0x000001bc896b80b0 JavaThread "SCR Component Registry" daemon [_thread_blocked, id=25692, stack(0x0000008dd1300000,0x0000008dd1400000)]

Other Threads:
  0x000001bcede87970 VMThread "VM Thread" [stack: 0x0000008dcf700000,0x0000008dcf800000] [id=18308]
  0x000001bc870988e0 WatcherThread [stack: 0x0000008dd0400000,0x0000008dd0500000] [id=25712]
  0x000001bceddef090 GCTaskThread "GC Thread#0" [stack: 0x0000008dcf600000,0x0000008dcf700000] [id=17988]
  0x000001bc88b8a990 GCTaskThread "GC Thread#1" [stack: 0x0000008dd0500000,0x0000008dd0600000] [id=23820]
  0x000001bc88b8ac50 GCTaskThread "GC Thread#2" [stack: 0x0000008dd0600000,0x0000008dd0700000] [id=11768]
  0x000001bc88b5a230 GCTaskThread "GC Thread#3" [stack: 0x0000008dd0700000,0x0000008dd0800000] [id=24544]
  0x000001bc88b5a8f0 GCTaskThread "GC Thread#4" [stack: 0x0000008dd0800000,0x0000008dd0900000] [id=9828]
  0x000001bc88b5abb0 GCTaskThread "GC Thread#5" [stack: 0x0000008dd0900000,0x0000008dd0a00000] [id=22988]
  0x000001bc88b5beb0 GCTaskThread "GC Thread#6" [stack: 0x0000008dd0a00000,0x0000008dd0b00000] [id=15040]
  0x000001bc89031650 GCTaskThread "GC Thread#7" [stack: 0x0000008dd0e00000,0x0000008dd0f00000] [id=12800]
  0x000001bc88f5ff30 GCTaskThread "GC Thread#8" [stack: 0x0000008dd1100000,0x0000008dd1200000] [id=17428]
  0x000001bc88f601f0 GCTaskThread "GC Thread#9" [stack: 0x0000008dd1200000,0x0000008dd1300000] [id=26564]

Threads with active compile tasks:
C2 CompilerThread1     2366 2406       4       java.io.DataInputStream::readUTF (501 bytes)

VM state: not at safepoint (normal execution)

VM Mutex/Monitor currently owned by a thread:  ([mutex/lock_event])
[0x000001bceddd53f0] Metaspace_lock - owner thread: 0x000001bc89143320

Heap address: 0x00000000c0000000, size: 1024 MB, Compressed Oops mode: 32-bit

CDS archive(s) not mapped
Compressed class space mapped at: 0x0000000100000000-0x0000000140000000, reserved size: 1073741824
Narrow klass base: 0x0000000000000000, Narrow klass shift: 3, Narrow klass range: 0x140000000

GC Precious Log:
 CPUs: 12 total, 12 available
 Memory: 23914M
 Large Page Support: Disabled
 NUMA Support: Disabled
 Compressed Oops: Enabled (32-bit)
 Alignments: Space 512K, Generation 512K, Heap 2M
 Heap Min Capacity: 100M
 Heap Initial Capacity: 100M
 Heap Max Capacity: 1G
 Pre-touch: Disabled
 Parallel Workers: 10

Heap:
 PSYoungGen      total 29696K, used 18161K [0x00000000eab00000, 0x00000000ecc00000, 0x0000000100000000)
  eden space 25600K, 55% used [0x00000000eab00000,0x00000000eb8c43a8,0x00000000ec400000)
  from space 4096K, 99% used [0x00000000ec400000,0x00000000ec7f80e8,0x00000000ec800000)
  to   space 4096K, 0% used [0x00000000ec800000,0x00000000ec800000,0x00000000ecc00000)
 ParOldGen       total 68608K, used 5275K [0x00000000c0000000, 0x00000000c4300000, 0x00000000eab00000)
  object space 68608K, 7% used [0x00000000c0000000,0x00000000c0526fb0,0x00000000c4300000)
 Metaspace       used 19127K, committed 19456K, reserved 1114112K
  class space    used 1953K, committed 2112K, reserved 1048576K

Card table byte_map: [0x000001bced7a0000,0x000001bced9b0000] _byte_map_base: 0x000001bced1a0000

Marking Bits: (ParMarkBitMap*) 0x00007ff9254283a0
 Begin Bits: [0x000001bc80000000, 0x000001bc81000000)
 End Bits:   [0x000001bc81000000, 0x000001bc82000000)

Polling page: 0x000001bced590000

Metaspace:

Usage:
  Non-class:     16.77 MB used.
      Class:      1.91 MB used.
       Both:     18.68 MB used.

Virtual space:
  Non-class space:       64.00 MB reserved,      16.94 MB ( 26%) committed,  1 nodes.
      Class space:        1.00 GB reserved,       2.06 MB ( <1%) committed,  1 nodes.
             Both:        1.06 GB reserved,      19.00 MB (  2%) committed. 

Chunk freelists:
   Non-Class:  15.05 MB
       Class:  13.83 MB
        Both:  28.88 MB

MaxMetaspaceSize: unlimited
CompressedClassSpaceSize: 1.00 GB
Initial GC threshold: 21.00 MB
Current GC threshold: 21.00 MB
CDS: off
MetaspaceReclaimPolicy: balanced
 - commit_granule_bytes: 65536.
 - commit_granule_words: 8192.
 - virtual_space_node_default_size: 8388608.
 - enlarge_chunks_in_place: 1.
 - new_chunks_are_fully_committed: 0.
 - uncommit_free_chunks: 1.
 - use_allocation_guard: 0.
 - handle_deallocations: 1.


Internal statistics:

num_allocs_failed_limit: 0.
num_arena_births: 172.
num_arena_deaths: 0.
num_vsnodes_births: 2.
num_vsnodes_deaths: 0.
num_space_committed: 304.
num_space_uncommitted: 0.
num_chunks_returned_to_freelist: 0.
num_chunks_taken_from_freelist: 538.
num_chunk_merges: 0.
num_chunk_splits: 339.
num_chunks_enlarged: 237.
num_inconsistent_stats: 0.

CodeHeap 'non-profiled nmethods': size=120000Kb used=1046Kb max_used=1046Kb free=118953Kb
 bounds [0x000001bcf8520000, 0x000001bcf8790000, 0x000001bcffa50000]
CodeHeap 'profiled nmethods': size=120000Kb used=4739Kb max_used=4739Kb free=115260Kb
 bounds [0x000001bcf0a50000, 0x000001bcf0f00000, 0x000001bcf7f80000]
CodeHeap 'non-nmethods': size=5760Kb used=1179Kb max_used=1197Kb free=4580Kb
 bounds [0x000001bcf7f80000, 0x000001bcf81f0000, 0x000001bcf8520000]
 total_blobs=2892 nmethods=2415 adapters=391
 compilation: enabled
              stopped_count=0, restarted_count=0
 full_count=0

Compilation events (20 events):
Event: 2.332 Thread 0x000001bc86d69390 2405       3       java.io.DataInputStream::readByte (23 bytes)
Event: 2.332 Thread 0x000001bc86edc400 2406       4       java.io.DataInputStream::readUTF (501 bytes)
Event: 2.332 Thread 0x000001bc86d69390 nmethod 2405 0x000001bcf0eecc10 code [0x000001bcf0eecdc0, 0x000001bcf0eed098]
Event: 2.332 Thread 0x000001bc86d69390 2407       3       org.eclipse.osgi.internal.loader.sources.SingleSourcePackage::loadClass (9 bytes)
Event: 2.332 Thread 0x000001bc86d69390 nmethod 2407 0x000001bcf0eed190 code [0x000001bcf0eed340, 0x000001bcf0eed508]
Event: 2.335 Thread 0x000001bc86d69390 2408   !   3       org.eclipse.osgi.internal.loader.classpath.ClasspathManager::defineClass (636 bytes)
Event: 2.337 Thread 0x000001bc86d69390 nmethod 2408 0x000001bcf861f110 code [0x000001bcf861f660, 0x000001bcf8622998]
Event: 2.337 Thread 0x000001bc86d9f800 nmethod 2404 0x000001bcf8623f10 code [0x000001bcf86240c0, 0x000001bcf86246f8]
Event: 2.337 Thread 0x000001bc86d9f800 2409       4       java.util.Arrays::copyOf (40 bytes)
Event: 2.338 Thread 0x000001bc86d69390 2410       3       org.eclipse.core.internal.registry.TableReader::readStringOrNull (18 bytes)
Event: 2.338 Thread 0x000001bc86d69390 nmethod 2410 0x000001bcf0eed610 code [0x000001bcf0eed7e0, 0x000001bcf0eedbc8]
Event: 2.338 Thread 0x000001bc86d69390 2411       3       org.eclipse.core.internal.registry.TableReader::readUTF (126 bytes)
Event: 2.339 Thread 0x000001bc86d69390 nmethod 2411 0x000001bcf0eedd90 code [0x000001bcf0eee020, 0x000001bcf0eeee48]
Event: 2.340 Thread 0x000001bc86d69390 2414       3       java.lang.invoke.Invokers$Holder::linkToTargetMethod (10 bytes)
Event: 2.340 Thread 0x000001bc86d69390 nmethod 2414 0x000001bcf0eef310 code [0x000001bcf0eef4c0, 0x000001bcf0eef878]
Event: 2.340 Thread 0x000001bc86d69390 2415       3       java.util.Hashtable$Enumerator::nextElement (111 bytes)
Event: 2.340 Thread 0x000001bc86d69390 nmethod 2415 0x000001bcf0eef990 code [0x000001bcf0eefb60, 0x000001bcf0eeffa8]
Event: 2.340 Thread 0x000001bc86d69390 2416       3       java.util.ArrayList::rangeCheckForAdd (26 bytes)
Event: 2.340 Thread 0x000001bc86d9f800 nmethod 2409 0x000001bcf8624f10 code [0x000001bcf86250a0, 0x000001bcf86254d8]
Event: 2.340 Thread 0x000001bc86d9f800 2413       4       java.util.LinkedHashMap$LinkedHashIterator::nextNode (54 bytes)

GC Heap History (6 events):
Event: 0.952 GC heap before
{Heap before GC invocations=1 (full 0):
 PSYoungGen      total 29696K, used 25600K [0x00000000eab00000, 0x00000000ecc00000, 0x0000000100000000)
  eden space 25600K, 100% used [0x00000000eab00000,0x00000000ec400000,0x00000000ec400000)
  from space 4096K, 0% used [0x00000000ec800000,0x00000000ec800000,0x00000000ecc00000)
  to   space 4096K, 0% used [0x00000000ec400000,0x00000000ec400000,0x00000000ec800000)
 ParOldGen       total 68608K, used 0K [0x00000000c0000000, 0x00000000c4300000, 0x00000000eab00000)
  object space 68608K, 0% used [0x00000000c0000000,0x00000000c0000000,0x00000000c4300000)
 Metaspace       used 10999K, committed 11200K, reserved 1114112K
  class space    used 1099K, committed 1216K, reserved 1048576K
}
Event: 0.959 GC heap after
{Heap after GC invocations=1 (full 0):
 PSYoungGen      total 29696K, used 3156K [0x00000000eab00000, 0x00000000ecc00000, 0x0000000100000000)
  eden space 25600K, 0% used [0x00000000eab00000,0x00000000eab00000,0x00000000ec400000)
  from space 4096K, 77% used [0x00000000ec400000,0x00000000ec715200,0x00000000ec800000)
  to   space 4096K, 0% used [0x00000000ec800000,0x00000000ec800000,0x00000000ecc00000)
 ParOldGen       total 68608K, used 16K [0x00000000c0000000, 0x00000000c4300000, 0x00000000eab00000)
  object space 68608K, 0% used [0x00000000c0000000,0x00000000c0004000,0x00000000c4300000)
 Metaspace       used 10999K, committed 11200K, reserved 1114112K
  class space    used 1099K, committed 1216K, reserved 1048576K
}
Event: 1.765 GC heap before
{Heap before GC invocations=2 (full 0):
 PSYoungGen      total 29696K, used 28756K [0x00000000eab00000, 0x00000000ecc00000, 0x0000000100000000)
  eden space 25600K, 100% used [0x00000000eab00000,0x00000000ec400000,0x00000000ec400000)
  from space 4096K, 77% used [0x00000000ec400000,0x00000000ec715200,0x00000000ec800000)
  to   space 4096K, 0% used [0x00000000ec800000,0x00000000ec800000,0x00000000ecc00000)
 ParOldGen       total 68608K, used 16K [0x00000000c0000000, 0x00000000c4300000, 0x00000000eab00000)
  object space 68608K, 0% used [0x00000000c0000000,0x00000000c0004000,0x00000000c4300000)
 Metaspace       used 14656K, committed 14912K, reserved 1114112K
  class space    used 1475K, committed 1600K, reserved 1048576K
}
Event: 1.770 GC heap after
{Heap after GC invocations=2 (full 0):
 PSYoungGen      total 29696K, used 4072K [0x00000000eab00000, 0x00000000ecc00000, 0x0000000100000000)
  eden space 25600K, 0% used [0x00000000eab00000,0x00000000eab00000,0x00000000ec400000)
  from space 4096K, 99% used [0x00000000ec800000,0x00000000ecbfa368,0x00000000ecc00000)
  to   space 4096K, 0% used [0x00000000ec400000,0x00000000ec400000,0x00000000ec800000)
 ParOldGen       total 68608K, used 1490K [0x00000000c0000000, 0x00000000c4300000, 0x00000000eab00000)
  object space 68608K, 2% used [0x00000000c0000000,0x00000000c0174ae8,0x00000000c4300000)
 Metaspace       used 14656K, committed 14912K, reserved 1114112K
  class space    used 1475K, committed 1600K, reserved 1048576K
}
Event: 2.129 GC heap before
{Heap before GC invocations=3 (full 0):
 PSYoungGen      total 29696K, used 29672K [0x00000000eab00000, 0x00000000ecc00000, 0x0000000100000000)
  eden space 25600K, 100% used [0x00000000eab00000,0x00000000ec400000,0x00000000ec400000)
  from space 4096K, 99% used [0x00000000ec800000,0x00000000ecbfa368,0x00000000ecc00000)
  to   space 4096K, 0% used [0x00000000ec400000,0x00000000ec400000,0x00000000ec800000)
 ParOldGen       total 68608K, used 1490K [0x00000000c0000000, 0x00000000c4300000, 0x00000000eab00000)
  object space 68608K, 2% used [0x00000000c0000000,0x00000000c0174ae8,0x00000000c4300000)
 Metaspace       used 17019K, committed 17280K, reserved 1114112K
  class space    used 1724K, committed 1856K, reserved 1048576K
}
Event: 2.136 GC heap after
{Heap after GC invocations=3 (full 0):
 PSYoungGen      total 29696K, used 4064K [0x00000000eab00000, 0x00000000ecc00000, 0x0000000100000000)
  eden space 25600K, 0% used [0x00000000eab00000,0x00000000eab00000,0x00000000ec400000)
  from space 4096K, 99% used [0x00000000ec400000,0x00000000ec7f80e8,0x00000000ec800000)
  to   space 4096K, 0% used [0x00000000ec800000,0x00000000ec800000,0x00000000ecc00000)
 ParOldGen       total 68608K, used 5275K [0x00000000c0000000, 0x00000000c4300000, 0x00000000eab00000)
  object space 68608K, 7% used [0x00000000c0000000,0x00000000c0526fb0,0x00000000c4300000)
 Metaspace       used 17019K, committed 17280K, reserved 1114112K
  class space    used 1724K, committed 1856K, reserved 1048576K
}

Dll operation events (9 events):
Event: 0.012 Loaded shared library c:\Users\USER\.vscode\extensions\redhat.java-1.23.0-win32-x64\jre\17.0.8.1-win32-x86_64\bin\java.dll
Event: 0.182 Loaded shared library c:\Users\USER\.vscode\extensions\redhat.java-1.23.0-win32-x64\jre\17.0.8.1-win32-x86_64\bin\zip.dll
Event: 0.186 Loaded shared library C:\Users\USER\.vscode\extensions\redhat.java-1.23.0-win32-x64\jre\17.0.8.1-win32-x86_64\bin\instrument.dll
Event: 0.201 Loaded shared library C:\Users\USER\.vscode\extensions\redhat.java-1.23.0-win32-x64\jre\17.0.8.1-win32-x86_64\bin\net.dll
Event: 0.204 Loaded shared library C:\Users\USER\.vscode\extensions\redhat.java-1.23.0-win32-x64\jre\17.0.8.1-win32-x86_64\bin\nio.dll
Event: 0.214 Loaded shared library C:\Users\USER\.vscode\extensions\redhat.java-1.23.0-win32-x64\jre\17.0.8.1-win32-x86_64\bin\zip.dll
Event: 0.236 Loaded shared library C:\Users\USER\.vscode\extensions\redhat.java-1.23.0-win32-x64\jre\17.0.8.1-win32-x86_64\bin\jimage.dll
Event: 0.315 Loaded shared library c:\Users\USER\.vscode\extensions\redhat.java-1.23.0-win32-x64\jre\17.0.8.1-win32-x86_64\bin\verify.dll
Event: 1.652 Loaded shared library C:\Users\USER\AppData\Roaming\Code\User\globalStorage\redhat.java\1.23.0\config_win\org.eclipse.equinox.launcher\org.eclipse.equinox.launcher.win32.win32.x86_64_1.2.700.v20221108-1024\eclipse_11801.dll

Deoptimization events (20 events):
Event: 2.242 Thread 0x000001bc89143320 Uncommon trap: trap_request=0xffffffc6 fr.pc=0x000001bcf85d488c relative=0x000000000000046c
Event: 2.242 Thread 0x000001bc89143320 Uncommon trap: reason=bimorphic_or_optimized_type_check action=maybe_recompile pc=0x000001bcf85d488c method=java.io.DataInputStream.readByte()B @ 4 c2
Event: 2.242 Thread 0x000001bc89143320 DEOPT PACKING pc=0x000001bcf85d488c sp=0x0000008dd0dfbaf0
Event: 2.242 Thread 0x000001bc89143320 DEOPT UNPACKING pc=0x000001bcf7fd66a3 sp=0x0000008dd0dfbaa8 mode 2
Event: 2.242 Thread 0x000001bc89143320 Uncommon trap: trap_request=0xffffffc6 fr.pc=0x000001bcf85d488c relative=0x000000000000046c
Event: 2.242 Thread 0x000001bc89143320 Uncommon trap: reason=bimorphic_or_optimized_type_check action=maybe_recompile pc=0x000001bcf85d488c method=java.io.DataInputStream.readByte()B @ 4 c2
Event: 2.242 Thread 0x000001bc89143320 DEOPT PACKING pc=0x000001bcf85d488c sp=0x0000008dd0dfbaf0
Event: 2.242 Thread 0x000001bc89143320 DEOPT UNPACKING pc=0x000001bcf7fd66a3 sp=0x0000008dd0dfbaa8 mode 2
Event: 2.242 Thread 0x000001bc89143320 Uncommon trap: trap_request=0xffffffde fr.pc=0x000001bcf858dc50 relative=0x00000000000011f0
Event: 2.242 Thread 0x000001bc89143320 Uncommon trap: reason=class_check action=maybe_recompile pc=0x000001bcf858dc50 method=java.io.DataInputStream.readFully([BII)V @ 30 c2
Event: 2.242 Thread 0x000001bc89143320 DEOPT PACKING pc=0x000001bcf858dc50 sp=0x0000008dd0dfb9b0
Event: 2.242 Thread 0x000001bc89143320 DEOPT UNPACKING pc=0x000001bcf7fd66a3 sp=0x0000008dd0dfb8f8 mode 2
Event: 2.242 Thread 0x000001bc89143320 Uncommon trap: trap_request=0xffffffde fr.pc=0x000001bcf858dc50 relative=0x00000000000011f0
Event: 2.242 Thread 0x000001bc89143320 Uncommon trap: reason=class_check action=maybe_recompile pc=0x000001bcf858dc50 method=java.io.DataInputStream.readFully([BII)V @ 30 c2
Event: 2.242 Thread 0x000001bc89143320 DEOPT PACKING pc=0x000001bcf858dc50 sp=0x0000008dd0dfb9b0
Event: 2.242 Thread 0x000001bc89143320 DEOPT UNPACKING pc=0x000001bcf7fd66a3 sp=0x0000008dd0dfb8f8 mode 2
Event: 2.328 Thread 0x000001bc89143320 Uncommon trap: trap_request=0xffffff45 fr.pc=0x000001bcf85ba4a8 relative=0x0000000000000d28
Event: 2.328 Thread 0x000001bc89143320 Uncommon trap: reason=unstable_if action=reinterpret pc=0x000001bcf85ba4a8 method=java.io.WinNTFileSystem.normalize(Ljava/lang/String;II)Ljava/lang/String; @ 100 c2
Event: 2.328 Thread 0x000001bc89143320 DEOPT PACKING pc=0x000001bcf85ba4a8 sp=0x0000008dd0dfcdb0
Event: 2.328 Thread 0x000001bc89143320 DEOPT UNPACKING pc=0x000001bcf7fd66a3 sp=0x0000008dd0dfcd78 mode 2

Classes unloaded (0 events):
No events

Classes redefined (0 events):
No events

Internal exceptions (20 events):
Event: 0.880 Thread 0x000001bceddda5b0 Implicit null exception at 0x000001bcf856d26c to 0x000001bcf856d444
Event: 0.881 Thread 0x000001bceddda5b0 Implicit null exception at 0x000001bcf856f96c to 0x000001bcf856fb48
Event: 0.881 Thread 0x000001bceddda5b0 Implicit null exception at 0x000001bcf856370f to 0x000001bcf8563785
Event: 0.935 Thread 0x000001bceddda5b0 Exception <a 'java/lang/NoSuchMethodError'{0x00000000ec3a26d0}: 'int java.lang.invoke.DirectMethodHandle$Holder.invokeStaticInit(java.lang.Object, java.lang.Object, java.lang.Object, java.lang.Object)'> (0x00000000ec3a26d0) 
thrown [s\src\hotspot\share\interpreter\linkResolver.cpp, line 759]
Event: 0.937 Thread 0x000001bceddda5b0 Exception <a 'java/lang/NoSuchMethodError'{0x00000000ec3acd40}: 'java.lang.Object java.lang.invoke.DirectMethodHandle$Holder.invokeInterface(java.lang.Object, java.lang.Object)'> (0x00000000ec3acd40) 
thrown [s\src\hotspot\share\interpreter\linkResolver.cpp, line 759]
Event: 0.937 Thread 0x000001bceddda5b0 Exception <a 'java/lang/IncompatibleClassChangeError'{0x00000000ec3b0538}: Found class java.lang.Object, but interface was expected> (0x00000000ec3b0538) 
thrown [s\src\hotspot\share\interpreter\linkResolver.cpp, line 826]
Event: 0.939 Thread 0x000001bceddda5b0 Exception <a 'java/lang/NoSuchMethodError'{0x00000000ec3b4a30}: 'void java.lang.invoke.DirectMethodHandle$Holder.invokeStatic(java.lang.Object, java.lang.Object)'> (0x00000000ec3b4a30) 
thrown [s\src\hotspot\share\interpreter\linkResolver.cpp, line 759]
Event: 0.940 Thread 0x000001bceddda5b0 Exception <a 'java/lang/NoSuchMethodError'{0x00000000ec3b8230}: 'void java.lang.invoke.DirectMethodHandle$Holder.invokeStaticInit(java.lang.Object, java.lang.Object)'> (0x00000000ec3b8230) 
thrown [s\src\hotspot\share\interpreter\linkResolver.cpp, line 759]
Event: 0.942 Thread 0x000001bceddda5b0 Exception <a 'java/lang/NoSuchMethodError'{0x00000000ec3bf648}: 'int java.lang.invoke.DirectMethodHandle$Holder.invokeStaticInit(java.lang.Object, java.lang.Object)'> (0x00000000ec3bf648) 
thrown [s\src\hotspot\share\interpreter\linkResolver.cpp, line 759]
Event: 0.998 Thread 0x000001bceddda5b0 Exception <a 'java/lang/NoSuchMethodError'{0x00000000eac48590}: 'void java.lang.invoke.DirectMethodHandle$Holder.invokeSpecial(java.lang.Object, java.lang.Object, java.lang.Object)'> (0x00000000eac48590) 
thrown [s\src\hotspot\share\interpreter\linkResolver.cpp, line 759]
Event: 1.413 Thread 0x000001bceddda5b0 Exception <a 'java/lang/NoSuchMethodError'{0x00000000eb98d810}: 'java.lang.Object java.lang.invoke.DirectMethodHandle$Holder.newInvokeSpecial(java.lang.Object, int, java.lang.Object)'> (0x00000000eb98d810) 
thrown [s\src\hotspot\share\interpreter\linkResolver.cpp, line 759]
Event: 1.648 Thread 0x000001bceddda5b0 Exception <a 'java/lang/UnsatisfiedLinkError'{0x00000000ebf27f58}: 'void org.eclipse.equinox.launcher.JNIBridge._update_splash()'> (0x00000000ebf27f58) 
thrown [s\src\hotspot\share\prims\nativeLookup.cpp, line 543]
Event: 1.725 Thread 0x000001bc89143320 Exception <a 'java/lang/NoSuchMethodError'{0x00000000ec281598}: 'java.lang.Object java.lang.invoke.DirectMethodHandle$Holder.invokeStaticInit(java.lang.Object)'> (0x00000000ec281598) 
thrown [s\src\hotspot\share\interpreter\linkResolver.cpp, line 759]
Event: 1.746 Thread 0x000001bc89143320 Exception <a 'java/lang/NoSuchMethodError'{0x00000000ec3479d8}: 'java.lang.Object java.lang.invoke.DirectMethodHandle$Holder.newInvokeSpecial(java.lang.Object, java.lang.Object, int, java.lang.Object)'> (0x00000000ec3479d8) 
thrown [s\src\hotspot\share\interpreter\linkResolver.cpp, line 759]
Event: 1.746 Thread 0x000001bc89143320 Exception <a 'java/lang/NoSuchMethodError'{0x00000000ec34bcc0}: 'java.lang.Object java.lang.invoke.DirectMethodHandle$Holder.invokeSpecial(java.lang.Object, java.lang.Object, java.lang.Object, int, java.lang.Object)'> (0x00000000ec34bcc0) 
thrown [s\src\hotspot\share\interpreter\linkResolver.cpp, line 759]
Event: 1.798 Thread 0x000001bc89143320 Exception <a 'java/lang/ClassNotFoundException'{0x00000000ead18248}: sun/util/logging/resources/spi/loggingProvider> (0x00000000ead18248) 
thrown [s\src\hotspot\share\classfile\systemDictionary.cpp, line 256]
Event: 2.233 Thread 0x000001bc89143320 Exception <a 'java/io/FileNotFoundException'{0x00000000eb3f1588}> (0x00000000eb3f1588) 
thrown [s\src\hotspot\share\prims\jni.cpp, line 516]
Event: 2.248 Thread 0x000001bc89143320 Exception <a 'java/lang/NullPointerException'{0x00000000eb478af0}> (0x00000000eb478af0) 
thrown [s\src\hotspot\share\interpreter\linkResolver.cpp, line 1350]
Event: 2.248 Thread 0x000001bc89143320 Exception <a 'java/lang/NullPointerException'{0x00000000eb479318}> (0x00000000eb479318) 
thrown [s\src\hotspot\share\interpreter\linkResolver.cpp, line 1350]
Event: 2.315 Thread 0x000001bc89143320 Exception <a 'java/lang/NoSuchMethodError'{0x00000000eb785670}: 'java.lang.Object java.lang.invoke.Invokers$Holder.invokeExact_MT(java.lang.Object, java.lang.Object, java.lang.Object, java.lang.Object, java.lang.Object, java.lang.Object)'> (0x00000000eb785670) 
thrown [s\src\hotspot\share\interpreter\linkResolver.cpp, line 759]

VM Operations (20 events):
Event: 1.381 Executing VM operation: HandshakeAllThreads
Event: 1.382 Executing VM operation: HandshakeAllThreads done
Event: 1.404 Executing VM operation: HandshakeAllThreads
Event: 1.404 Executing VM operation: HandshakeAllThreads done
Event: 1.709 Executing VM operation: HandshakeAllThreads
Event: 1.710 Executing VM operation: HandshakeAllThreads done
Event: 1.765 Executing VM operation: ParallelGCFailedAllocation
Event: 1.770 Executing VM operation: ParallelGCFailedAllocation done
Event: 1.779 Executing VM operation: HandshakeAllThreads
Event: 1.780 Executing VM operation: HandshakeAllThreads done
Event: 1.809 Executing VM operation: HandshakeAllThreads
Event: 1.809 Executing VM operation: HandshakeAllThreads done
Event: 1.822 Executing VM operation: HandshakeAllThreads
Event: 1.822 Executing VM operation: HandshakeAllThreads done
Event: 1.833 Executing VM operation: HandshakeAllThreads
Event: 1.833 Executing VM operation: HandshakeAllThreads done
Event: 2.094 Executing VM operation: HandshakeAllThreads
Event: 2.094 Executing VM operation: HandshakeAllThreads done
Event: 2.129 Executing VM operation: ParallelGCFailedAllocation
Event: 2.136 Executing VM operation: ParallelGCFailedAllocation done

Events (20 events):
Event: 2.202 loading class java/lang/CloneNotSupportedException
Event: 2.203 loading class java/lang/CloneNotSupportedException done
Event: 2.216 loading class java/util/TreeMap$Values
Event: 2.217 loading class java/util/TreeMap$Values done
Event: 2.217 loading class java/util/TreeMap$ValueIterator
Event: 2.217 loading class java/util/TreeMap$ValueIterator done
Event: 2.233 loading class java/util/function/IntFunction
Event: 2.234 loading class java/util/function/IntFunction done
Event: 2.247 loading class java/util/ImmutableCollections$Map1
Event: 2.248 loading class java/util/ImmutableCollections$Map1 done
Event: 2.248 loading class java/util/AbstractMap$1
Event: 2.248 loading class java/util/AbstractMap$1 done
Event: 2.248 loading class java/util/AbstractMap$1$1
Event: 2.248 loading class java/util/AbstractMap$1$1 done
Event: 2.269 loading class java/lang/Process
Event: 2.269 loading class java/lang/Process done
Event: 2.316 loading class java/util/Comparators$NaturalOrderComparator
Event: 2.316 loading class java/util/Comparators$NaturalOrderComparator done
Event: 2.316 loading class java/util/Collections$ReverseComparator2
Event: 2.316 loading class java/util/Collections$ReverseComparator2 done


Dynamic libraries:
0x00007ff7a8d90000 - 0x00007ff7a8d9e000 	c:\Users\USER\.vscode\extensions\redhat.java-1.23.0-win32-x64\jre\17.0.8.1-win32-x86_64\bin\java.exe
0x00007ff9f61b0000 - 0x00007ff9f63c7000 	C:\WINDOWS\SYSTEM32\ntdll.dll
0x00007ff9f4c80000 - 0x00007ff9f4d44000 	C:\WINDOWS\System32\KERNEL32.DLL
0x00007ff9f3800000 - 0x00007ff9f3ba6000 	C:\WINDOWS\System32\KERNELBASE.dll
0x00007ff9f3bb0000 - 0x00007ff9f3cc1000 	C:\WINDOWS\System32\ucrtbase.dll
0x00007ff9c0fa0000 - 0x00007ff9c0fb7000 	c:\Users\USER\.vscode\extensions\redhat.java-1.23.0-win32-x64\jre\17.0.8.1-win32-x86_64\bin\jli.dll
0x00007ff9c10a0000 - 0x00007ff9c10b9000 	c:\Users\USER\.vscode\extensions\redhat.java-1.23.0-win32-x64\jre\17.0.8.1-win32-x86_64\bin\VCRUNTIME140.dll
0x00007ff9f3fc0000 - 0x00007ff9f416e000 	C:\WINDOWS\System32\USER32.dll
0x00007ff9d8940000 - 0x00007ff9d8bd3000 	C:\WINDOWS\WinSxS\amd64_microsoft.windows.common-controls_6595b64144ccf1df_6.0.22621.2361_none_2712ced57382f843\COMCTL32.dll
0x00007ff9f37d0000 - 0x00007ff9f37f6000 	C:\WINDOWS\System32\win32u.dll
0x00007ff9f4400000 - 0x00007ff9f44a7000 	C:\WINDOWS\System32\msvcrt.dll
0x00007ff9f52f0000 - 0x00007ff9f5319000 	C:\WINDOWS\System32\GDI32.dll
0x00007ff9f3d70000 - 0x00007ff9f3e88000 	C:\WINDOWS\System32\gdi32full.dll
0x00007ff9f3cd0000 - 0x00007ff9f3d6a000 	C:\WINDOWS\System32\msvcp_win.dll
0x00007ff9f3f10000 - 0x00007ff9f3f41000 	C:\WINDOWS\System32\IMM32.DLL
0x00007ff9eb0d0000 - 0x00007ff9eb0dc000 	c:\Users\USER\.vscode\extensions\redhat.java-1.23.0-win32-x64\jre\17.0.8.1-win32-x86_64\bin\vcruntime140_1.dll
0x00007ff984f70000 - 0x00007ff985001000 	c:\Users\USER\.vscode\extensions\redhat.java-1.23.0-win32-x64\jre\17.0.8.1-win32-x86_64\bin\msvcp140.dll
0x00007ff9248a0000 - 0x00007ff9254ec000 	c:\Users\USER\.vscode\extensions\redhat.java-1.23.0-win32-x64\jre\17.0.8.1-win32-x86_64\bin\server\jvm.dll
0x00007ff9f4a10000 - 0x00007ff9f4ac0000 	C:\WINDOWS\System32\ADVAPI32.dll
0x00007ff9f53d0000 - 0x00007ff9f5476000 	C:\WINDOWS\System32\sechost.dll
0x00007ff9f4fd0000 - 0x00007ff9f50e7000 	C:\WINDOWS\System32\RPCRT4.dll
0x00007ff9f3250000 - 0x00007ff9f329d000 	C:\WINDOWS\SYSTEM32\POWRPROF.dll
0x00007ff9eaeb0000 - 0x00007ff9eaee4000 	C:\WINDOWS\SYSTEM32\WINMM.dll
0x00007ff9db2b0000 - 0x00007ff9db2b9000 	C:\WINDOWS\SYSTEM32\WSOCK32.dll
0x00007ff9ec780000 - 0x00007ff9ec78a000 	C:\WINDOWS\SYSTEM32\VERSION.dll
0x00007ff9f4190000 - 0x00007ff9f4201000 	C:\WINDOWS\System32\WS2_32.dll
0x00007ff9f3230000 - 0x00007ff9f3243000 	C:\WINDOWS\SYSTEM32\UMPDC.dll
0x00007ff9f24f0000 - 0x00007ff9f2508000 	C:\WINDOWS\SYSTEM32\kernel.appcore.dll
0x00007ff9eafd0000 - 0x00007ff9eafda000 	c:\Users\USER\.vscode\extensions\redhat.java-1.23.0-win32-x64\jre\17.0.8.1-win32-x86_64\bin\jimage.dll
0x00007ff9e95c0000 - 0x00007ff9e97ee000 	C:\WINDOWS\SYSTEM32\DBGHELP.DLL
0x00007ff9f4680000 - 0x00007ff9f4a0a000 	C:\WINDOWS\System32\combase.dll
0x00007ff9f4320000 - 0x00007ff9f43f7000 	C:\WINDOWS\System32\OLEAUT32.dll
0x00007ff9db530000 - 0x00007ff9db562000 	C:\WINDOWS\SYSTEM32\dbgcore.DLL
0x00007ff9f3e90000 - 0x00007ff9f3f0a000 	C:\WINDOWS\System32\bcryptPrimitives.dll
0x00007ff9eaf10000 - 0x00007ff9eaf1e000 	c:\Users\USER\.vscode\extensions\redhat.java-1.23.0-win32-x64\jre\17.0.8.1-win32-x86_64\bin\instrument.dll
0x00007ff9a7070000 - 0x00007ff9a7095000 	c:\Users\USER\.vscode\extensions\redhat.java-1.23.0-win32-x64\jre\17.0.8.1-win32-x86_64\bin\java.dll
0x00007ff9a46f0000 - 0x00007ff9a4708000 	c:\Users\USER\.vscode\extensions\redhat.java-1.23.0-win32-x64\jre\17.0.8.1-win32-x86_64\bin\zip.dll
0x00007ff9f5490000 - 0x00007ff9f5ce8000 	C:\WINDOWS\System32\SHELL32.dll
0x00007ff9f1440000 - 0x00007ff9f1d32000 	C:\WINDOWS\SYSTEM32\windows.storage.dll
0x00007ff9f1300000 - 0x00007ff9f143e000 	C:\WINDOWS\SYSTEM32\wintypes.dll
0x00007ff9f5180000 - 0x00007ff9f5273000 	C:\WINDOWS\System32\SHCORE.dll
0x00007ff9f5280000 - 0x00007ff9f52de000 	C:\WINDOWS\System32\shlwapi.dll
0x00007ff9f3460000 - 0x00007ff9f3486000 	C:\WINDOWS\SYSTEM32\profapi.dll
0x00007ff9a46d0000 - 0x00007ff9a46e9000 	C:\Users\USER\.vscode\extensions\redhat.java-1.23.0-win32-x64\jre\17.0.8.1-win32-x86_64\bin\net.dll
0x00007ff9eb2f0000 - 0x00007ff9eb427000 	C:\WINDOWS\SYSTEM32\WINHTTP.dll
0x00007ff9f29f0000 - 0x00007ff9f2a59000 	C:\WINDOWS\system32\mswsock.dll
0x00007ff9a4680000 - 0x00007ff9a4695000 	C:\Users\USER\.vscode\extensions\redhat.java-1.23.0-win32-x64\jre\17.0.8.1-win32-x86_64\bin\nio.dll
0x00007ff9dd4d0000 - 0x00007ff9dd4e0000 	c:\Users\USER\.vscode\extensions\redhat.java-1.23.0-win32-x64\jre\17.0.8.1-win32-x86_64\bin\verify.dll
0x00007ff9a4410000 - 0x00007ff9a444e000 	C:\Users\USER\AppData\Roaming\Code\User\globalStorage\redhat.java\1.23.0\config_win\org.eclipse.equinox.launcher\org.eclipse.equinox.launcher.win32.win32.x86_64_1.2.700.v20221108-1024\eclipse_11801.dll
0x00007ff9f4ac0000 - 0x00007ff9f4c5f000 	C:\WINDOWS\System32\ole32.dll

dbghelp: loaded successfully - version: 4.0.5 - missing functions: none
symbol engine: initialized successfully - sym options: 0x614 - pdb path: .;c:\Users\USER\.vscode\extensions\redhat.java-1.23.0-win32-x64\jre\17.0.8.1-win32-x86_64\bin;C:\WINDOWS\SYSTEM32;C:\WINDOWS\WinSxS\amd64_microsoft.windows.common-controls_6595b64144ccf1df_6.0.22621.2361_none_2712ced57382f843;c:\Users\USER\.vscode\extensions\redhat.java-1.23.0-win32-x64\jre\17.0.8.1-win32-x86_64\bin\server;C:\Users\USER\AppData\Roaming\Code\User\globalStorage\redhat.java\1.23.0\config_win\org.eclipse.equinox.launcher\org.eclipse.equinox.launcher.win32.win32.x86_64_1.2.700.v20221108-1024

VM Arguments:
jvm_args: --add-modules=ALL-SYSTEM --add-opens=java.base/java.util=ALL-UNNAMED --add-opens=java.base/java.lang=ALL-UNNAMED --add-opens=java.base/sun.nio.fs=ALL-UNNAMED -Declipse.application=org.eclipse.jdt.ls.core.id1 -Dosgi.bundles.defaultStartLevel=4 -Declipse.product=org.eclipse.jdt.ls.core.product -Djava.import.generatesMetadataFilesAtProjectRoot=false -DDetectVMInstallationsJob.disabled=true -Dfile.encoding=utf8 -XX:+UseParallelGC -XX:GCTimeRatio=4 -XX:AdaptiveSizePolicyWeight=90 -Dsun.zip.disableMemoryMapping=true -Xmx1G -Xms100m -Xlog:disable -javaagent:c:\Users\USER\.vscode\extensions\redhat.java-1.23.0-win32-x64\lombok\lombok-1.18.30.jar -XX:+HeapDumpOnOutOfMemoryError -XX:HeapDumpPath=c:\Users\USER\AppData\Roaming\Code\User\workspaceStorage\82777f68574ca889bb410f351bd7249c\redhat.java -Daether.dependencyCollector.impl=bf 
java_command: c:\Users\USER\.vscode\extensions\redhat.java-1.23.0-win32-x64\server\plugins\org.eclipse.equinox.launcher_1.6.500.v20230717-2134.jar -configuration c:\Users\USER\AppData\Roaming\Code\User\globalStorage\redhat.java\1.23.0\config_win -data c:\Users\USER\AppData\Roaming\Code\User\workspaceStorage\82777f68574ca889bb410f351bd7249c\redhat.java\jdt_ws
java_class_path (initial): c:\Users\USER\.vscode\extensions\redhat.java-1.23.0-win32-x64\server\plugins\org.eclipse.equinox.launcher_1.6.500.v20230717-2134.jar
Launcher Type: SUN_STANDARD

[Global flags]
    uintx AdaptiveSizePolicyWeight                 = 90                                        {product} {command line}
     intx CICompilerCount                          = 4                                         {product} {ergonomic}
    uintx GCTimeRatio                              = 4                                         {product} {command line}
     bool HeapDumpOnOutOfMemoryError               = true                                   {manageable} {command line}
    ccstr HeapDumpPath                             = c:\Users\USER\AppData\Roaming\Code\User\workspaceStorage\82777f68574ca889bb410f351bd7249c\redhat.java         {manageable} {command line}
   size_t InitialHeapSize                          = 104857600                                 {product} {command line}
   size_t MaxHeapSize                              = 1073741824                                {product} {command line}
   size_t MaxNewSize                               = 357564416                                 {product} {ergonomic}
   size_t MinHeapDeltaBytes                        = 524288                                    {product} {ergonomic}
   size_t MinHeapSize                              = 104857600                                 {product} {command line}
   size_t NewSize                                  = 34603008                                  {product} {ergonomic}
    uintx NonNMethodCodeHeapSize                   = 5839372                                {pd product} {ergonomic}
    uintx NonProfiledCodeHeapSize                  = 122909434                              {pd product} {ergonomic}
   size_t OldSize                                  = 70254592                                  {product} {ergonomic}
    uintx ProfiledCodeHeapSize                     = 122909434                              {pd product} {ergonomic}
    uintx ReservedCodeCacheSize                    = 251658240                              {pd product} {ergonomic}
     bool SegmentedCodeCache                       = true                                      {product} {ergonomic}
   size_t SoftMaxHeapSize                          = 1073741824                             {manageable} {ergonomic}
     bool UseCompressedClassPointers               = true                           {product lp64_product} {ergonomic}
     bool UseCompressedOops                        = true                           {product lp64_product} {ergonomic}
     bool UseLargePagesIndividualAllocation        = false                                  {pd product} {ergonomic}
     bool UseParallelGC                            = true                                      {product} {command line}

Logging:
Log output configuration:
 #0: stdout all=off uptime,level,tags
 #1: stderr all=off uptime,level,tags

Environment Variables:
JAVA_HOME=C:\Program Files\Java\jdk-17
PATH=C:\Program Files\Java\jdk-17\bin;C:\Program Files\Common Files\Oracle\Java\javapath;C:\WINDOWS\system32;C:\WINDOWS;C:\WINDOWS\System32\Wbem;C:\WINDOWS\System32\WindowsPowerShell\v1.0\;C:\WINDOWS\System32\OpenSSH\;C:\xampp\php;C:\ProgramData\ComposerSetup\bin;C:\Program Files\Go\bin;C:\Users\USER\AppData\Roaming\nvm;C:\Program Files\nodejs;C:\Program Files\nodejs\;C:\Users\USER\AppData\Local\Android\Sdk\platforms;C:\Users\USER\AppData\Local\Android\Sdk\platform-tools;C:\ProgramData\chocolatey\bin;C:\Program Files\Git\cmd;C:\Users\USER\AppData\Local\Microsoft\WindowsApps;C:\Users\USER\AppData\Local\Programs\Microsoft VS Code\bin;C:\Users\USER\AppData\Roaming\Composer\vendor\bin;C:\Users\USER\go\bin;C:\Users\USER\AppData\Roaming\npm;C:\tools\dart-sdk\bin;C:\Users\USER\AppData\Roaming\Pub\Cache\bin;C:\tools\dart-sdk;D:\dev\flutter\bin
USERNAME=USER
OS=Windows_NT
PROCESSOR_IDENTIFIER=AMD64 Family 23 Model 104 Stepping 1, AuthenticAMD
TMP=C:\Users\USER\AppData\Local\Temp
TEMP=C:\Users\USER\AppData\Local\Temp



---------------  S Y S T E M  ---------------

OS:
 Windows 11 , 64 bit Build 22621 (10.0.22621.2361)
OS uptime: 0 days 2:22 hours
Hyper-V role detected

CPU: total 12 (initial active 12) (12 cores per cpu, 2 threads per core) family 23 model 104 stepping 1 microcode 0x0, cx8, cmov, fxsr, ht, mmx, 3dnowpref, sse, sse2, sse3, ssse3, sse4a, sse4.1, sse4.2, popcnt, lzcnt, tsc, tscinvbit, avx, avx2, aes, clmul, bmi1, bmi2, adx, sha, fma, vzeroupper, clflush, clflushopt, hv
Processor Information for all 12 processors :
  Max Mhz: 2100, Current Mhz: 2100, Mhz Limit: 2100

Memory: 4k page, system-wide physical 23914M (5467M free)
TotalPageFile size 23914M (AvailPageFile size 5M)
current process WorkingSet (physical memory assigned to process): 113M, peak: 113M
current process commit charge ("private bytes"): 229M, peak: 229M

vm_info: OpenJDK 64-Bit Server VM (17.0.8.1+1) for windows-amd64 JRE (17.0.8.1+1), built on Aug 23 2023 15:29:17 by "admin" with MS VC++ 16.7 (VS2019)

END.
