#
# There is insufficient memory for the Java Runtime Environment to continue.
# Native memory allocation (mmap) failed to map 394264576 bytes for G1 virtual space
# Possible reasons:
#   The system is out of physical RAM or swap space
#   The process is running with CompressedOops enabled, and the Java Heap may be blocking the growth of the native heap
# Possible solutions:
#   Reduce memory load on the system
#   Increase physical memory or swap space
#   Check if swap backing store is full
#   Decrease Java heap size (-Xmx/-Xms)
#   Decrease number of Java threads
#   Decrease Java thread stack sizes (-Xss)
#   Set larger code cache with -XX:ReservedCodeCacheSize=
#   JVM is running with Zero Based Compressed Oops mode in which the Java heap is
#     placed in the first 32GB address space. The Java Heap base address is the
#     maximum limit for the native heap growth. Please use -XX:HeapBaseMinAddress
#     to set the Java Heap base and to place the Java Heap above 32GB virtual address.
# This output file may be truncated or incomplete.
#
#  Out of Memory Error (os_windows.cpp:3550), pid=2692, tid=24928
#
# JRE version:  (17.0.8+9) (build )
# Java VM: Java HotSpot(TM) 64-Bit Server VM (17.0.8+9-LTS-211, mixed mode, sharing, tiered, compressed oops, compressed class ptrs, g1 gc, windows-amd64)
# No core dump will be written. Minidumps are not enabled by default on client versions of Windows
#

---------------  S U M M A R Y ------------

Command Line: -Dfile.encoding=utf8 c:\Users\USER\.vscode\extensions\vscjava.vscode-gradle-3.12.7\lib\gradle-language-server.jar

Host: AMD Ryzen 5 5500U with Radeon Graphics         , 12 cores, 23G,  Windows 11 , 64 bit Build 22621 (10.0.22621.2361)
Time: Mon Oct  9 20:27:51 2023 SE Asia Standard Time elapsed time: 0.027837 seconds (0d 0h 0m 0s)

---------------  T H R E A D  ---------------

Current thread (0x000001c588bda720):  JavaThread "Unknown thread" [_thread_in_vm, id=24928, stack(0x000000a2ed000000,0x000000a2ed100000)]

Stack: [0x000000a2ed000000,0x000000a2ed100000]
Native frames: (J=compiled Java code, j=interpreted, Vv=VM code, C=native code)
V  [jvm.dll+0x677d0a]
V  [jvm.dll+0x7d8c54]
V  [jvm.dll+0x7da3fe]
V  [jvm.dll+0x7daa63]
V  [jvm.dll+0x245c5f]
V  [jvm.dll+0x674bb9]
V  [jvm.dll+0x6694f2]
V  [jvm.dll+0x3031d6]
V  [jvm.dll+0x30a756]
V  [jvm.dll+0x359f9e]
V  [jvm.dll+0x35a1cf]
V  [jvm.dll+0x2da3e8]
V  [jvm.dll+0x2db354]
V  [jvm.dll+0x7aa711]
V  [jvm.dll+0x367b51]
V  [jvm.dll+0x789979]
V  [jvm.dll+0x3eb05f]
V  [jvm.dll+0x3ecae1]
C  [jli.dll+0x5297]
C  [ucrtbase.dll+0x29363]
C  [KERNEL32.DLL+0x1257d]
C  [ntdll.dll+0x5aa78]


---------------  P R O C E S S  ---------------

Threads class SMR info:
_java_thread_list=0x00007ff985dc59d8, length=0, elements={
}

Java Threads: ( => current thread )

Other Threads:
  0x000001c588d22920 GCTaskThread "GC Thread#0" [stack: 0x000000a2ed100000,0x000000a2ed200000] [id=24224]
  0x000001c588d2f940 ConcurrentGCThread "G1 Main Marker" [stack: 0x000000a2ed200000,0x000000a2ed300000] [id=10944]
  0x000001c588d31360 ConcurrentGCThread "G1 Conc#0" [stack: 0x000000a2ed300000,0x000000a2ed400000] [id=1656]

[error occurred during error reporting (printing all threads), id 0xc0000005, EXCEPTION_ACCESS_VIOLATION (0xc0000005) at pc=0x00007ff9855fb047]

VM state: not at safepoint (not fully initialized)

VM Mutex/Monitor currently owned by a thread:  ([mutex/lock_event])
[0x000001c588c9e770] Heap_lock - owner thread: 0x000001c588bda720

Heap address: 0x000000068a400000, size: 5980 MB, Compressed Oops mode: Zero based, Oop shift amount: 3

CDS archive(s) mapped at: [0x0000000000000000-0x0000000000000000-0x0000000000000000), size 0, SharedBaseAddress: 0x0000000800000000, ArchiveRelocationMode: 1.
Narrow klass base: 0x0000000000000000, Narrow klass shift: 0, Narrow klass range: 0x0

GC Precious Log:
<Empty>

Heap:
 garbage-first heap   total 0K, used 0K [0x000000068a400000, 0x0000000800000000)
  region size 4096K, 0 young (0K), 0 survivors (0K)

[error occurred during error reporting (printing heap information), id 0xc0000005, EXCEPTION_ACCESS_VIOLATION (0xc0000005) at pc=0x00007ff9859e1499]

GC Heap History (0 events):
No events

Deoptimization events (0 events):
No events

Classes unloaded (0 events):
No events

Classes redefined (0 events):
No events

Internal exceptions (0 events):
No events

VM Operations (0 events):
No events

Events (1 events):
Event: 0.018 Loaded shared library C:\Program Files\Java\jdk-17\bin\java.dll


Dynamic libraries:
0x00007ff6ce1c0000 - 0x00007ff6ce1d0000 	C:\Program Files\Java\jdk-17\bin\java.exe
0x00007ff9f61b0000 - 0x00007ff9f63c7000 	C:\WINDOWS\SYSTEM32\ntdll.dll
0x00007ff9f4c80000 - 0x00007ff9f4d44000 	C:\WINDOWS\System32\KERNEL32.DLL
0x00007ff9f3800000 - 0x00007ff9f3ba6000 	C:\WINDOWS\System32\KERNELBASE.dll
0x00007ff9f3bb0000 - 0x00007ff9f3cc1000 	C:\WINDOWS\System32\ucrtbase.dll
0x00007ff9eaf90000 - 0x00007ff9eafa9000 	C:\Program Files\Java\jdk-17\bin\jli.dll
0x00007ff9f4a10000 - 0x00007ff9f4ac0000 	C:\WINDOWS\System32\ADVAPI32.dll
0x00007ff9f4400000 - 0x00007ff9f44a7000 	C:\WINDOWS\System32\msvcrt.dll
0x00007ff9f53d0000 - 0x00007ff9f5476000 	C:\WINDOWS\System32\sechost.dll
0x00007ff9f4fd0000 - 0x00007ff9f50e7000 	C:\WINDOWS\System32\RPCRT4.dll
0x00007ff9eafb0000 - 0x00007ff9eafcb000 	C:\Program Files\Java\jdk-17\bin\VCRUNTIME140.dll
0x00007ff9f3fc0000 - 0x00007ff9f416e000 	C:\WINDOWS\System32\USER32.dll
0x00007ff9f37d0000 - 0x00007ff9f37f6000 	C:\WINDOWS\System32\win32u.dll
0x00007ff9f52f0000 - 0x00007ff9f5319000 	C:\WINDOWS\System32\GDI32.dll
0x00007ff9f3d70000 - 0x00007ff9f3e88000 	C:\WINDOWS\System32\gdi32full.dll
0x00007ff9f3cd0000 - 0x00007ff9f3d6a000 	C:\WINDOWS\System32\msvcp_win.dll
0x00007ff9d8940000 - 0x00007ff9d8bd3000 	C:\WINDOWS\WinSxS\amd64_microsoft.windows.common-controls_6595b64144ccf1df_6.0.22621.2361_none_2712ced57382f843\COMCTL32.dll
0x00007ff9ec780000 - 0x00007ff9ec78a000 	C:\WINDOWS\SYSTEM32\VERSION.dll
0x00007ff9f3f10000 - 0x00007ff9f3f41000 	C:\WINDOWS\System32\IMM32.DLL
0x00007ff9ed6b0000 - 0x00007ff9ed6bc000 	C:\Program Files\Java\jdk-17\bin\vcruntime140_1.dll
0x00007ff986980000 - 0x00007ff986a0e000 	C:\Program Files\Java\jdk-17\bin\msvcp140.dll
0x00007ff985310000 - 0x00007ff985eee000 	C:\Program Files\Java\jdk-17\bin\server\jvm.dll
0x00007ff9db2b0000 - 0x00007ff9db2b9000 	C:\WINDOWS\SYSTEM32\WSOCK32.dll
0x00007ff9f4190000 - 0x00007ff9f4201000 	C:\WINDOWS\System32\WS2_32.dll
0x00007ff9f52e0000 - 0x00007ff9f52e8000 	C:\WINDOWS\System32\PSAPI.DLL
0x00007ff9eaeb0000 - 0x00007ff9eaee4000 	C:\WINDOWS\SYSTEM32\WINMM.dll
0x00007ff9f24f0000 - 0x00007ff9f2508000 	C:\WINDOWS\SYSTEM32\kernel.appcore.dll
0x00007ff9eb0c0000 - 0x00007ff9eb0ca000 	C:\Program Files\Java\jdk-17\bin\jimage.dll
0x00007ff9e95c0000 - 0x00007ff9e97ee000 	C:\WINDOWS\SYSTEM32\DBGHELP.DLL
0x00007ff9f4680000 - 0x00007ff9f4a0a000 	C:\WINDOWS\System32\combase.dll
0x00007ff9f4320000 - 0x00007ff9f43f7000 	C:\WINDOWS\System32\OLEAUT32.dll
0x00007ff9db530000 - 0x00007ff9db562000 	C:\WINDOWS\SYSTEM32\dbgcore.DLL
0x00007ff9f3e90000 - 0x00007ff9f3f0a000 	C:\WINDOWS\System32\bcryptPrimitives.dll
0x00007ff9eaf60000 - 0x00007ff9eaf85000 	C:\Program Files\Java\jdk-17\bin\java.dll

dbghelp: loaded successfully - version: 4.0.5 - missing functions: none
symbol engine: initialized successfully - sym options: 0x614 - pdb path: .;C:\Program Files\Java\jdk-17\bin;C:\WINDOWS\SYSTEM32;C:\WINDOWS\WinSxS\amd64_microsoft.windows.common-controls_6595b64144ccf1df_6.0.22621.2361_none_2712ced57382f843;C:\Program Files\Java\jdk-17\bin\server

VM Arguments:
jvm_args: -Dfile.encoding=utf8 
java_command: c:\Users\USER\.vscode\extensions\vscjava.vscode-gradle-3.12.7\lib\gradle-language-server.jar
java_class_path (initial): c:\Users\USER\.vscode\extensions\vscjava.vscode-gradle-3.12.7\lib\gradle-language-server.jar
Launcher Type: SUN_STANDARD

[Global flags]
     intx CICompilerCount                          = 4                                         {product} {ergonomic}
     uint ConcGCThreads                            = 3                                         {product} {ergonomic}
     uint G1ConcRefinementThreads                  = 10                                        {product} {ergonomic}
   size_t G1HeapRegionSize                         = 4194304                                   {product} {ergonomic}
    uintx GCDrainStackTargetSize                   = 64                                        {product} {ergonomic}
   size_t InitialHeapSize                          = 394264576                                 {product} {ergonomic}
   size_t MarkStackSize                            = 4194304                                   {product} {ergonomic}
   size_t MaxHeapSize                              = 6270484480                                {product} {ergonomic}
   size_t MinHeapDeltaBytes                        = 4194304                                   {product} {ergonomic}
   size_t MinHeapSize                              = 8388608                                   {product} {ergonomic}
    uintx NonNMethodCodeHeapSize                   = 5839372                                {pd product} {ergonomic}
    uintx NonProfiledCodeHeapSize                  = 122909434                              {pd product} {ergonomic}
    uintx ProfiledCodeHeapSize                     = 122909434                              {pd product} {ergonomic}
    uintx ReservedCodeCacheSize                    = 251658240                              {pd product} {ergonomic}
     bool SegmentedCodeCache                       = true                                      {product} {ergonomic}
   size_t SoftMaxHeapSize                          = 6270484480                             {manageable} {ergonomic}
     bool UseCompressedClassPointers               = true                           {product lp64_product} {ergonomic}
     bool UseCompressedOops                        = true                           {product lp64_product} {ergonomic}
     bool UseG1GC                                  = true                                      {product} {ergonomic}
     bool UseLargePagesIndividualAllocation        = false                                  {pd product} {ergonomic}

Logging:
Log output configuration:
 #0: stdout all=warning uptime,level,tags
 #1: stderr all=off uptime,level,tags

Environment Variables:
JAVA_HOME=C:\Program Files\Java\jdk-17
PATH=C:\Program Files\Java\jdk-17\bin;C:\Program Files\Common Files\Oracle\Java\javapath;C:\WINDOWS\system32;C:\WINDOWS;C:\WINDOWS\System32\Wbem;C:\WINDOWS\System32\WindowsPowerShell\v1.0\;C:\WINDOWS\System32\OpenSSH\;C:\xampp\php;C:\ProgramData\ComposerSetup\bin;C:\Program Files\Go\bin;C:\Users\USER\AppData\Roaming\nvm;C:\Program Files\nodejs;C:\Program Files\nodejs\;C:\Users\USER\AppData\Local\Android\Sdk\platforms;C:\Users\USER\AppData\Local\Android\Sdk\platform-tools;C:\ProgramData\chocolatey\bin;C:\Program Files\Git\cmd;C:\Users\USER\AppData\Local\Microsoft\WindowsApps;C:\Users\USER\AppData\Local\Programs\Microsoft VS Code\bin;C:\Users\USER\AppData\Roaming\Composer\vendor\bin;C:\Users\USER\go\bin;C:\Users\USER\AppData\Roaming\npm;C:\tools\dart-sdk\bin;C:\Users\USER\AppData\Roaming\Pub\Cache\bin;C:\tools\dart-sdk;D:\dev\flutter\bin
USERNAME=USER
OS=Windows_NT
PROCESSOR_IDENTIFIER=AMD64 Family 23 Model 104 Stepping 1, AuthenticAMD



---------------  S Y S T E M  ---------------

OS:
 Windows 11 , 64 bit Build 22621 (10.0.22621.2361)
OS uptime: 0 days 2:06 hours
Hyper-V role detected

CPU: total 12 (initial active 12) (12 cores per cpu, 2 threads per core) family 23 model 104 stepping 1 microcode 0x0, cx8, cmov, fxsr, ht, mmx, 3dnowpref, sse, sse2, sse3, ssse3, sse4a, sse4.1, sse4.2, popcnt, lzcnt, tsc, tscinvbit, avx, avx2, aes, clmul, bmi1, bmi2, adx, sha, fma, vzeroupper, clflush, clflushopt, hv

Memory: 4k page, system-wide physical 23914M (4657M free)
TotalPageFile size 23914M (AvailPageFile size 401M)
current process WorkingSet (physical memory assigned to process): 11M, peak: 11M
current process commit charge ("private bytes"): 64M, peak: 440M

vm_info: Java HotSpot(TM) 64-Bit Server VM (17.0.8+9-LTS-211) for windows-amd64 JRE (17.0.8+9-LTS-211), built on Jun 14 2023 10:34:31 by "mach5one" with MS VC++ 17.1 (VS2022)

END.
