#
# There is insufficient memory for the Java Runtime Environment to continue.
# Native memory allocation (mmap) failed to map 65536 bytes for Failed to commit metaspace.
# Possible reasons:
#   The system is out of physical RAM or swap space
#   The process is running with CompressedOops enabled, and the Java Heap may be blocking the growth of the native heap
# Possible solutions:
#   Reduce memory load on the system
#   Increase physical memory or swap space
#   Check if swap backing store is full
#   Decrease Java heap size (-Xmx/-Xms)
#   Decrease number of Java threads
#   Decrease Java thread stack sizes (-Xss)
#   Set larger code cache with -XX:ReservedCodeCacheSize=
#   JVM is running with Unscaled Compressed Oops mode in which the Java heap is
#     placed in the first 4GB address space. The Java Heap base address is the
#     maximum limit for the native heap growth. Please use -XX:HeapBaseMinAddress
#     to set the Java Heap base and to place the Java Heap above 4GB virtual address.
# This output file may be truncated or incomplete.
#
#  Out of Memory Error (virtualSpaceNode.cpp:110), pid=916, tid=24964
#
# JRE version: OpenJDK Runtime Environment Temurin-17.0.8.1+1 (17.0.8.1+1) (build 17.0.8.1+1)
# Java VM: OpenJDK 64-Bit Server VM Temurin-17.0.8.1+1 (17.0.8.1+1, mixed mode, tiered, compressed oops, compressed class ptrs, parallel gc, windows-amd64)
# No core dump will be written. Minidumps are not enabled by default on client versions of Windows
#

---------------  S U M M A R Y ------------

Command Line: --add-modules=ALL-SYSTEM --add-opens=java.base/java.util=ALL-UNNAMED --add-opens=java.base/java.lang=ALL-UNNAMED --add-opens=java.base/sun.nio.fs=ALL-UNNAMED -Declipse.application=org.eclipse.jdt.ls.core.id1 -Dosgi.bundles.defaultStartLevel=4 -Declipse.product=org.eclipse.jdt.ls.core.product -Djava.import.generatesMetadataFilesAtProjectRoot=false -DDetectVMInstallationsJob.disabled=true -Dfile.encoding=utf8 -XX:+UseParallelGC -XX:GCTimeRatio=4 -XX:AdaptiveSizePolicyWeight=90 -Dsun.zip.disableMemoryMapping=true -Xmx1G -Xms100m -Xlog:disable -javaagent:c:\Users\USER\.vscode\extensions\redhat.java-1.24.0-win32-x64\lombok\lombok-1.18.30.jar -XX:+HeapDumpOnOutOfMemoryError -XX:HeapDumpPath=c:\Users\USER\AppData\Roaming\Code\User\workspaceStorage\0371c33b91059773cc7b527ebf86a51d\redhat.java -Daether.dependencyCollector.impl=bf c:\Users\USER\.vscode\extensions\redhat.java-1.24.0-win32-x64\server\plugins\org.eclipse.equinox.launcher_1.6.500.v20230717-2134.jar -configuration c:\Users\USER\AppData\Roaming\Code\User\globalStorage\redhat.java\1.24.0\config_win -data c:\Users\USER\AppData\Roaming\Code\User\workspaceStorage\0371c33b91059773cc7b527ebf86a51d\redhat.java\jdt_ws --stdio

Host: AMD Ryzen 5 5500U with Radeon Graphics         , 12 cores, 23G,  Windows 11 , 64 bit Build 22621 (10.0.22621.2506)
Time: Mon Nov 27 21:08:39 2023 SE Asia Standard Time elapsed time: 1.389424 seconds (0d 0h 0m 1s)

---------------  T H R E A D  ---------------

Current thread (0x000002656794fc80):  JavaThread "main" [_thread_in_vm, id=24964, stack(0x0000006cc1d00000,0x0000006cc1e00000)]

Stack: [0x0000006cc1d00000,0x0000006cc1e00000]
Native frames: (J=compiled Java code, j=interpreted, Vv=VM code, C=native code)
V  [jvm.dll+0x678b0a]
V  [jvm.dll+0x835e84]
V  [jvm.dll+0x83762e]
V  [jvm.dll+0x837c93]
V  [jvm.dll+0x24746f]
V  [jvm.dll+0x831f1b]
V  [jvm.dll+0x61d3c6]
V  [jvm.dll+0x61d42a]
V  [jvm.dll+0x61fc5a]
V  [jvm.dll+0x61dd66]
V  [jvm.dll+0x627c47]
V  [jvm.dll+0x1eb90b]
V  [jvm.dll+0x1ebe45]
V  [jvm.dll+0x1ec87f]
V  [jvm.dll+0x1e1d21]
V  [jvm.dll+0x53fba0]
V  [jvm.dll+0x1f2607]
V  [jvm.dll+0x7b06ab]
V  [jvm.dll+0x7b1a52]
V  [jvm.dll+0x7b21e9]
V  [jvm.dll+0x1ecb34]
V  [jvm.dll+0x1e1d3a]
V  [jvm.dll+0x53fba0]
V  [jvm.dll+0x1f2607]
V  [jvm.dll+0x7b06ab]
V  [jvm.dll+0x7b1a52]
V  [jvm.dll+0x7b1d88]
V  [jvm.dll+0x23f76e]
V  [jvm.dll+0x23f9bf]
V  [jvm.dll+0x55d3f8]
V  [jvm.dll+0x5602a7]
V  [jvm.dll+0x385914]
V  [jvm.dll+0x384f7f]
C  0x0000026571b09ca3

Java frames: (J=compiled Java code, j=interpreted, Vv=VM code)
j  jdk.internal.logger.BootstrapLogger$RedirectedLoggers.apply(Ljdk/internal/logger/LazyLoggers$LazyLoggerAccessor;)Ljdk/internal/logger/SurrogateLogger;+21 java.base@17.0.8.1
j  jdk.internal.logger.BootstrapLogger$RedirectedLoggers.apply(Ljava/lang/Object;)Ljava/lang/Object;+5 java.base@17.0.8.1
J 690 c1 java.util.HashMap.computeIfAbsent(Ljava/lang/Object;Ljava/util/function/Function;)Ljava/lang/Object; java.base@17.0.8.1 (330 bytes) @ 0x000002656a6c10b4 [0x000002656a6c0600+0x0000000000000ab4]
j  jdk.internal.logger.BootstrapLogger$RedirectedLoggers.get(Ljdk/internal/logger/LazyLoggers$LazyLoggerAccessor;)Ljdk/internal/logger/SurrogateLogger;+23 java.base@17.0.8.1
j  jdk.internal.logger.BootstrapLogger.createSurrogateLogger(Ljdk/internal/logger/LazyLoggers$LazyLoggerAccessor;)Ljava/lang/System$Logger;+4 java.base@17.0.8.1
j  jdk.internal.logger.BootstrapLogger.getLogger(Ljdk/internal/logger/LazyLoggers$LazyLoggerAccessor;)Ljava/lang/System$Logger;+33 java.base@17.0.8.1
j  jdk.internal.logger.LazyLoggers$LazyLoggerAccessor.wrapped()Ljava/lang/System$Logger;+12 java.base@17.0.8.1
j  jdk.internal.logger.LazyLoggers$LazyLoggerWrapper.wrapped()Ljava/lang/System$Logger;+4 java.base@17.0.8.1
j  jdk.internal.logger.AbstractLoggerWrapper.isLoggable(Ljava/lang/System$Logger$Level;)Z+1 java.base@17.0.8.1
j  jdk.internal.event.EventHelper.isLoggingSecurity()Z+36 java.base@17.0.8.1
j  sun.security.jca.JCAUtil.tryCommitCertEvent(Ljava/security/cert/Certificate;)V+6 java.base@17.0.8.1
j  java.security.cert.CertificateFactory.generateCertificate(Ljava/io/InputStream;)Ljava/security/cert/Certificate;+10 java.base@17.0.8.1
j  sun.security.pkcs.PKCS7.parseSignedData(Lsun/security/util/DerValue;)V+264 java.base@17.0.8.1
j  sun.security.pkcs.PKCS7.parse(Lsun/security/util/DerInputStream;Z)V+40 java.base@17.0.8.1
j  sun.security.pkcs.PKCS7.parse(Lsun/security/util/DerInputStream;)V+11 java.base@17.0.8.1
j  sun.security.pkcs.PKCS7.<init>([B)V+50 java.base@17.0.8.1
j  sun.security.util.SignatureFileVerifier.<init>(Ljava/util/ArrayList;Lsun/security/util/ManifestDigester;Ljava/lang/String;[B)V+40 java.base@17.0.8.1
j  java.util.jar.JarVerifier.processEntry(Lsun/security/util/ManifestEntryVerifier;)V+322 java.base@17.0.8.1
j  java.util.jar.JarVerifier.update(I[BIILsun/security/util/ManifestEntryVerifier;)V+39 java.base@17.0.8.1
j  java.util.jar.JarFile.initializeVerifier()V+163 java.base@17.0.8.1
j  java.util.jar.JarFile.getInputStream(Ljava/util/zip/ZipEntry;)Ljava/io/InputStream;+25 java.base@17.0.8.1
j  sun.net.www.protocol.jar.JarURLConnection.getInputStream()Ljava/io/InputStream;+88 java.base@17.0.8.1
j  java.net.URLClassLoader.getResourceAsStream(Ljava/lang/String;)Ljava/io/InputStream;+23 java.base@17.0.8.1
j  java.lang.Class.getResourceAsStream(Ljava/lang/String;)Ljava/io/InputStream;+123 java.base@17.0.8.1
j  org.eclipse.osgi.internal.framework.AliasMapper.getTables(Ljava/lang/String;Ljava/util/Map;Ljava/util/Map;)V+3
j  org.eclipse.osgi.internal.framework.AliasMapper.<clinit>()V+48
v  ~StubRoutines::call_stub
j  org.eclipse.osgi.internal.framework.EquinoxConfiguration.<init>(Ljava/util/Map;Lorg/eclipse/osgi/internal/hookregistry/HookRegistry;)V+5
j  org.eclipse.osgi.internal.framework.EquinoxContainer.<init>(Ljava/util/Map;Lorg/osgi/framework/connect/ModuleConnector;)V+81
j  org.eclipse.osgi.launch.Equinox.<init>(Ljava/util/Map;Lorg/osgi/framework/connect/ModuleConnector;)V+10
j  org.eclipse.osgi.launch.Equinox.<init>(Ljava/util/Map;)V+3
j  org.eclipse.core.runtime.adaptor.EclipseStarter.startup([Ljava/lang/String;Ljava/lang/Runnable;)Lorg/osgi/framework/BundleContext;+28
j  org.eclipse.core.runtime.adaptor.EclipseStarter.run([Ljava/lang/String;Ljava/lang/Runnable;)Ljava/lang/Object;+21
v  ~StubRoutines::call_stub
j  jdk.internal.reflect.NativeMethodAccessorImpl.invoke0(Ljava/lang/reflect/Method;Ljava/lang/Object;[Ljava/lang/Object;)Ljava/lang/Object;+0 java.base@17.0.8.1
j  jdk.internal.reflect.NativeMethodAccessorImpl.invoke(Ljava/lang/Object;[Ljava/lang/Object;)Ljava/lang/Object;+133 java.base@17.0.8.1
j  jdk.internal.reflect.DelegatingMethodAccessorImpl.invoke(Ljava/lang/Object;[Ljava/lang/Object;)Ljava/lang/Object;+6 java.base@17.0.8.1
j  java.lang.reflect.Method.invoke(Ljava/lang/Object;[Ljava/lang/Object;)Ljava/lang/Object;+59 java.base@17.0.8.1
j  org.eclipse.equinox.launcher.Main.invokeFramework([Ljava/lang/String;[Ljava/net/URL;)V+201
j  org.eclipse.equinox.launcher.Main.basicRun([Ljava/lang/String;)V+159
j  org.eclipse.equinox.launcher.Main.run([Ljava/lang/String;)I+4
j  org.eclipse.equinox.launcher.Main.main([Ljava/lang/String;)V+10
v  ~StubRoutines::call_stub

---------------  P R O C E S S  ---------------

Threads class SMR info:
_java_thread_list=0x0000026506b80850, length=14, elements={
0x000002656794fc80, 0x000002657b7bcc30, 0x000002657b7bdda0, 0x00000265052c1f30,
0x00000265052c2900, 0x00000265052c33d0, 0x00000265052c4640, 0x00000265052c53f0,
0x00000265052d49b0, 0x00000265052f7e20, 0x00000265053cec70, 0x00000265054478f0,
0x00000265055c9fe0, 0x0000026506969790
}

Java Threads: ( => current thread )
=>0x000002656794fc80 JavaThread "main" [_thread_in_vm, id=24964, stack(0x0000006cc1d00000,0x0000006cc1e00000)]
  0x000002657b7bcc30 JavaThread "Reference Handler" daemon [_thread_blocked, id=4724, stack(0x0000006cc2000000,0x0000006cc2100000)]
  0x000002657b7bdda0 JavaThread "Finalizer" daemon [_thread_blocked, id=20996, stack(0x0000006cc2100000,0x0000006cc2200000)]
  0x00000265052c1f30 JavaThread "Signal Dispatcher" daemon [_thread_blocked, id=24176, stack(0x0000006cc2200000,0x0000006cc2300000)]
  0x00000265052c2900 JavaThread "Attach Listener" daemon [_thread_blocked, id=24672, stack(0x0000006cc2300000,0x0000006cc2400000)]
  0x00000265052c33d0 JavaThread "Service Thread" daemon [_thread_blocked, id=22012, stack(0x0000006cc2400000,0x0000006cc2500000)]
  0x00000265052c4640 JavaThread "Monitor Deflation Thread" daemon [_thread_blocked, id=11452, stack(0x0000006cc2500000,0x0000006cc2600000)]
  0x00000265052c53f0 JavaThread "C2 CompilerThread0" daemon [_thread_in_native, id=14228, stack(0x0000006cc2600000,0x0000006cc2700000)]
  0x00000265052d49b0 JavaThread "C1 CompilerThread0" daemon [_thread_blocked, id=24220, stack(0x0000006cc2700000,0x0000006cc2800000)]
  0x00000265052f7e20 JavaThread "Sweeper thread" daemon [_thread_blocked, id=9940, stack(0x0000006cc2800000,0x0000006cc2900000)]
  0x00000265053cec70 JavaThread "Common-Cleaner" daemon [_thread_blocked, id=23120, stack(0x0000006cc2900000,0x0000006cc2a00000)]
  0x00000265054478f0 JavaThread "C2 CompilerThread1" daemon [_thread_blocked, id=24032, stack(0x0000006cc2a00000,0x0000006cc2b00000)]
  0x00000265055c9fe0 JavaThread "Notification Thread" daemon [_thread_blocked, id=24352, stack(0x0000006cc2b00000,0x0000006cc2c00000)]
  0x0000026506969790 JavaThread "C2 CompilerThread2" daemon [_thread_blocked, id=21464, stack(0x0000006cc2d00000,0x0000006cc2e00000)]

Other Threads:
  0x000002657b7b8950 VMThread "VM Thread" [stack: 0x0000006cc1f00000,0x0000006cc2000000] [id=21264]
  0x00000265055ca4c0 WatcherThread [stack: 0x0000006cc2c00000,0x0000006cc2d00000] [id=4532]
  0x00000265679658a0 GCTaskThread "GC Thread#0" [stack: 0x0000006cc1e00000,0x0000006cc1f00000] [id=8644]

Threads with active compile tasks:
C2 CompilerThread0     1411  793   !   4       java.util.jar.Attributes::read (498 bytes)

VM state: not at safepoint (normal execution)

VM Mutex/Monitor currently owned by a thread:  ([mutex/lock_event])
[0x000002656794a910] Metaspace_lock - owner thread: 0x000002656794fc80

Heap address: 0x00000000c0000000, size: 1024 MB, Compressed Oops mode: 32-bit

CDS archive(s) not mapped
Compressed class space mapped at: 0x0000000100000000-0x0000000140000000, reserved size: 1073741824
Narrow klass base: 0x0000000000000000, Narrow klass shift: 3, Narrow klass range: 0x140000000

GC Precious Log:
 CPUs: 12 total, 12 available
 Memory: 23914M
 Large Page Support: Disabled
 NUMA Support: Disabled
 Compressed Oops: Enabled (32-bit)
 Alignments: Space 512K, Generation 512K, Heap 2M
 Heap Min Capacity: 100M
 Heap Initial Capacity: 100M
 Heap Max Capacity: 1G
 Pre-touch: Disabled
 Parallel Workers: 10

Heap:
 PSYoungGen      total 29696K, used 21391K [0x00000000eab00000, 0x00000000ecc00000, 0x0000000100000000)
  eden space 25600K, 83% used [0x00000000eab00000,0x00000000ebfe3e78,0x00000000ec400000)
  from space 4096K, 0% used [0x00000000ec800000,0x00000000ec800000,0x00000000ecc00000)
  to   space 4096K, 0% used [0x00000000ec400000,0x00000000ec400000,0x00000000ec800000)
 ParOldGen       total 68608K, used 0K [0x00000000c0000000, 0x00000000c4300000, 0x00000000eab00000)
  object space 68608K, 0% used [0x00000000c0000000,0x00000000c0000000,0x00000000c4300000)
 Metaspace       used 9980K, committed 10112K, reserved 1114112K
  class space    used 998K, committed 1088K, reserved 1048576K

Card table byte_map: [0x0000026567310000,0x0000026567520000] _byte_map_base: 0x0000026566d10000

Marking Bits: (ParMarkBitMap*) 0x00007ffddcdd83a0
 Begin Bits: [0x00000265795c0000, 0x000002657a5c0000)
 End Bits:   [0x000002657a5c0000, 0x000002657b5c0000)

Polling page: 0x0000026567100000

Metaspace:

Usage:
  Non-class:      8.77 MB used.
      Class:    998.10 KB used.
       Both:      9.75 MB used.

Virtual space:
  Non-class space:       64.00 MB reserved,       8.81 MB ( 14%) committed,  1 nodes.
      Class space:        1.00 GB reserved,       1.06 MB ( <1%) committed,  1 nodes.
             Both:        1.06 GB reserved,       9.88 MB ( <1%) committed. 

Chunk freelists:
   Non-Class:  6.70 MB
       Class:  14.99 MB
        Both:  21.70 MB

MaxMetaspaceSize: unlimited
CompressedClassSpaceSize: 1.00 GB
Initial GC threshold: 21.00 MB
Current GC threshold: 21.00 MB
CDS: off
MetaspaceReclaimPolicy: balanced
 - commit_granule_bytes: 65536.
 - commit_granule_words: 8192.
 - virtual_space_node_default_size: 8388608.
 - enlarge_chunks_in_place: 1.
 - new_chunks_are_fully_committed: 0.
 - uncommit_free_chunks: 1.
 - use_allocation_guard: 0.
 - handle_deallocations: 1.


Internal statistics:

num_allocs_failed_limit: 0.
num_arena_births: 14.
num_arena_deaths: 0.
num_vsnodes_births: 2.
num_vsnodes_deaths: 0.
num_space_committed: 158.
num_space_uncommitted: 0.
num_chunks_returned_to_freelist: 0.
num_chunks_taken_from_freelist: 68.
num_chunk_merges: 0.
num_chunk_splits: 40.
num_chunks_enlarged: 31.
num_inconsistent_stats: 0.

CodeHeap 'non-profiled nmethods': size=120000Kb used=338Kb max_used=338Kb free=119661Kb
 bounds [0x0000026572090000, 0x0000026572300000, 0x00000265795c0000]
CodeHeap 'profiled nmethods': size=120000Kb used=1299Kb max_used=1299Kb free=118700Kb
 bounds [0x000002656a5c0000, 0x000002656a830000, 0x0000026571af0000]
CodeHeap 'non-nmethods': size=5760Kb used=1135Kb max_used=1163Kb free=4624Kb
 bounds [0x0000026571af0000, 0x0000026571d60000, 0x0000026572090000]
 total_blobs=1236 nmethods=811 adapters=340
 compilation: enabled
              stopped_count=0, restarted_count=0
 full_count=0

Compilation events (20 events):
Event: 1.378 Thread 0x00000265052d49b0  803       3       java.util.LinkedHashMap$LinkedEntrySet::iterator (12 bytes)
Event: 1.378 Thread 0x00000265052d49b0 nmethod 803 0x000002656a701c90 code [0x000002656a701e40, 0x000002656a702118]
Event: 1.378 Thread 0x00000265052d49b0  804       3       java.util.LinkedHashMap$LinkedEntryIterator::<init> (11 bytes)
Event: 1.378 Thread 0x00000265052d49b0 nmethod 804 0x000002656a702290 code [0x000002656a702440, 0x000002656a702678]
Event: 1.378 Thread 0x00000265052d49b0  806       3       java.util.LinkedHashMap::<init> (16 bytes)
Event: 1.378 Thread 0x00000265052d49b0 nmethod 806 0x000002656a702790 code [0x000002656a702940, 0x000002656a702ba8]
Event: 1.378 Thread 0x00000265052d49b0  807       3       java.util.jar.Attributes::clone (9 bytes)
Event: 1.378 Thread 0x00000265052d49b0 nmethod 807 0x000002656a702d10 code [0x000002656a702ee0, 0x000002656a703368]
Event: 1.378 Thread 0x00000265052d49b0  808       3       java.util.jar.Attributes::<init> (17 bytes)
Event: 1.379 Thread 0x00000265052d49b0 nmethod 808 0x000002656a703590 code [0x000002656a703760, 0x000002656a703b28]
Event: 1.380 Thread 0x00000265052d49b0  810       3       java.lang.ref.SoftReference::get (29 bytes)
Event: 1.380 Thread 0x00000265052d49b0 nmethod 810 0x000002656a703d10 code [0x000002656a703ea0, 0x000002656a704058]
Event: 1.382 Thread 0x00000265054478f0 nmethod 794 0x00000265720e1490 code [0x00000265720e1640, 0x00000265720e1cf8]
Event: 1.382 Thread 0x00000265054478f0  809       4       sun.security.util.ManifestDigester::findSection (181 bytes)
Event: 1.382 Thread 0x00000265052d49b0  811       3       java.util.concurrent.ConcurrentHashMap$Node::<init> (14 bytes)
Event: 1.382 Thread 0x00000265052d49b0 nmethod 811 0x000002656a704110 code [0x000002656a7042c0, 0x000002656a7044d8]
Event: 1.385 Thread 0x00000265052d49b0  812       3       java.util.Arrays::equals (57 bytes)
Event: 1.385 Thread 0x00000265052d49b0 nmethod 812 0x000002656a704610 code [0x000002656a704800, 0x000002656a704dc8]
Event: 1.385 Thread 0x00000265054478f0 nmethod 809 0x00000265720e2490 code [0x00000265720e2620, 0x00000265720e28d8]
Event: 1.385 Thread 0x00000265054478f0  795       4       java.util.jar.Manifest$FastInputStream::peek (38 bytes)

GC Heap History (0 events):
No events

Dll operation events (8 events):
Event: 0.029 Loaded shared library c:\Users\USER\.vscode\extensions\redhat.java-1.24.0-win32-x64\jre\17.0.8.1-win32-x86_64\bin\java.dll
Event: 0.369 Loaded shared library c:\Users\USER\.vscode\extensions\redhat.java-1.24.0-win32-x64\jre\17.0.8.1-win32-x86_64\bin\zip.dll
Event: 0.374 Loaded shared library C:\Users\USER\.vscode\extensions\redhat.java-1.24.0-win32-x64\jre\17.0.8.1-win32-x86_64\bin\instrument.dll
Event: 0.413 Loaded shared library C:\Users\USER\.vscode\extensions\redhat.java-1.24.0-win32-x64\jre\17.0.8.1-win32-x86_64\bin\net.dll
Event: 0.425 Loaded shared library C:\Users\USER\.vscode\extensions\redhat.java-1.24.0-win32-x64\jre\17.0.8.1-win32-x86_64\bin\nio.dll
Event: 0.445 Loaded shared library C:\Users\USER\.vscode\extensions\redhat.java-1.24.0-win32-x64\jre\17.0.8.1-win32-x86_64\bin\zip.dll
Event: 0.483 Loaded shared library C:\Users\USER\.vscode\extensions\redhat.java-1.24.0-win32-x64\jre\17.0.8.1-win32-x86_64\bin\jimage.dll
Event: 0.629 Loaded shared library c:\Users\USER\.vscode\extensions\redhat.java-1.24.0-win32-x64\jre\17.0.8.1-win32-x86_64\bin\verify.dll

Deoptimization events (20 events):
Event: 1.379 Thread 0x000002656794fc80 DEOPT PACKING pc=0x000002656a6be700 sp=0x0000006cc1dfd690
Event: 1.379 Thread 0x000002656794fc80 DEOPT UNPACKING pc=0x0000026571b46e43 sp=0x0000006cc1dfcb00 mode 0
Event: 1.379 Thread 0x000002656794fc80 DEOPT PACKING pc=0x000002656a6be700 sp=0x0000006cc1dfd690
Event: 1.379 Thread 0x000002656794fc80 DEOPT UNPACKING pc=0x0000026571b46e43 sp=0x0000006cc1dfcb00 mode 0
Event: 1.379 Thread 0x000002656794fc80 DEOPT PACKING pc=0x000002656a6be700 sp=0x0000006cc1dfd690
Event: 1.379 Thread 0x000002656794fc80 DEOPT UNPACKING pc=0x0000026571b46e43 sp=0x0000006cc1dfcb00 mode 0
Event: 1.379 Thread 0x000002656794fc80 DEOPT PACKING pc=0x000002656a6be700 sp=0x0000006cc1dfd690
Event: 1.379 Thread 0x000002656794fc80 DEOPT UNPACKING pc=0x0000026571b46e43 sp=0x0000006cc1dfcb00 mode 0
Event: 1.379 Thread 0x000002656794fc80 DEOPT PACKING pc=0x000002656a6be700 sp=0x0000006cc1dfd690
Event: 1.379 Thread 0x000002656794fc80 DEOPT UNPACKING pc=0x0000026571b46e43 sp=0x0000006cc1dfcb00 mode 0
Event: 1.380 Thread 0x000002656794fc80 DEOPT PACKING pc=0x000002656a6be700 sp=0x0000006cc1dfd690
Event: 1.380 Thread 0x000002656794fc80 DEOPT UNPACKING pc=0x0000026571b46e43 sp=0x0000006cc1dfcb00 mode 0
Event: 1.380 Thread 0x000002656794fc80 DEOPT PACKING pc=0x000002656a6be700 sp=0x0000006cc1dfd690
Event: 1.380 Thread 0x000002656794fc80 DEOPT UNPACKING pc=0x0000026571b46e43 sp=0x0000006cc1dfcb00 mode 0
Event: 1.380 Thread 0x000002656794fc80 DEOPT PACKING pc=0x000002656a6be700 sp=0x0000006cc1dfd690
Event: 1.380 Thread 0x000002656794fc80 DEOPT UNPACKING pc=0x0000026571b46e43 sp=0x0000006cc1dfcb00 mode 0
Event: 1.385 Thread 0x000002656794fc80 Uncommon trap: trap_request=0xffffff45 fr.pc=0x00000265720d8528 relative=0x0000000000000108
Event: 1.385 Thread 0x000002656794fc80 Uncommon trap: reason=unstable_if action=reinterpret pc=0x00000265720d8528 method=java.lang.invoke.VarHandle.checkExactAccessMode(Ljava/lang/invoke/VarHandle$AccessDescriptor;)V @ 4 c2
Event: 1.385 Thread 0x000002656794fc80 DEOPT PACKING pc=0x00000265720d8528 sp=0x0000006cc1dfd240
Event: 1.385 Thread 0x000002656794fc80 DEOPT UNPACKING pc=0x0000026571b466a3 sp=0x0000006cc1dfd200 mode 2

Classes unloaded (0 events):
No events

Classes redefined (0 events):
No events

Internal exceptions (9 events):
Event: 0.296 Thread 0x000002656794fc80 Exception <a 'java/lang/NoSuchMethodError'{0x00000000eacb2660}: 'void java.lang.invoke.DirectMethodHandle$Holder.invokeStatic(java.lang.Object, java.lang.Object, java.lang.Object)'> (0x00000000eacb2660) 
thrown [s\src\hotspot\share\interpreter\linkResolver.cpp, line 759]
Event: 0.669 Thread 0x000002656794fc80 Exception <a 'java/lang/reflect/InvocationTargetException'{0x00000000eafe2da8}> (0x00000000eafe2da8) 
thrown [s\src\hotspot\share\runtime\reflection.cpp, line 1121]
Event: 1.194 Thread 0x000002656794fc80 Exception <a 'java/lang/ClassNotFoundException'{0x00000000eb850a18}: sun/net/www/protocol/c/Handler> (0x00000000eb850a18) 
thrown [s\src\hotspot\share\classfile\systemDictionary.cpp, line 256]
Event: 1.198 Thread 0x000002656794fc80 Exception <a 'java/io/FileNotFoundException'{0x00000000eb86c0d8}> (0x00000000eb86c0d8) 
thrown [s\src\hotspot\share\prims\jni.cpp, line 516]
Event: 1.199 Thread 0x000002656794fc80 Exception <a 'java/io/FileNotFoundException'{0x00000000eb86cde8}> (0x00000000eb86cde8) 
thrown [s\src\hotspot\share\prims\jni.cpp, line 516]
Event: 1.199 Thread 0x000002656794fc80 Exception <a 'java/io/FileNotFoundException'{0x00000000eb86dad8}> (0x00000000eb86dad8) 
thrown [s\src\hotspot\share\prims\jni.cpp, line 516]
Event: 1.199 Thread 0x000002656794fc80 Exception <a 'java/io/FileNotFoundException'{0x00000000eb86e798}> (0x00000000eb86e798) 
thrown [s\src\hotspot\share\prims\jni.cpp, line 516]
Event: 1.216 Thread 0x000002656794fc80 Implicit null exception at 0x00000265720b4172 to 0x00000265720b4690
Event: 1.222 Thread 0x000002656794fc80 Exception <a 'java/io/FileNotFoundException'{0x00000000eb8a93f0}> (0x00000000eb8a93f0) 
thrown [s\src\hotspot\share\prims\jni.cpp, line 516]

VM Operations (8 events):
Event: 0.314 Executing VM operation: HandshakeAllThreads
Event: 0.314 Executing VM operation: HandshakeAllThreads done
Event: 1.138 Executing VM operation: HandshakeAllThreads
Event: 1.138 Executing VM operation: HandshakeAllThreads done
Event: 1.138 Executing VM operation: Cleanup
Event: 1.138 Executing VM operation: Cleanup done
Event: 1.175 Executing VM operation: HandshakeAllThreads
Event: 1.175 Executing VM operation: HandshakeAllThreads done

Events (20 events):
Event: 1.383 loading class java/util/ServiceLoader$ProviderImpl
Event: 1.383 loading class java/util/ServiceLoader$Provider
Event: 1.383 loading class java/util/ServiceLoader$Provider done
Event: 1.383 loading class java/util/ServiceLoader$ProviderImpl done
Event: 1.383 loading class jdk/internal/logger/BootstrapLogger$LoggingBackend
Event: 1.384 loading class jdk/internal/logger/BootstrapLogger$LoggingBackend done
Event: 1.384 loading class jdk/internal/logger/LazyLoggers$JdkLazyLogger
Event: 1.384 loading class jdk/internal/logger/LazyLoggers$LazyLoggerWrapper
Event: 1.384 loading class jdk/internal/logger/AbstractLoggerWrapper
Event: 1.384 loading class jdk/internal/logger/AbstractLoggerWrapper done
Event: 1.384 loading class jdk/internal/logger/LazyLoggers$LazyLoggerWrapper done
Event: 1.384 loading class jdk/internal/logger/LazyLoggers$JdkLazyLogger done
Event: 1.384 loading class jdk/internal/logger/LazyLoggers$LazyLoggerAccessor
Event: 1.384 loading class jdk/internal/logger/LazyLoggers$LoggerAccessor
Event: 1.384 loading class jdk/internal/logger/LazyLoggers$LoggerAccessor done
Event: 1.384 loading class jdk/internal/logger/LazyLoggers$LazyLoggerAccessor done
Event: 1.385 loading class jdk/internal/logger/BootstrapLogger$RedirectedLoggers
Event: 1.385 loading class jdk/internal/logger/BootstrapLogger$RedirectedLoggers done
Event: 1.385 loading class jdk/internal/logger/SurrogateLogger
Event: 1.385 loading class jdk/internal/logger/SimpleConsoleLogger


Dynamic libraries:
0x00007ff6403a0000 - 0x00007ff6403ae000 	c:\Users\USER\.vscode\extensions\redhat.java-1.24.0-win32-x64\jre\17.0.8.1-win32-x86_64\bin\java.exe
0x00007ffe84d10000 - 0x00007ffe84f27000 	C:\WINDOWS\SYSTEM32\ntdll.dll
0x00007ffe83cb0000 - 0x00007ffe83d74000 	C:\WINDOWS\System32\KERNEL32.DLL
0x00007ffe824f0000 - 0x00007ffe82895000 	C:\WINDOWS\System32\KERNELBASE.dll
0x00007ffe828a0000 - 0x00007ffe829b1000 	C:\WINDOWS\System32\ucrtbase.dll
0x00007ffe699c0000 - 0x00007ffe699d7000 	c:\Users\USER\.vscode\extensions\redhat.java-1.24.0-win32-x64\jre\17.0.8.1-win32-x86_64\bin\jli.dll
0x00007ffe83d80000 - 0x00007ffe83f2e000 	C:\WINDOWS\System32\USER32.dll
0x00007ffe82210000 - 0x00007ffe82236000 	C:\WINDOWS\System32\win32u.dll
0x00007ffe7b740000 - 0x00007ffe7b759000 	c:\Users\USER\.vscode\extensions\redhat.java-1.24.0-win32-x64\jre\17.0.8.1-win32-x86_64\bin\VCRUNTIME140.dll
0x00007ffe83600000 - 0x00007ffe83629000 	C:\WINDOWS\System32\GDI32.dll
0x00007ffe820f0000 - 0x00007ffe82209000 	C:\WINDOWS\System32\gdi32full.dll
0x00007ffe67960000 - 0x00007ffe67bf3000 	C:\WINDOWS\WinSxS\amd64_microsoft.windows.common-controls_6595b64144ccf1df_6.0.22621.2506_none_270c5ae97388e100\COMCTL32.dll
0x00007ffe829c0000 - 0x00007ffe82a5a000 	C:\WINDOWS\System32\msvcp_win.dll
0x00007ffe83460000 - 0x00007ffe83507000 	C:\WINDOWS\System32\msvcrt.dll
0x00007ffe84030000 - 0x00007ffe84061000 	C:\WINDOWS\System32\IMM32.DLL
0x00007ffe79820000 - 0x00007ffe7982c000 	c:\Users\USER\.vscode\extensions\redhat.java-1.24.0-win32-x64\jre\17.0.8.1-win32-x86_64\bin\vcruntime140_1.dll
0x00007ffe69920000 - 0x00007ffe699b1000 	c:\Users\USER\.vscode\extensions\redhat.java-1.24.0-win32-x64\jre\17.0.8.1-win32-x86_64\bin\msvcp140.dll
0x00007ffddc250000 - 0x00007ffddce9c000 	c:\Users\USER\.vscode\extensions\redhat.java-1.24.0-win32-x64\jre\17.0.8.1-win32-x86_64\bin\server\jvm.dll
0x00007ffe82a60000 - 0x00007ffe82b11000 	C:\WINDOWS\System32\ADVAPI32.dll
0x00007ffe84230000 - 0x00007ffe842d6000 	C:\WINDOWS\System32\sechost.dll
0x00007ffe842e0000 - 0x00007ffe843f7000 	C:\WINDOWS\System32\RPCRT4.dll
0x00007ffe81ea0000 - 0x00007ffe81eed000 	C:\WINDOWS\SYSTEM32\POWRPROF.dll
0x00007ffe799b0000 - 0x00007ffe799e4000 	C:\WINDOWS\SYSTEM32\WINMM.dll
0x00007ffe6b6f0000 - 0x00007ffe6b6f9000 	C:\WINDOWS\SYSTEM32\WSOCK32.dll
0x00007ffe836a0000 - 0x00007ffe83711000 	C:\WINDOWS\System32\WS2_32.dll
0x00007ffe789c0000 - 0x00007ffe789ca000 	C:\WINDOWS\SYSTEM32\VERSION.dll
0x00007ffe81d80000 - 0x00007ffe81d93000 	C:\WINDOWS\SYSTEM32\UMPDC.dll
0x00007ffe81060000 - 0x00007ffe81078000 	C:\WINDOWS\SYSTEM32\kernel.appcore.dll
0x00007ffe69a20000 - 0x00007ffe69a2a000 	c:\Users\USER\.vscode\extensions\redhat.java-1.24.0-win32-x64\jre\17.0.8.1-win32-x86_64\bin\jimage.dll
0x00007ffe757a0000 - 0x00007ffe759d3000 	C:\WINDOWS\SYSTEM32\DBGHELP.DLL
0x00007ffe84830000 - 0x00007ffe84bb9000 	C:\WINDOWS\System32\combase.dll
0x00007ffe84bd0000 - 0x00007ffe84ca7000 	C:\WINDOWS\System32\OLEAUT32.dll
0x00007ffe6cfd0000 - 0x00007ffe6d002000 	C:\WINDOWS\SYSTEM32\dbgcore.DLL
0x00007ffe823b0000 - 0x00007ffe8242a000 	C:\WINDOWS\System32\bcryptPrimitives.dll
0x00007ffe69910000 - 0x00007ffe6991e000 	c:\Users\USER\.vscode\extensions\redhat.java-1.24.0-win32-x64\jre\17.0.8.1-win32-x86_64\bin\instrument.dll
0x00007ffe698e0000 - 0x00007ffe69905000 	c:\Users\USER\.vscode\extensions\redhat.java-1.24.0-win32-x64\jre\17.0.8.1-win32-x86_64\bin\java.dll
0x00007ffe60900000 - 0x00007ffe60918000 	c:\Users\USER\.vscode\extensions\redhat.java-1.24.0-win32-x64\jre\17.0.8.1-win32-x86_64\bin\zip.dll
0x00007ffe82c00000 - 0x00007ffe83459000 	C:\WINDOWS\System32\SHELL32.dll
0x00007ffe7ff20000 - 0x00007ffe80814000 	C:\WINDOWS\SYSTEM32\windows.storage.dll
0x00007ffe7fde0000 - 0x00007ffe7ff1e000 	C:\WINDOWS\SYSTEM32\wintypes.dll
0x00007ffe83720000 - 0x00007ffe83813000 	C:\WINDOWS\System32\SHCORE.dll
0x00007ffe84550000 - 0x00007ffe845ae000 	C:\WINDOWS\System32\shlwapi.dll
0x00007ffe81fb0000 - 0x00007ffe81fd6000 	C:\WINDOWS\SYSTEM32\profapi.dll
0x00007ffe5a0b0000 - 0x00007ffe5a0c9000 	C:\Users\USER\.vscode\extensions\redhat.java-1.24.0-win32-x64\jre\17.0.8.1-win32-x86_64\bin\net.dll
0x00007ffe79cf0000 - 0x00007ffe79e27000 	C:\WINDOWS\SYSTEM32\WINHTTP.dll
0x00007ffe81500000 - 0x00007ffe81569000 	C:\WINDOWS\system32\mswsock.dll
0x00007ffe5a090000 - 0x00007ffe5a0a5000 	C:\Users\USER\.vscode\extensions\redhat.java-1.24.0-win32-x64\jre\17.0.8.1-win32-x86_64\bin\nio.dll
0x00007ffe695a0000 - 0x00007ffe695b0000 	c:\Users\USER\.vscode\extensions\redhat.java-1.24.0-win32-x64\jre\17.0.8.1-win32-x86_64\bin\verify.dll

dbghelp: loaded successfully - version: 4.0.5 - missing functions: none
symbol engine: initialized successfully - sym options: 0x614 - pdb path: .;c:\Users\USER\.vscode\extensions\redhat.java-1.24.0-win32-x64\jre\17.0.8.1-win32-x86_64\bin;C:\WINDOWS\SYSTEM32;C:\WINDOWS\WinSxS\amd64_microsoft.windows.common-controls_6595b64144ccf1df_6.0.22621.2506_none_270c5ae97388e100;c:\Users\USER\.vscode\extensions\redhat.java-1.24.0-win32-x64\jre\17.0.8.1-win32-x86_64\bin\server

VM Arguments:
jvm_args: --add-modules=ALL-SYSTEM --add-opens=java.base/java.util=ALL-UNNAMED --add-opens=java.base/java.lang=ALL-UNNAMED --add-opens=java.base/sun.nio.fs=ALL-UNNAMED -Declipse.application=org.eclipse.jdt.ls.core.id1 -Dosgi.bundles.defaultStartLevel=4 -Declipse.product=org.eclipse.jdt.ls.core.product -Djava.import.generatesMetadataFilesAtProjectRoot=false -DDetectVMInstallationsJob.disabled=true -Dfile.encoding=utf8 -XX:+UseParallelGC -XX:GCTimeRatio=4 -XX:AdaptiveSizePolicyWeight=90 -Dsun.zip.disableMemoryMapping=true -Xmx1G -Xms100m -Xlog:disable -javaagent:c:\Users\USER\.vscode\extensions\redhat.java-1.24.0-win32-x64\lombok\lombok-1.18.30.jar -XX:+HeapDumpOnOutOfMemoryError -XX:HeapDumpPath=c:\Users\USER\AppData\Roaming\Code\User\workspaceStorage\0371c33b91059773cc7b527ebf86a51d\redhat.java -Daether.dependencyCollector.impl=bf 
java_command: c:\Users\USER\.vscode\extensions\redhat.java-1.24.0-win32-x64\server\plugins\org.eclipse.equinox.launcher_1.6.500.v20230717-2134.jar -configuration c:\Users\USER\AppData\Roaming\Code\User\globalStorage\redhat.java\1.24.0\config_win -data c:\Users\USER\AppData\Roaming\Code\User\workspaceStorage\0371c33b91059773cc7b527ebf86a51d\redhat.java\jdt_ws --stdio
java_class_path (initial): c:\Users\USER\.vscode\extensions\redhat.java-1.24.0-win32-x64\server\plugins\org.eclipse.equinox.launcher_1.6.500.v20230717-2134.jar
Launcher Type: SUN_STANDARD

[Global flags]
    uintx AdaptiveSizePolicyWeight                 = 90                                        {product} {command line}
     intx CICompilerCount                          = 4                                         {product} {ergonomic}
    uintx GCTimeRatio                              = 4                                         {product} {command line}
     bool HeapDumpOnOutOfMemoryError               = true                                   {manageable} {command line}
    ccstr HeapDumpPath                             = c:\Users\USER\AppData\Roaming\Code\User\workspaceStorage\0371c33b91059773cc7b527ebf86a51d\redhat.java         {manageable} {command line}
   size_t InitialHeapSize                          = 104857600                                 {product} {command line}
   size_t MaxHeapSize                              = 1073741824                                {product} {command line}
   size_t MaxNewSize                               = 357564416                                 {product} {ergonomic}
   size_t MinHeapDeltaBytes                        = 524288                                    {product} {ergonomic}
   size_t MinHeapSize                              = 104857600                                 {product} {command line}
   size_t NewSize                                  = 34603008                                  {product} {ergonomic}
    uintx NonNMethodCodeHeapSize                   = 5839372                                {pd product} {ergonomic}
    uintx NonProfiledCodeHeapSize                  = 122909434                              {pd product} {ergonomic}
   size_t OldSize                                  = 70254592                                  {product} {ergonomic}
    uintx ProfiledCodeHeapSize                     = 122909434                              {pd product} {ergonomic}
    uintx ReservedCodeCacheSize                    = 251658240                              {pd product} {ergonomic}
     bool SegmentedCodeCache                       = true                                      {product} {ergonomic}
   size_t SoftMaxHeapSize                          = 1073741824                             {manageable} {ergonomic}
     bool UseCompressedClassPointers               = true                           {product lp64_product} {ergonomic}
     bool UseCompressedOops                        = true                           {product lp64_product} {ergonomic}
     bool UseLargePagesIndividualAllocation        = false                                  {pd product} {ergonomic}
     bool UseParallelGC                            = true                                      {product} {command line}

Logging:
Log output configuration:
 #0: stdout all=off uptime,level,tags
 #1: stderr all=off uptime,level,tags

Environment Variables:
JAVA_HOME=C:\Program Files\Java\jdk-17
PATH=C:\Program Files\Java\jdk-17\bin;C:\Program Files\Common Files\Oracle\Java\javapath;C:\WINDOWS\system32;C:\WINDOWS;C:\WINDOWS\System32\Wbem;C:\WINDOWS\System32\WindowsPowerShell\v1.0\;C:\WINDOWS\System32\OpenSSH\;C:\xampp\php;C:\ProgramData\ComposerSetup\bin;C:\Program Files\Go\bin;C:\Users\USER\AppData\Roaming\nvm;C:\Program Files\nodejs;C:\Program Files\nodejs\;C:\Users\USER\AppData\Local\Android\Sdk\platforms;C:\Users\USER\AppData\Local\Android\Sdk\platform-tools;C:\ProgramData\chocolatey\bin;C:\Program Files\Git\cmd;C:\Program Files\MySQL\MySQL Server 8.0\bin;C:\Program Files\dotnet\;;C:\Program Files\Docker\Docker\resources\bin;C:\Program Files\MySQL\MySQL Shell 8.0\bin\;C:\Users\USER\AppData\Local\Microsoft\WindowsApps;C:\Users\USER\AppData\Local\Programs\Microsoft VS Code\bin;C:\Users\USER\AppData\Roaming\Composer\vendor\bin;C:\Users\USER\go\bin;C:\Users\USER\AppData\Roaming\nvm;C:\Program Files\nodejs;C:\Users\USER\AppData\Roaming\npm;C:\Users\USER\AppData\Local\Android\Sdk\platform-tools;C:\Users\USER\AppData\Local\Android\Sdk\platforms;C:\tools\dart-sdk\bin;C:\Users\USER\AppData\Roaming\Pub\Cache\bin;C:\tools\dart-sdk;D:\dev\flutter\bin;C:\Users\USER\.dotnet\tools
USERNAME=USER
OS=Windows_NT
PROCESSOR_IDENTIFIER=AMD64 Family 23 Model 104 Stepping 1, AuthenticAMD
TMP=C:\Users\USER\AppData\Local\Temp
TEMP=C:\Users\USER\AppData\Local\Temp



---------------  S Y S T E M  ---------------

OS:
 Windows 11 , 64 bit Build 22621 (10.0.22621.2506)
OS uptime: 0 days 1:02 hours
Hyper-V role detected

CPU: total 12 (initial active 12) (12 cores per cpu, 2 threads per core) family 23 model 104 stepping 1 microcode 0x0, cx8, cmov, fxsr, ht, mmx, 3dnowpref, sse, sse2, sse3, ssse3, sse4a, sse4.1, sse4.2, popcnt, lzcnt, tsc, tscinvbit, avx, avx2, aes, clmul, bmi1, bmi2, adx, sha, fma, vzeroupper, clflush, clflushopt, hv
Processor Information for all 12 processors :
  Max Mhz: 2100, Current Mhz: 2100, Mhz Limit: 2100

Memory: 4k page, system-wide physical 23914M (6056M free)
TotalPageFile size 23914M (AvailPageFile size 1M)
current process WorkingSet (physical memory assigned to process): 67M, peak: 67M
current process commit charge ("private bytes"): 205M, peak: 205M

vm_info: OpenJDK 64-Bit Server VM (17.0.8.1+1) for windows-amd64 JRE (17.0.8.1+1), built on Aug 23 2023 15:29:17 by "admin" with MS VC++ 16.7 (VS2019)

END.
