#
# There is insufficient memory for the Java Runtime Environment to continue.
# Native memory allocation (mmap) failed to map 65536 bytes for Failed to commit metaspace.
# Possible reasons:
#   The system is out of physical RAM or swap space
#   The process is running with CompressedOops enabled, and the Java Heap may be blocking the growth of the native heap
# Possible solutions:
#   Reduce memory load on the system
#   Increase physical memory or swap space
#   Check if swap backing store is full
#   Decrease Java heap size (-Xmx/-Xms)
#   Decrease number of Java threads
#   Decrease Java thread stack sizes (-Xss)
#   Set larger code cache with -XX:ReservedCodeCacheSize=
#   JVM is running with Unscaled Compressed Oops mode in which the Java heap is
#     placed in the first 4GB address space. The Java Heap base address is the
#     maximum limit for the native heap growth. Please use -XX:HeapBaseMinAddress
#     to set the Java Heap base and to place the Java Heap above 4GB virtual address.
# This output file may be truncated or incomplete.
#
#  Out of Memory Error (virtualSpaceNode.cpp:110), pid=21536, tid=20412
#
# JRE version: OpenJDK Runtime Environment Temurin-17.0.8.1+1 (17.0.8.1+1) (build 17.0.8.1+1)
# Java VM: OpenJDK 64-Bit Server VM Temurin-17.0.8.1+1 (17.0.8.1+1, mixed mode, tiered, compressed oops, compressed class ptrs, parallel gc, windows-amd64)
# No core dump will be written. Minidumps are not enabled by default on client versions of Windows
#

---------------  S U M M A R Y ------------

Command Line: --add-modules=ALL-SYSTEM --add-opens=java.base/java.util=ALL-UNNAMED --add-opens=java.base/java.lang=ALL-UNNAMED --add-opens=java.base/sun.nio.fs=ALL-UNNAMED -Declipse.application=org.eclipse.jdt.ls.core.id1 -Dosgi.bundles.defaultStartLevel=4 -Declipse.product=org.eclipse.jdt.ls.core.product -Djava.import.generatesMetadataFilesAtProjectRoot=false -DDetectVMInstallationsJob.disabled=true -Dfile.encoding=utf8 -XX:+UseParallelGC -XX:GCTimeRatio=4 -XX:AdaptiveSizePolicyWeight=90 -Dsun.zip.disableMemoryMapping=true -Xmx1G -Xms100m -Xlog:disable -javaagent:c:\Users\USER\.vscode\extensions\redhat.java-1.24.0-win32-x64\lombok\lombok-1.18.30.jar c:\Users\USER\.vscode\extensions\redhat.java-1.24.0-win32-x64\server\plugins\org.eclipse.equinox.launcher_1.6.500.v20230717-2134.jar -configuration c:\Users\USER\AppData\Roaming\Code\User\globalStorage\redhat.java\1.24.0\config_ss_win -data c:\Users\USER\AppData\Roaming\Code\User\workspaceStorage\0371c33b91059773cc7b527ebf86a51d\redhat.java\ss_ws --stdio

Host: AMD Ryzen 5 5500U with Radeon Graphics         , 12 cores, 23G,  Windows 11 , 64 bit Build 22621 (10.0.22621.2506)
Time: Mon Nov 27 21:08:39 2023 SE Asia Standard Time elapsed time: 2.258277 seconds (0d 0h 0m 2s)

---------------  T H R E A D  ---------------

Current thread (0x000002c77fb982a0):  JavaThread "main" [_thread_in_vm, id=20412, stack(0x000000d87e700000,0x000000d87e800000)]

Stack: [0x000000d87e700000,0x000000d87e800000]
Native frames: (J=compiled Java code, j=interpreted, Vv=VM code, C=native code)
V  [jvm.dll+0x678b0a]
V  [jvm.dll+0x835e84]
V  [jvm.dll+0x83762e]
V  [jvm.dll+0x837c93]
V  [jvm.dll+0x24746f]
V  [jvm.dll+0x831f1b]
V  [jvm.dll+0x61d3c6]
V  [jvm.dll+0x1c1aae]
V  [jvm.dll+0x61fd21]
V  [jvm.dll+0x61dd66]
V  [jvm.dll+0x23ce50]
V  [jvm.dll+0x1ec2ed]
V  [jvm.dll+0x1e1d21]
V  [jvm.dll+0x53fba0]
V  [jvm.dll+0x7b1278]
V  [jvm.dll+0x7b1364]
V  [jvm.dll+0x40ecc5]
V  [jvm.dll+0x414e18]
C  [java.dll+0x17ec]

Java frames: (J=compiled Java code, j=interpreted, Vv=VM code)
J 1074  java.lang.ClassLoader.defineClass1(Ljava/lang/ClassLoader;Ljava/lang/String;[BIILjava/security/ProtectionDomain;Ljava/lang/String;)Ljava/lang/Class; java.base@17.0.8.1 (0 bytes) @ 0x000002c70bb09f5b [0x000002c70bb09ea0+0x00000000000000bb]
J 1080 c1 java.lang.ClassLoader.defineClass(Ljava/lang/String;[BIILjava/security/ProtectionDomain;)Ljava/lang/Class; java.base@17.0.8.1 (43 bytes) @ 0x000002c7041a6444 [0x000002c7041a6100+0x0000000000000344]
j  java.security.SecureClassLoader.defineClass(Ljava/lang/String;[BIILjava/security/CodeSource;)Ljava/lang/Class;+12 java.base@17.0.8.1
J 1300 c1 java.net.URLClassLoader.defineClass(Ljava/lang/String;Ljdk/internal/loader/Resource;)Ljava/lang/Class; java.base@17.0.8.1 (225 bytes) @ 0x000002c70420a384 [0x000002c704208940+0x0000000000001a44]
j  java.net.URLClassLoader$1.run()Ljava/lang/Class;+43 java.base@17.0.8.1
J 1294 c1 java.net.URLClassLoader$1.run()Ljava/lang/Object; java.base@17.0.8.1 (5 bytes) @ 0x000002c7042076c4 [0x000002c704207640+0x0000000000000084]
J 1287 c1 java.security.AccessController.doPrivileged(Ljava/security/PrivilegedExceptionAction;Ljava/security/AccessControlContext;)Ljava/lang/Object; java.base@17.0.8.1 (26 bytes) @ 0x000002c7042043f4 [0x000002c704204220+0x00000000000001d4]
J 1292 c1 java.net.URLClassLoader.findClass(Ljava/lang/String;)Ljava/lang/Class; java.base@17.0.8.1 (47 bytes) @ 0x000002c7042069ec [0x000002c704206880+0x000000000000016c]
J 911 c1 java.lang.ClassLoader.loadClass(Ljava/lang/String;Z)Ljava/lang/Class; java.base@17.0.8.1 (121 bytes) @ 0x000002c70414ea5c [0x000002c70414e4c0+0x000000000000059c]
J 776 c1 java.lang.ClassLoader.loadClass(Ljava/lang/String;)Ljava/lang/Class; java.base@17.0.8.1 (7 bytes) @ 0x000002c70410f4bc [0x000002c70410f3c0+0x00000000000000fc]
v  ~StubRoutines::call_stub
j  org.eclipse.osgi.compatibility.state.PlatformAdminImpl.<init>()V+5
j  org.eclipse.osgi.compatibility.state.Activator.<init>()V+9
v  ~StubRoutines::call_stub
j  jdk.internal.reflect.NativeConstructorAccessorImpl.newInstance0(Ljava/lang/reflect/Constructor;[Ljava/lang/Object;)Ljava/lang/Object;+0 java.base@17.0.8.1
j  jdk.internal.reflect.NativeConstructorAccessorImpl.newInstance([Ljava/lang/Object;)Ljava/lang/Object;+118 java.base@17.0.8.1
J 936 c1 jdk.internal.reflect.DelegatingConstructorAccessorImpl.newInstance([Ljava/lang/Object;)Ljava/lang/Object; java.base@17.0.8.1 (9 bytes) @ 0x000002c704158abc [0x000002c7041589c0+0x00000000000000fc]
J 931 c1 java.lang.reflect.Constructor.newInstanceWithCaller([Ljava/lang/Object;ZLjava/lang/Class;)Ljava/lang/Object; java.base@17.0.8.1 (76 bytes) @ 0x000002c704157ecc [0x000002c704157c80+0x000000000000024c]
J 937 c1 java.lang.reflect.Constructor.newInstance([Ljava/lang/Object;)Ljava/lang/Object; java.base@17.0.8.1 (34 bytes) @ 0x000002c704158fac [0x000002c704158e40+0x000000000000016c]
j  org.eclipse.osgi.storage.FrameworkExtensionInstaller.startExtensionActivator(Lorg/eclipse/osgi/container/ModuleRevision;Lorg/osgi/framework/BundleContext;)V+75
j  org.eclipse.osgi.storage.FrameworkExtensionInstaller.startExtensionActivators(Lorg/osgi/framework/BundleContext;)V+157
j  org.eclipse.osgi.internal.framework.SystemBundleActivator.start(Lorg/osgi/framework/BundleContext;)V+459
j  org.eclipse.osgi.internal.framework.BundleContextImpl$2.run()Ljava/lang/Void;+23
j  org.eclipse.osgi.internal.framework.BundleContextImpl$2.run()Ljava/lang/Object;+1
J 888 c1 java.security.AccessController.executePrivileged(Ljava/security/PrivilegedExceptionAction;Ljava/security/AccessControlContext;Ljava/lang/Class;)Ljava/lang/Object; java.base@17.0.8.1 (65 bytes) @ 0x000002c7041468b4 [0x000002c704146760+0x0000000000000154]
j  java.security.AccessController.doPrivileged(Ljava/security/PrivilegedExceptionAction;)Ljava/lang/Object;+9 java.base@17.0.8.1
j  org.eclipse.osgi.internal.framework.BundleContextImpl.startActivator(Lorg/osgi/framework/BundleActivator;)V+9
j  org.eclipse.osgi.internal.framework.BundleContextImpl.start()V+134
j  org.eclipse.osgi.internal.framework.EquinoxBundle.startWorker0()V+35
j  org.eclipse.osgi.internal.framework.EquinoxBundle$SystemBundle$EquinoxSystemModule.initWorker()V+60
j  org.eclipse.osgi.container.SystemModule.init()V+333
j  org.eclipse.osgi.internal.framework.EquinoxBundle$SystemBundle.init([Lorg/osgi/framework/FrameworkListener;)V+84
j  org.eclipse.osgi.internal.framework.EquinoxBundle$SystemBundle.init()V+2
j  org.eclipse.osgi.launch.Equinox.init()V+4
j  org.eclipse.core.runtime.adaptor.EclipseStarter.startup([Ljava/lang/String;Ljava/lang/Runnable;)Lorg/osgi/framework/BundleContext;+37
j  org.eclipse.core.runtime.adaptor.EclipseStarter.run([Ljava/lang/String;Ljava/lang/Runnable;)Ljava/lang/Object;+21
v  ~StubRoutines::call_stub
j  jdk.internal.reflect.NativeMethodAccessorImpl.invoke0(Ljava/lang/reflect/Method;Ljava/lang/Object;[Ljava/lang/Object;)Ljava/lang/Object;+0 java.base@17.0.8.1
j  jdk.internal.reflect.NativeMethodAccessorImpl.invoke(Ljava/lang/Object;[Ljava/lang/Object;)Ljava/lang/Object;+133 java.base@17.0.8.1
j  jdk.internal.reflect.DelegatingMethodAccessorImpl.invoke(Ljava/lang/Object;[Ljava/lang/Object;)Ljava/lang/Object;+6 java.base@17.0.8.1
j  java.lang.reflect.Method.invoke(Ljava/lang/Object;[Ljava/lang/Object;)Ljava/lang/Object;+59 java.base@17.0.8.1
j  org.eclipse.equinox.launcher.Main.invokeFramework([Ljava/lang/String;[Ljava/net/URL;)V+201
j  org.eclipse.equinox.launcher.Main.basicRun([Ljava/lang/String;)V+159
j  org.eclipse.equinox.launcher.Main.run([Ljava/lang/String;)I+4
j  org.eclipse.equinox.launcher.Main.main([Ljava/lang/String;)V+10
v  ~StubRoutines::call_stub

---------------  P R O C E S S  ---------------

Threads class SMR info:
_java_thread_list=0x000002c71c0fba50, length=14, elements={
0x000002c77fb982a0, 0x000002c77fe42660, 0x000002c77fe43c80, 0x000002c77fe4b350,
0x000002c77fe4d1e0, 0x000002c77fe4e4a0, 0x000002c71a0ba020, 0x000002c71a0bbb60,
0x000002c71a0c09a0, 0x000002c71a0ca310, 0x000002c71a1cd2b0, 0x000002c71a3f1f80,
0x000002c71c032fe0, 0x000002c71c03df80
}

Java Threads: ( => current thread )
=>0x000002c77fb982a0 JavaThread "main" [_thread_in_vm, id=20412, stack(0x000000d87e700000,0x000000d87e800000)]
  0x000002c77fe42660 JavaThread "Reference Handler" daemon [_thread_blocked, id=10464, stack(0x000000d87ea00000,0x000000d87eb00000)]
  0x000002c77fe43c80 JavaThread "Finalizer" daemon [_thread_blocked, id=5648, stack(0x000000d87eb00000,0x000000d87ec00000)]
  0x000002c77fe4b350 JavaThread "Signal Dispatcher" daemon [_thread_blocked, id=13496, stack(0x000000d87ec00000,0x000000d87ed00000)]
  0x000002c77fe4d1e0 JavaThread "Attach Listener" daemon [_thread_blocked, id=25176, stack(0x000000d87ed00000,0x000000d87ee00000)]
  0x000002c77fe4e4a0 JavaThread "Service Thread" daemon [_thread_blocked, id=23500, stack(0x000000d87ee00000,0x000000d87ef00000)]
  0x000002c71a0ba020 JavaThread "Monitor Deflation Thread" daemon [_thread_blocked, id=11384, stack(0x000000d87ef00000,0x000000d87f000000)]
  0x000002c71a0bbb60 JavaThread "C2 CompilerThread0" daemon [_thread_blocked, id=15084, stack(0x000000d87f000000,0x000000d87f100000)]
  0x000002c71a0c09a0 JavaThread "C1 CompilerThread0" daemon [_thread_blocked, id=7264, stack(0x000000d87f100000,0x000000d87f200000)]
  0x000002c71a0ca310 JavaThread "Sweeper thread" daemon [_thread_blocked, id=7356, stack(0x000000d87f200000,0x000000d87f300000)]
  0x000002c71a1cd2b0 JavaThread "Common-Cleaner" daemon [_thread_blocked, id=6040, stack(0x000000d87f300000,0x000000d87f400000)]
  0x000002c71a3f1f80 JavaThread "Notification Thread" daemon [_thread_blocked, id=19588, stack(0x000000d87f400000,0x000000d87f500000)]
  0x000002c71c032fe0 JavaThread "C2 CompilerThread1" daemon [_thread_in_native, id=22692, stack(0x000000d87fc00000,0x000000d87fd00000)]
  0x000002c71c03df80 JavaThread "Active Thread: Equinox Container: 9b5f537b-9c7f-4f0f-ac87-3c6da64dadd7" [_thread_blocked, id=11616, stack(0x000000d87fd00000,0x000000d87fe00000)]

Other Threads:
  0x000002c77fc45980 VMThread "VM Thread" [stack: 0x000000d87e900000,0x000000d87ea00000] [id=9256]
  0x000002c71a3e9500 WatcherThread [stack: 0x000000d87f500000,0x000000d87f600000] [id=7776]
  0x000002c77fbae2a0 GCTaskThread "GC Thread#0" [stack: 0x000000d87e800000,0x000000d87e900000] [id=10372]
  0x000002c71be1ddc0 GCTaskThread "GC Thread#1" [stack: 0x000000d87f600000,0x000000d87f700000] [id=19672]
  0x000002c71ba9bd10 GCTaskThread "GC Thread#2" [stack: 0x000000d87f700000,0x000000d87f800000] [id=9588]
  0x000002c71be1e080 GCTaskThread "GC Thread#3" [stack: 0x000000d87f800000,0x000000d87f900000] [id=17472]
  0x000002c71bb2a940 GCTaskThread "GC Thread#4" [stack: 0x000000d87f900000,0x000000d87fa00000] [id=25112]
  0x000002c71bb2ac00 GCTaskThread "GC Thread#5" [stack: 0x000000d87fa00000,0x000000d87fb00000] [id=19400]
  0x000002c71a3efbd0 GCTaskThread "GC Thread#6" [stack: 0x000000d87fb00000,0x000000d87fc00000] [id=5852]

Threads with active compile tasks:
C2 CompilerThread1     2273 1386       4       sun.security.provider.SHA5::implCompress0 (346 bytes)

VM state: not at safepoint (normal execution)

VM Mutex/Monitor currently owned by a thread:  ([mutex/lock_event])
[0x000002c77fb92c60] Metaspace_lock - owner thread: 0x000002c77fb982a0

Heap address: 0x00000000c0000000, size: 1024 MB, Compressed Oops mode: 32-bit

CDS archive(s) not mapped
Compressed class space mapped at: 0x0000000100000000-0x0000000140000000, reserved size: 1073741824
Narrow klass base: 0x0000000000000000, Narrow klass shift: 3, Narrow klass range: 0x140000000

GC Precious Log:
 CPUs: 12 total, 12 available
 Memory: 23914M
 Large Page Support: Disabled
 NUMA Support: Disabled
 Compressed Oops: Enabled (32-bit)
 Alignments: Space 512K, Generation 512K, Heap 2M
 Heap Min Capacity: 100M
 Heap Initial Capacity: 100M
 Heap Max Capacity: 1G
 Pre-touch: Disabled
 Parallel Workers: 10

Heap:
 PSYoungGen      total 29696K, used 20461K [0x00000000eab00000, 0x00000000ecc00000, 0x0000000100000000)
  eden space 25600K, 67% used [0x00000000eab00000,0x00000000ebbe44c8,0x00000000ec400000)
  from space 4096K, 77% used [0x00000000ec400000,0x00000000ec717090,0x00000000ec800000)
  to   space 4096K, 0% used [0x00000000ec800000,0x00000000ec800000,0x00000000ecc00000)
 ParOldGen       total 68608K, used 8K [0x00000000c0000000, 0x00000000c4300000, 0x00000000eab00000)
  object space 68608K, 0% used [0x00000000c0000000,0x00000000c0002000,0x00000000c4300000)
 Metaspace       used 13607K, committed 13824K, reserved 1114112K
  class space    used 1347K, committed 1472K, reserved 1048576K

Card table byte_map: [0x000002c77f560000,0x000002c77f770000] _byte_map_base: 0x000002c77ef60000

Marking Bits: (ParMarkBitMap*) 0x00007ffddcdd83a0
 Begin Bits: [0x000002c712fd0000, 0x000002c713fd0000)
 End Bits:   [0x000002c713fd0000, 0x000002c714fd0000)

Polling page: 0x000002c77f350000

Metaspace:

Usage:
  Non-class:     11.97 MB used.
      Class:      1.32 MB used.
       Both:     13.29 MB used.

Virtual space:
  Non-class space:       64.00 MB reserved,      12.06 MB ( 19%) committed,  1 nodes.
      Class space:        1.00 GB reserved,       1.44 MB ( <1%) committed,  1 nodes.
             Both:        1.06 GB reserved,      13.50 MB (  1%) committed. 

Chunk freelists:
   Non-Class:  3.48 MB
       Class:  14.50 MB
        Both:  17.98 MB

MaxMetaspaceSize: unlimited
CompressedClassSpaceSize: 1.00 GB
Initial GC threshold: 21.00 MB
Current GC threshold: 21.00 MB
CDS: off
MetaspaceReclaimPolicy: balanced
 - commit_granule_bytes: 65536.
 - commit_granule_words: 8192.
 - virtual_space_node_default_size: 8388608.
 - enlarge_chunks_in_place: 1.
 - new_chunks_are_fully_committed: 0.
 - uncommit_free_chunks: 1.
 - use_allocation_guard: 0.
 - handle_deallocations: 1.


Internal statistics:

num_allocs_failed_limit: 0.
num_arena_births: 54.
num_arena_deaths: 0.
num_vsnodes_births: 2.
num_vsnodes_deaths: 0.
num_space_committed: 216.
num_space_uncommitted: 0.
num_chunks_returned_to_freelist: 0.
num_chunks_taken_from_freelist: 214.
num_chunk_merges: 0.
num_chunk_splits: 144.
num_chunks_enlarged: 114.
num_inconsistent_stats: 0.

CodeHeap 'non-profiled nmethods': size=120000Kb used=591Kb max_used=591Kb free=119408Kb
 bounds [0x000002c70baa0000, 0x000002c70bd10000, 0x000002c712fd0000]
CodeHeap 'profiled nmethods': size=120000Kb used=2471Kb max_used=2471Kb free=117528Kb
 bounds [0x000002c703fd0000, 0x000002c704240000, 0x000002c70b500000]
CodeHeap 'non-nmethods': size=5760Kb used=1158Kb max_used=1177Kb free=4601Kb
 bounds [0x000002c70b500000, 0x000002c70b770000, 0x000002c70baa0000]
 total_blobs=1836 nmethods=1390 adapters=360
 compilation: enabled
              stopped_count=0, restarted_count=0
 full_count=0

Compilation events (20 events):
Event: 2.241 Thread 0x000002c71a0c09a0 nmethod 1378 0x000002c704235090 code [0x000002c704235260, 0x000002c704235728]
Event: 2.241 Thread 0x000002c71a0c09a0 1377       3       java.util.ArrayList::indexOf (11 bytes)
Event: 2.241 Thread 0x000002c71a0c09a0 nmethod 1377 0x000002c704235910 code [0x000002c704235ac0, 0x000002c704235c08]
Event: 2.245 Thread 0x000002c71a0bbb60 1379   !   4       java.lang.String::<init> (843 bytes)
Event: 2.246 Thread 0x000002c71a0c09a0 1380       3       java.lang.ThreadLocal::getMap (5 bytes)
Event: 2.246 Thread 0x000002c71a0c09a0 nmethod 1380 0x000002c704235d10 code [0x000002c704235ea0, 0x000002c704235fb8]
Event: 2.246 Thread 0x000002c71a0c09a0 1382       3       sun.security.util.ObjectIdentifier::equals (33 bytes)
Event: 2.247 Thread 0x000002c71a0c09a0 nmethod 1382 0x000002c704236090 code [0x000002c704236260, 0x000002c704236648]
Event: 2.247 Thread 0x000002c71a0c09a0 1383       3       java.math.BigInteger::implSquareToLen (154 bytes)
Event: 2.248 Thread 0x000002c71a0c09a0 nmethod 1383 0x000002c704236710 code [0x000002c704236900, 0x000002c704236da8]
Event: 2.248 Thread 0x000002c71a0c09a0 1384       3       java.math.BigInteger::shiftLeftImplWorker (43 bytes)
Event: 2.248 Thread 0x000002c71a0c09a0 nmethod 1384 0x000002c704237110 code [0x000002c7042372c0, 0x000002c7042374f8]
Event: 2.248 Thread 0x000002c71a0c09a0 1385       3       jdk.internal.util.ArraysSupport::mismatch (73 bytes)
Event: 2.249 Thread 0x000002c71a0c09a0 nmethod 1385 0x000002c704237690 code [0x000002c704237860, 0x000002c704237c78]
Event: 2.249 Thread 0x000002c71a0c09a0 1388       3       java.util.Arrays::copyOfRange (64 bytes)
Event: 2.250 Thread 0x000002c71a0c09a0 nmethod 1388 0x000002c704237e90 code [0x000002c704238100, 0x000002c7042389f8]
Event: 2.250 Thread 0x000002c71a0c09a0 1389       3       java.math.MutableBigInteger::divWord (108 bytes)
Event: 2.250 Thread 0x000002c71a0c09a0 nmethod 1389 0x000002c704238d90 code [0x000002c704238f40, 0x000002c7042392b8]
Event: 2.251 Thread 0x000002c71a0c09a0 1391       3       java.math.BigInteger::bitLength (140 bytes)
Event: 2.251 Thread 0x000002c71a0c09a0 nmethod 1391 0x000002c704239410 code [0x000002c704239600, 0x000002c704239b58]

GC Heap History (2 events):
Event: 1.518 GC heap before
{Heap before GC invocations=1 (full 0):
 PSYoungGen      total 29696K, used 25600K [0x00000000eab00000, 0x00000000ecc00000, 0x0000000100000000)
  eden space 25600K, 100% used [0x00000000eab00000,0x00000000ec400000,0x00000000ec400000)
  from space 4096K, 0% used [0x00000000ec800000,0x00000000ec800000,0x00000000ecc00000)
  to   space 4096K, 0% used [0x00000000ec400000,0x00000000ec400000,0x00000000ec800000)
 ParOldGen       total 68608K, used 0K [0x00000000c0000000, 0x00000000c4300000, 0x00000000eab00000)
  object space 68608K, 0% used [0x00000000c0000000,0x00000000c0000000,0x00000000c4300000)
 Metaspace       used 11034K, committed 11200K, reserved 1114112K
  class space    used 1101K, committed 1216K, reserved 1048576K
}
Event: 1.528 GC heap after
{Heap after GC invocations=1 (full 0):
 PSYoungGen      total 29696K, used 3164K [0x00000000eab00000, 0x00000000ecc00000, 0x0000000100000000)
  eden space 25600K, 0% used [0x00000000eab00000,0x00000000eab00000,0x00000000ec400000)
  from space 4096K, 77% used [0x00000000ec400000,0x00000000ec717090,0x00000000ec800000)
  to   space 4096K, 0% used [0x00000000ec800000,0x00000000ec800000,0x00000000ecc00000)
 ParOldGen       total 68608K, used 8K [0x00000000c0000000, 0x00000000c4300000, 0x00000000eab00000)
  object space 68608K, 0% used [0x00000000c0000000,0x00000000c0002000,0x00000000c4300000)
 Metaspace       used 11034K, committed 11200K, reserved 1114112K
  class space    used 1101K, committed 1216K, reserved 1048576K
}

Dll operation events (8 events):
Event: 0.013 Loaded shared library c:\Users\USER\.vscode\extensions\redhat.java-1.24.0-win32-x64\jre\17.0.8.1-win32-x86_64\bin\java.dll
Event: 0.224 Loaded shared library c:\Users\USER\.vscode\extensions\redhat.java-1.24.0-win32-x64\jre\17.0.8.1-win32-x86_64\bin\zip.dll
Event: 0.229 Loaded shared library C:\Users\USER\.vscode\extensions\redhat.java-1.24.0-win32-x64\jre\17.0.8.1-win32-x86_64\bin\instrument.dll
Event: 0.246 Loaded shared library C:\Users\USER\.vscode\extensions\redhat.java-1.24.0-win32-x64\jre\17.0.8.1-win32-x86_64\bin\net.dll
Event: 0.251 Loaded shared library C:\Users\USER\.vscode\extensions\redhat.java-1.24.0-win32-x64\jre\17.0.8.1-win32-x86_64\bin\nio.dll
Event: 0.274 Loaded shared library C:\Users\USER\.vscode\extensions\redhat.java-1.24.0-win32-x64\jre\17.0.8.1-win32-x86_64\bin\zip.dll
Event: 0.309 Loaded shared library C:\Users\USER\.vscode\extensions\redhat.java-1.24.0-win32-x64\jre\17.0.8.1-win32-x86_64\bin\jimage.dll
Event: 0.461 Loaded shared library c:\Users\USER\.vscode\extensions\redhat.java-1.24.0-win32-x64\jre\17.0.8.1-win32-x86_64\bin\verify.dll

Deoptimization events (20 events):
Event: 2.202 Thread 0x000002c77fb982a0 Uncommon trap: trap_request=0xffffffde fr.pc=0x000002c70bb05888 relative=0x0000000000000968
Event: 2.202 Thread 0x000002c77fb982a0 Uncommon trap: reason=class_check action=maybe_recompile pc=0x000002c70bb05888 method=java.util.HashMap.putVal(ILjava/lang/Object;Ljava/lang/Object;ZZ)Ljava/lang/Object; @ 253 c2
Event: 2.202 Thread 0x000002c77fb982a0 DEOPT PACKING pc=0x000002c70bb05888 sp=0x000000d87e7fde70
Event: 2.202 Thread 0x000002c77fb982a0 DEOPT UNPACKING pc=0x000002c70b5566a3 sp=0x000000d87e7fddf0 mode 2
Event: 2.205 Thread 0x000002c77fb982a0 Uncommon trap: trap_request=0xffffffde fr.pc=0x000002c70bb05888 relative=0x0000000000000968
Event: 2.205 Thread 0x000002c77fb982a0 Uncommon trap: reason=class_check action=maybe_recompile pc=0x000002c70bb05888 method=java.util.HashMap.putVal(ILjava/lang/Object;Ljava/lang/Object;ZZ)Ljava/lang/Object; @ 253 c2
Event: 2.205 Thread 0x000002c77fb982a0 DEOPT PACKING pc=0x000002c70bb05888 sp=0x000000d87e7fde70
Event: 2.205 Thread 0x000002c77fb982a0 DEOPT UNPACKING pc=0x000002c70b5566a3 sp=0x000000d87e7fddf0 mode 2
Event: 2.206 Thread 0x000002c77fb982a0 Uncommon trap: trap_request=0xffffffde fr.pc=0x000002c70bb05888 relative=0x0000000000000968
Event: 2.206 Thread 0x000002c77fb982a0 Uncommon trap: reason=class_check action=maybe_recompile pc=0x000002c70bb05888 method=java.util.HashMap.putVal(ILjava/lang/Object;Ljava/lang/Object;ZZ)Ljava/lang/Object; @ 253 c2
Event: 2.206 Thread 0x000002c77fb982a0 DEOPT PACKING pc=0x000002c70bb05888 sp=0x000000d87e7fdd70
Event: 2.206 Thread 0x000002c77fb982a0 DEOPT UNPACKING pc=0x000002c70b5566a3 sp=0x000000d87e7fdcf0 mode 2
Event: 2.209 Thread 0x000002c77fb982a0 Uncommon trap: trap_request=0xffffffde fr.pc=0x000002c70bb05888 relative=0x0000000000000968
Event: 2.209 Thread 0x000002c77fb982a0 Uncommon trap: reason=class_check action=maybe_recompile pc=0x000002c70bb05888 method=java.util.HashMap.putVal(ILjava/lang/Object;Ljava/lang/Object;ZZ)Ljava/lang/Object; @ 253 c2
Event: 2.209 Thread 0x000002c77fb982a0 DEOPT PACKING pc=0x000002c70bb05888 sp=0x000000d87e7fddf0
Event: 2.209 Thread 0x000002c77fb982a0 DEOPT UNPACKING pc=0x000002c70b5566a3 sp=0x000000d87e7fdd70 mode 2
Event: 2.249 Thread 0x000002c77fb982a0 DEOPT PACKING pc=0x000002c7040e0fe1 sp=0x000000d87e7fc890
Event: 2.249 Thread 0x000002c77fb982a0 DEOPT UNPACKING pc=0x000002c70b556e43 sp=0x000000d87e7fbd18 mode 0
Event: 2.249 Thread 0x000002c77fb982a0 DEOPT PACKING pc=0x000002c7040e0fe1 sp=0x000000d87e7fc810
Event: 2.249 Thread 0x000002c77fb982a0 DEOPT UNPACKING pc=0x000002c70b556e43 sp=0x000000d87e7fbc98 mode 0

Classes unloaded (0 events):
No events

Classes redefined (0 events):
No events

Internal exceptions (20 events):
Event: 0.885 Thread 0x000002c77fb982a0 Exception <a 'java/io/FileNotFoundException'{0x00000000eb8632e8}> (0x00000000eb8632e8) 
thrown [s\src\hotspot\share\prims\jni.cpp, line 516]
Event: 0.885 Thread 0x000002c77fb982a0 Exception <a 'java/io/FileNotFoundException'{0x00000000eb863fa8}> (0x00000000eb863fa8) 
thrown [s\src\hotspot\share\prims\jni.cpp, line 516]
Event: 0.892 Thread 0x000002c77fb982a0 Implicit null exception at 0x000002c70bac45f2 to 0x000002c70bac4b10
Event: 0.895 Thread 0x000002c77fb982a0 Exception <a 'java/io/FileNotFoundException'{0x00000000eb89e9e0}> (0x00000000eb89e9e0) 
thrown [s\src\hotspot\share\prims\jni.cpp, line 516]
Event: 1.257 Thread 0x000002c77fb982a0 Exception <a 'java/lang/ClassNotFoundException'{0x00000000ec0a2c10}: sun/net/www/protocol/c/Handler> (0x00000000ec0a2c10) 
thrown [s\src\hotspot\share\classfile\systemDictionary.cpp, line 256]
Event: 1.257 Thread 0x000002c77fb982a0 Exception <a 'java/lang/ClassNotFoundException'{0x00000000ec0a3f68}: sun/net/www/protocol/c/Handler> (0x00000000ec0a3f68) 
thrown [s\src\hotspot\share\classfile\systemDictionary.cpp, line 256]
Event: 1.258 Thread 0x000002c77fb982a0 Exception <a 'java/lang/ClassNotFoundException'{0x00000000ec0a5108}: sun/net/www/protocol/c/Handler> (0x00000000ec0a5108) 
thrown [s\src\hotspot\share\classfile\systemDictionary.cpp, line 256]
Event: 1.270 Thread 0x000002c77fb982a0 Exception <a 'java/io/FileNotFoundException'{0x00000000ec0c3f08}> (0x00000000ec0c3f08) 
thrown [s\src\hotspot\share\prims\jni.cpp, line 516]
Event: 1.390 Thread 0x000002c77fb982a0 Implicit null exception at 0x000002c70bae345b to 0x000002c70bae3e58
Event: 1.391 Thread 0x000002c77fb982a0 Implicit null exception at 0x000002c70baf1eec to 0x000002c70baf20cc
Event: 1.391 Thread 0x000002c77fb982a0 Implicit null exception at 0x000002c70baea96c to 0x000002c70baeab3c
Event: 1.391 Thread 0x000002c77fb982a0 Implicit null exception at 0x000002c70bae4e8f to 0x000002c70bae4f05
Event: 1.484 Thread 0x000002c77fb982a0 Exception <a 'java/lang/NoSuchMethodError'{0x00000000ec38ea38}: 'int java.lang.invoke.DirectMethodHandle$Holder.invokeStaticInit(java.lang.Object, java.lang.Object, java.lang.Object, java.lang.Object)'> (0x00000000ec38ea38) 
thrown [s\src\hotspot\share\interpreter\linkResolver.cpp, line 759]
Event: 1.490 Thread 0x000002c77fb982a0 Exception <a 'java/lang/NoSuchMethodError'{0x00000000ec3990a8}: 'java.lang.Object java.lang.invoke.DirectMethodHandle$Holder.invokeInterface(java.lang.Object, java.lang.Object)'> (0x00000000ec3990a8) 
thrown [s\src\hotspot\share\interpreter\linkResolver.cpp, line 759]
Event: 1.493 Thread 0x000002c77fb982a0 Exception <a 'java/lang/IncompatibleClassChangeError'{0x00000000ec39c8a0}: Found class java.lang.Object, but interface was expected> (0x00000000ec39c8a0) 
thrown [s\src\hotspot\share\interpreter\linkResolver.cpp, line 826]
Event: 1.495 Thread 0x000002c77fb982a0 Exception <a 'java/lang/NoSuchMethodError'{0x00000000ec3a0d98}: 'void java.lang.invoke.DirectMethodHandle$Holder.invokeStatic(java.lang.Object, java.lang.Object)'> (0x00000000ec3a0d98) 
thrown [s\src\hotspot\share\interpreter\linkResolver.cpp, line 759]
Event: 1.496 Thread 0x000002c77fb982a0 Exception <a 'java/lang/NoSuchMethodError'{0x00000000ec3a4598}: 'void java.lang.invoke.DirectMethodHandle$Holder.invokeStaticInit(java.lang.Object, java.lang.Object)'> (0x00000000ec3a4598) 
thrown [s\src\hotspot\share\interpreter\linkResolver.cpp, line 759]
Event: 1.498 Thread 0x000002c77fb982a0 Exception <a 'java/lang/NoSuchMethodError'{0x00000000ec3ab9b0}: 'int java.lang.invoke.DirectMethodHandle$Holder.invokeStaticInit(java.lang.Object, java.lang.Object)'> (0x00000000ec3ab9b0) 
thrown [s\src\hotspot\share\interpreter\linkResolver.cpp, line 759]
Event: 1.607 Thread 0x000002c77fb982a0 Exception <a 'java/lang/NoSuchMethodError'{0x00000000eabd4398}: 'void java.lang.invoke.DirectMethodHandle$Holder.invokeSpecial(java.lang.Object, java.lang.Object, java.lang.Object)'> (0x00000000eabd4398) 
thrown [s\src\hotspot\share\interpreter\linkResolver.cpp, line 759]
Event: 2.178 Thread 0x000002c77fb982a0 Exception <a 'java/lang/NoSuchMethodError'{0x00000000eb864fd0}: 'java.lang.Object java.lang.invoke.DirectMethodHandle$Holder.newInvokeSpecial(java.lang.Object, int, java.lang.Object)'> (0x00000000eb864fd0) 
thrown [s\src\hotspot\share\interpreter\linkResolver.cpp, line 759]

VM Operations (20 events):
Event: 0.340 Executing VM operation: HandshakeAllThreads
Event: 0.340 Executing VM operation: HandshakeAllThreads done
Event: 0.844 Executing VM operation: HandshakeAllThreads
Event: 0.844 Executing VM operation: HandshakeAllThreads done
Event: 0.859 Executing VM operation: HandshakeAllThreads
Event: 0.859 Executing VM operation: HandshakeAllThreads done
Event: 1.199 Executing VM operation: HandshakeAllThreads
Event: 1.199 Executing VM operation: HandshakeAllThreads done
Event: 1.199 Executing VM operation: Cleanup
Event: 1.199 Executing VM operation: Cleanup done
Event: 1.518 Executing VM operation: ParallelGCFailedAllocation
Event: 1.528 Executing VM operation: ParallelGCFailedAllocation done
Event: 2.138 Executing VM operation: HandshakeAllThreads
Event: 2.138 Executing VM operation: HandshakeAllThreads done
Event: 2.138 Executing VM operation: HandshakeAllThreads
Event: 2.138 Executing VM operation: HandshakeAllThreads done
Event: 2.148 Executing VM operation: HandshakeAllThreads
Event: 2.148 Executing VM operation: HandshakeAllThreads done
Event: 2.171 Executing VM operation: HandshakeAllThreads
Event: 2.171 Executing VM operation: HandshakeAllThreads done

Events (20 events):
Event: 2.127 loading class java/util/concurrent/ForkJoinPool$WorkQueue
Event: 2.127 loading class java/util/concurrent/ForkJoinPool$WorkQueue done
Event: 2.127 loading class java/util/concurrent/ForkJoinWorkerThread
Event: 2.127 loading class java/util/concurrent/ForkJoinWorkerThread done
Event: 2.147 loading class java/util/ArrayList$ListItr
Event: 2.148 loading class java/util/ArrayList$ListItr done
Event: 2.170 loading class java/util/LinkedList
Event: 2.170 loading class java/util/AbstractSequentialList
Event: 2.170 loading class java/util/AbstractSequentialList done
Event: 2.170 loading class java/util/LinkedList done
Event: 2.204 loading class java/util/ConcurrentModificationException
Event: 2.205 loading class java/util/ConcurrentModificationException done
Event: 2.211 loading class java/net/ContentHandlerFactory
Event: 2.211 loading class java/net/ContentHandlerFactory done
Event: 2.217 loading class java/net/ContentHandler
Event: 2.217 loading class java/net/ContentHandler done
Event: 2.236 loading class javax/xml/parsers/ParserConfigurationException
Event: 2.236 loading class javax/xml/parsers/ParserConfigurationException done
Event: 2.240 loading class java/security/KeyStoreException
Event: 2.240 loading class java/security/KeyStoreException done


Dynamic libraries:
0x00007ff6403a0000 - 0x00007ff6403ae000 	c:\Users\USER\.vscode\extensions\redhat.java-1.24.0-win32-x64\jre\17.0.8.1-win32-x86_64\bin\java.exe
0x00007ffe84d10000 - 0x00007ffe84f27000 	C:\WINDOWS\SYSTEM32\ntdll.dll
0x00007ffe83cb0000 - 0x00007ffe83d74000 	C:\WINDOWS\System32\KERNEL32.DLL
0x00007ffe824f0000 - 0x00007ffe82895000 	C:\WINDOWS\System32\KERNELBASE.dll
0x00007ffe828a0000 - 0x00007ffe829b1000 	C:\WINDOWS\System32\ucrtbase.dll
0x00007ffe699c0000 - 0x00007ffe699d7000 	c:\Users\USER\.vscode\extensions\redhat.java-1.24.0-win32-x64\jre\17.0.8.1-win32-x86_64\bin\jli.dll
0x00007ffe7b740000 - 0x00007ffe7b759000 	c:\Users\USER\.vscode\extensions\redhat.java-1.24.0-win32-x64\jre\17.0.8.1-win32-x86_64\bin\VCRUNTIME140.dll
0x00007ffe83d80000 - 0x00007ffe83f2e000 	C:\WINDOWS\System32\USER32.dll
0x00007ffe82210000 - 0x00007ffe82236000 	C:\WINDOWS\System32\win32u.dll
0x00007ffe67960000 - 0x00007ffe67bf3000 	C:\WINDOWS\WinSxS\amd64_microsoft.windows.common-controls_6595b64144ccf1df_6.0.22621.2506_none_270c5ae97388e100\COMCTL32.dll
0x00007ffe83600000 - 0x00007ffe83629000 	C:\WINDOWS\System32\GDI32.dll
0x00007ffe83460000 - 0x00007ffe83507000 	C:\WINDOWS\System32\msvcrt.dll
0x00007ffe820f0000 - 0x00007ffe82209000 	C:\WINDOWS\System32\gdi32full.dll
0x00007ffe829c0000 - 0x00007ffe82a5a000 	C:\WINDOWS\System32\msvcp_win.dll
0x00007ffe84030000 - 0x00007ffe84061000 	C:\WINDOWS\System32\IMM32.DLL
0x00007ffe79820000 - 0x00007ffe7982c000 	c:\Users\USER\.vscode\extensions\redhat.java-1.24.0-win32-x64\jre\17.0.8.1-win32-x86_64\bin\vcruntime140_1.dll
0x00007ffe69920000 - 0x00007ffe699b1000 	c:\Users\USER\.vscode\extensions\redhat.java-1.24.0-win32-x64\jre\17.0.8.1-win32-x86_64\bin\msvcp140.dll
0x00007ffddc250000 - 0x00007ffddce9c000 	c:\Users\USER\.vscode\extensions\redhat.java-1.24.0-win32-x64\jre\17.0.8.1-win32-x86_64\bin\server\jvm.dll
0x00007ffe82a60000 - 0x00007ffe82b11000 	C:\WINDOWS\System32\ADVAPI32.dll
0x00007ffe84230000 - 0x00007ffe842d6000 	C:\WINDOWS\System32\sechost.dll
0x00007ffe842e0000 - 0x00007ffe843f7000 	C:\WINDOWS\System32\RPCRT4.dll
0x00007ffe81ea0000 - 0x00007ffe81eed000 	C:\WINDOWS\SYSTEM32\POWRPROF.dll
0x00007ffe799b0000 - 0x00007ffe799e4000 	C:\WINDOWS\SYSTEM32\WINMM.dll
0x00007ffe6b6f0000 - 0x00007ffe6b6f9000 	C:\WINDOWS\SYSTEM32\WSOCK32.dll
0x00007ffe789c0000 - 0x00007ffe789ca000 	C:\WINDOWS\SYSTEM32\VERSION.dll
0x00007ffe836a0000 - 0x00007ffe83711000 	C:\WINDOWS\System32\WS2_32.dll
0x00007ffe81d80000 - 0x00007ffe81d93000 	C:\WINDOWS\SYSTEM32\UMPDC.dll
0x00007ffe81060000 - 0x00007ffe81078000 	C:\WINDOWS\SYSTEM32\kernel.appcore.dll
0x00007ffe69a20000 - 0x00007ffe69a2a000 	c:\Users\USER\.vscode\extensions\redhat.java-1.24.0-win32-x64\jre\17.0.8.1-win32-x86_64\bin\jimage.dll
0x00007ffe757a0000 - 0x00007ffe759d3000 	C:\WINDOWS\SYSTEM32\DBGHELP.DLL
0x00007ffe84830000 - 0x00007ffe84bb9000 	C:\WINDOWS\System32\combase.dll
0x00007ffe84bd0000 - 0x00007ffe84ca7000 	C:\WINDOWS\System32\OLEAUT32.dll
0x00007ffe6cfd0000 - 0x00007ffe6d002000 	C:\WINDOWS\SYSTEM32\dbgcore.DLL
0x00007ffe823b0000 - 0x00007ffe8242a000 	C:\WINDOWS\System32\bcryptPrimitives.dll
0x00007ffe69910000 - 0x00007ffe6991e000 	c:\Users\USER\.vscode\extensions\redhat.java-1.24.0-win32-x64\jre\17.0.8.1-win32-x86_64\bin\instrument.dll
0x00007ffe698e0000 - 0x00007ffe69905000 	c:\Users\USER\.vscode\extensions\redhat.java-1.24.0-win32-x64\jre\17.0.8.1-win32-x86_64\bin\java.dll
0x00007ffe60900000 - 0x00007ffe60918000 	c:\Users\USER\.vscode\extensions\redhat.java-1.24.0-win32-x64\jre\17.0.8.1-win32-x86_64\bin\zip.dll
0x00007ffe82c00000 - 0x00007ffe83459000 	C:\WINDOWS\System32\SHELL32.dll
0x00007ffe7ff20000 - 0x00007ffe80814000 	C:\WINDOWS\SYSTEM32\windows.storage.dll
0x00007ffe7fde0000 - 0x00007ffe7ff1e000 	C:\WINDOWS\SYSTEM32\wintypes.dll
0x00007ffe83720000 - 0x00007ffe83813000 	C:\WINDOWS\System32\SHCORE.dll
0x00007ffe84550000 - 0x00007ffe845ae000 	C:\WINDOWS\System32\shlwapi.dll
0x00007ffe81fb0000 - 0x00007ffe81fd6000 	C:\WINDOWS\SYSTEM32\profapi.dll
0x00007ffe5a0b0000 - 0x00007ffe5a0c9000 	C:\Users\USER\.vscode\extensions\redhat.java-1.24.0-win32-x64\jre\17.0.8.1-win32-x86_64\bin\net.dll
0x00007ffe79cf0000 - 0x00007ffe79e27000 	C:\WINDOWS\SYSTEM32\WINHTTP.dll
0x00007ffe81500000 - 0x00007ffe81569000 	C:\WINDOWS\system32\mswsock.dll
0x00007ffe5a090000 - 0x00007ffe5a0a5000 	C:\Users\USER\.vscode\extensions\redhat.java-1.24.0-win32-x64\jre\17.0.8.1-win32-x86_64\bin\nio.dll
0x00007ffe695a0000 - 0x00007ffe695b0000 	c:\Users\USER\.vscode\extensions\redhat.java-1.24.0-win32-x64\jre\17.0.8.1-win32-x86_64\bin\verify.dll

dbghelp: loaded successfully - version: 4.0.5 - missing functions: none
symbol engine: initialized successfully - sym options: 0x614 - pdb path: .;c:\Users\USER\.vscode\extensions\redhat.java-1.24.0-win32-x64\jre\17.0.8.1-win32-x86_64\bin;C:\WINDOWS\SYSTEM32;C:\WINDOWS\WinSxS\amd64_microsoft.windows.common-controls_6595b64144ccf1df_6.0.22621.2506_none_270c5ae97388e100;c:\Users\USER\.vscode\extensions\redhat.java-1.24.0-win32-x64\jre\17.0.8.1-win32-x86_64\bin\server

VM Arguments:
jvm_args: --add-modules=ALL-SYSTEM --add-opens=java.base/java.util=ALL-UNNAMED --add-opens=java.base/java.lang=ALL-UNNAMED --add-opens=java.base/sun.nio.fs=ALL-UNNAMED -Declipse.application=org.eclipse.jdt.ls.core.id1 -Dosgi.bundles.defaultStartLevel=4 -Declipse.product=org.eclipse.jdt.ls.core.product -Djava.import.generatesMetadataFilesAtProjectRoot=false -DDetectVMInstallationsJob.disabled=true -Dfile.encoding=utf8 -XX:+UseParallelGC -XX:GCTimeRatio=4 -XX:AdaptiveSizePolicyWeight=90 -Dsun.zip.disableMemoryMapping=true -Xmx1G -Xms100m -Xlog:disable -javaagent:c:\Users\USER\.vscode\extensions\redhat.java-1.24.0-win32-x64\lombok\lombok-1.18.30.jar 
java_command: c:\Users\USER\.vscode\extensions\redhat.java-1.24.0-win32-x64\server\plugins\org.eclipse.equinox.launcher_1.6.500.v20230717-2134.jar -configuration c:\Users\USER\AppData\Roaming\Code\User\globalStorage\redhat.java\1.24.0\config_ss_win -data c:\Users\USER\AppData\Roaming\Code\User\workspaceStorage\0371c33b91059773cc7b527ebf86a51d\redhat.java\ss_ws --stdio
java_class_path (initial): c:\Users\USER\.vscode\extensions\redhat.java-1.24.0-win32-x64\server\plugins\org.eclipse.equinox.launcher_1.6.500.v20230717-2134.jar
Launcher Type: SUN_STANDARD

[Global flags]
    uintx AdaptiveSizePolicyWeight                 = 90                                        {product} {command line}
     intx CICompilerCount                          = 4                                         {product} {ergonomic}
    uintx GCTimeRatio                              = 4                                         {product} {command line}
   size_t InitialHeapSize                          = 104857600                                 {product} {command line}
   size_t MaxHeapSize                              = 1073741824                                {product} {command line}
   size_t MaxNewSize                               = 357564416                                 {product} {ergonomic}
   size_t MinHeapDeltaBytes                        = 524288                                    {product} {ergonomic}
   size_t MinHeapSize                              = 104857600                                 {product} {command line}
   size_t NewSize                                  = 34603008                                  {product} {ergonomic}
    uintx NonNMethodCodeHeapSize                   = 5839372                                {pd product} {ergonomic}
    uintx NonProfiledCodeHeapSize                  = 122909434                              {pd product} {ergonomic}
   size_t OldSize                                  = 70254592                                  {product} {ergonomic}
    uintx ProfiledCodeHeapSize                     = 122909434                              {pd product} {ergonomic}
    uintx ReservedCodeCacheSize                    = 251658240                              {pd product} {ergonomic}
     bool SegmentedCodeCache                       = true                                      {product} {ergonomic}
   size_t SoftMaxHeapSize                          = 1073741824                             {manageable} {ergonomic}
     bool UseCompressedClassPointers               = true                           {product lp64_product} {ergonomic}
     bool UseCompressedOops                        = true                           {product lp64_product} {ergonomic}
     bool UseLargePagesIndividualAllocation        = false                                  {pd product} {ergonomic}
     bool UseParallelGC                            = true                                      {product} {command line}

Logging:
Log output configuration:
 #0: stdout all=off uptime,level,tags
 #1: stderr all=off uptime,level,tags

Environment Variables:
JAVA_HOME=C:\Program Files\Java\jdk-17
PATH=C:\Program Files\Java\jdk-17\bin;C:\Program Files\Common Files\Oracle\Java\javapath;C:\WINDOWS\system32;C:\WINDOWS;C:\WINDOWS\System32\Wbem;C:\WINDOWS\System32\WindowsPowerShell\v1.0\;C:\WINDOWS\System32\OpenSSH\;C:\xampp\php;C:\ProgramData\ComposerSetup\bin;C:\Program Files\Go\bin;C:\Users\USER\AppData\Roaming\nvm;C:\Program Files\nodejs;C:\Program Files\nodejs\;C:\Users\USER\AppData\Local\Android\Sdk\platforms;C:\Users\USER\AppData\Local\Android\Sdk\platform-tools;C:\ProgramData\chocolatey\bin;C:\Program Files\Git\cmd;C:\Program Files\MySQL\MySQL Server 8.0\bin;C:\Program Files\dotnet\;;C:\Program Files\Docker\Docker\resources\bin;C:\Program Files\MySQL\MySQL Shell 8.0\bin\;C:\Users\USER\AppData\Local\Microsoft\WindowsApps;C:\Users\USER\AppData\Local\Programs\Microsoft VS Code\bin;C:\Users\USER\AppData\Roaming\Composer\vendor\bin;C:\Users\USER\go\bin;C:\Users\USER\AppData\Roaming\nvm;C:\Program Files\nodejs;C:\Users\USER\AppData\Roaming\npm;C:\Users\USER\AppData\Local\Android\Sdk\platform-tools;C:\Users\USER\AppData\Local\Android\Sdk\platforms;C:\tools\dart-sdk\bin;C:\Users\USER\AppData\Roaming\Pub\Cache\bin;C:\tools\dart-sdk;D:\dev\flutter\bin;C:\Users\USER\.dotnet\tools
USERNAME=USER
OS=Windows_NT
PROCESSOR_IDENTIFIER=AMD64 Family 23 Model 104 Stepping 1, AuthenticAMD
TMP=C:\Users\USER\AppData\Local\Temp
TEMP=C:\Users\USER\AppData\Local\Temp



---------------  S Y S T E M  ---------------

OS:
 Windows 11 , 64 bit Build 22621 (10.0.22621.2506)
OS uptime: 0 days 1:02 hours
Hyper-V role detected

CPU: total 12 (initial active 12) (12 cores per cpu, 2 threads per core) family 23 model 104 stepping 1 microcode 0x0, cx8, cmov, fxsr, ht, mmx, 3dnowpref, sse, sse2, sse3, ssse3, sse4a, sse4.1, sse4.2, popcnt, lzcnt, tsc, tscinvbit, avx, avx2, aes, clmul, bmi1, bmi2, adx, sha, fma, vzeroupper, clflush, clflushopt, hv
Processor Information for all 12 processors :
  Max Mhz: 2100, Current Mhz: 2100, Mhz Limit: 2100

Memory: 4k page, system-wide physical 23914M (6056M free)
TotalPageFile size 23914M (AvailPageFile size 0M)
current process WorkingSet (physical memory assigned to process): 83M, peak: 83M
current process commit charge ("private bytes"): 211M, peak: 211M

vm_info: OpenJDK 64-Bit Server VM (17.0.8.1+1) for windows-amd64 JRE (17.0.8.1+1), built on Aug 23 2023 15:29:17 by "admin" with MS VC++ 16.7 (VS2019)

END.
