#
# There is insufficient memory for the Java Runtime Environment to continue.
# Native memory allocation (malloc) failed to allocate 1772688 bytes for Chunk::new
# Possible reasons:
#   The system is out of physical RAM or swap space
#   The process is running with CompressedOops enabled, and the Java Heap may be blocking the growth of the native heap
# Possible solutions:
#   Reduce memory load on the system
#   Increase physical memory or swap space
#   Check if swap backing store is full
#   Decrease Java heap size (-Xmx/-Xms)
#   Decrease number of Java threads
#   Decrease Java thread stack sizes (-Xss)
#   Set larger code cache with -XX:ReservedCodeCacheSize=
#   JVM is running with Unscaled Compressed Oops mode in which the Java heap is
#     placed in the first 4GB address space. The Java Heap base address is the
#     maximum limit for the native heap growth. Please use -XX:HeapBaseMinAddress
#     to set the Java Heap base and to place the Java Heap above 4GB virtual address.
# This output file may be truncated or incomplete.
#
#  Out of Memory Error (arena.cpp:189), pid=16252, tid=12920
#
# JRE version: OpenJDK Runtime Environment Temurin-17.0.8.1+1 (17.0.8.1+1) (build 17.0.8.1+1)
# Java VM: OpenJDK 64-Bit Server VM Temurin-17.0.8.1+1 (17.0.8.1+1, mixed mode, tiered, compressed oops, compressed class ptrs, parallel gc, windows-amd64)
# No core dump will be written. Minidumps are not enabled by default on client versions of Windows
#

---------------  S U M M A R Y ------------

Command Line: --add-modules=ALL-SYSTEM --add-opens=java.base/java.util=ALL-UNNAMED --add-opens=java.base/java.lang=ALL-UNNAMED --add-opens=java.base/sun.nio.fs=ALL-UNNAMED -Declipse.application=org.eclipse.jdt.ls.core.id1 -Dosgi.bundles.defaultStartLevel=4 -Declipse.product=org.eclipse.jdt.ls.core.product -Djava.import.generatesMetadataFilesAtProjectRoot=false -DDetectVMInstallationsJob.disabled=true -Dfile.encoding=utf8 -XX:+UseParallelGC -XX:GCTimeRatio=4 -XX:AdaptiveSizePolicyWeight=90 -Dsun.zip.disableMemoryMapping=true -Xmx1G -Xms100m -Xlog:disable -javaagent:c:\Users\USER\.vscode\extensions\redhat.java-1.23.0-win32-x64\lombok\lombok-1.18.30.jar -XX:+HeapDumpOnOutOfMemoryError -XX:HeapDumpPath=c:\Users\USER\AppData\Roaming\Code\User\workspaceStorage\82777f68574ca889bb410f351bd7249c\redhat.java -Daether.dependencyCollector.impl=bf c:\Users\USER\.vscode\extensions\redhat.java-1.23.0-win32-x64\server\plugins\org.eclipse.equinox.launcher_1.6.500.v20230717-2134.jar -configuration c:\Users\USER\AppData\Roaming\Code\User\globalStorage\redhat.java\1.23.0\config_win -data c:\Users\USER\AppData\Roaming\Code\User\workspaceStorage\82777f68574ca889bb410f351bd7249c\redhat.java\jdt_ws

Host: AMD Ryzen 5 5500U with Radeon Graphics         , 12 cores, 23G,  Windows 11 , 64 bit Build 22621 (10.0.22621.2361)
Time: Mon Oct  9 20:44:06 2023 SE Asia Standard Time elapsed time: 6.895558 seconds (0d 0h 0m 6s)

---------------  T H R E A D  ---------------

Current thread (0x000001fb285f4940):  JavaThread "C2 CompilerThread0" daemon [_thread_in_native, id=12920, stack(0x00000010a6700000,0x00000010a6800000)]


Current CompileTask:
C2:   6895 3787   !   4       org.eclipse.osgi.internal.loader.classpath.ClasspathManager::findClassImpl (308 bytes)

Stack: [0x00000010a6700000,0x00000010a6800000]
Native frames: (J=compiled Java code, j=interpreted, Vv=VM code, C=native code)
V  [jvm.dll+0x678b0a]
V  [jvm.dll+0x835e84]
V  [jvm.dll+0x83762e]
V  [jvm.dll+0x837c93]
V  [jvm.dll+0x24746f]
V  [jvm.dll+0xac20c]
V  [jvm.dll+0xac7dc]
V  [jvm.dll+0x365ca7]
V  [jvm.dll+0x1bd012]
V  [jvm.dll+0x219d49]
V  [jvm.dll+0x219011]
V  [jvm.dll+0x1a534d]
V  [jvm.dll+0x228d8a]
V  [jvm.dll+0x226dcc]
V  [jvm.dll+0x7ec09b]
V  [jvm.dll+0x7e64ca]
V  [jvm.dll+0x677955]
C  [ucrtbase.dll+0x29363]
C  [KERNEL32.DLL+0x1257d]
C  [ntdll.dll+0x5aa78]


---------------  P R O C E S S  ---------------

Threads class SMR info:
_java_thread_list=0x000001fb2d3a9e10, length=28, elements={
0x000001fb0f49c3b0, 0x000001fb2330a8b0, 0x000001fb2330b920, 0x000001fb285f1f20,
0x000001fb285f28f0, 0x000001fb285f33c0, 0x000001fb285f3c90, 0x000001fb285f4940,
0x000001fb2860bf90, 0x000001fb2862ffd0, 0x000001fb0f4fae60, 0x000001fb29b800a0,
0x000001fb2a396b20, 0x000001fb2a564300, 0x000001fb2a564ab0, 0x000001fb2a286d00,
0x000001fb2abf5110, 0x000001fb2abf37c0, 0x000001fb2abf4c00, 0x000001fb2ae7b060,
0x000001fb2abf6040, 0x000001fb2abf3cd0, 0x000001fb2abf41e0, 0x000001fb2ba78ae0,
0x000001fb2abf5b30, 0x000001fb2abf2890, 0x000001fb2abf46f0, 0x000001fb2c464290
}

Java Threads: ( => current thread )
  0x000001fb0f49c3b0 JavaThread "main" [_thread_in_vm, id=13672, stack(0x00000010a5e00000,0x00000010a5f00000)]
  0x000001fb2330a8b0 JavaThread "Reference Handler" daemon [_thread_blocked, id=20356, stack(0x00000010a6100000,0x00000010a6200000)]
  0x000001fb2330b920 JavaThread "Finalizer" daemon [_thread_blocked, id=16268, stack(0x00000010a6200000,0x00000010a6300000)]
  0x000001fb285f1f20 JavaThread "Signal Dispatcher" daemon [_thread_blocked, id=6920, stack(0x00000010a6300000,0x00000010a6400000)]
  0x000001fb285f28f0 JavaThread "Attach Listener" daemon [_thread_blocked, id=2140, stack(0x00000010a6400000,0x00000010a6500000)]
  0x000001fb285f33c0 JavaThread "Service Thread" daemon [_thread_blocked, id=23680, stack(0x00000010a6500000,0x00000010a6600000)]
  0x000001fb285f3c90 JavaThread "Monitor Deflation Thread" daemon [_thread_blocked, id=15648, stack(0x00000010a6600000,0x00000010a6700000)]
=>0x000001fb285f4940 JavaThread "C2 CompilerThread0" daemon [_thread_in_native, id=12920, stack(0x00000010a6700000,0x00000010a6800000)]
  0x000001fb2860bf90 JavaThread "C1 CompilerThread0" daemon [_thread_in_native, id=9048, stack(0x00000010a6800000,0x00000010a6900000)]
  0x000001fb2862ffd0 JavaThread "Sweeper thread" daemon [_thread_blocked, id=2848, stack(0x00000010a6900000,0x00000010a6a00000)]
  0x000001fb0f4fae60 JavaThread "Common-Cleaner" daemon [_thread_blocked, id=11260, stack(0x00000010a6a00000,0x00000010a6b00000)]
  0x000001fb29b800a0 JavaThread "Notification Thread" daemon [_thread_blocked, id=20896, stack(0x00000010a6c00000,0x00000010a6d00000)]
  0x000001fb2a396b20 JavaThread "Active Thread: Equinox Container: 046c9a28-b4de-497e-a971-ac7f9463f6c2" [_thread_blocked, id=21692, stack(0x00000010a6f00000,0x00000010a7000000)]
  0x000001fb2a564300 JavaThread "Framework Event Dispatcher: Equinox Container: 046c9a28-b4de-497e-a971-ac7f9463f6c2" daemon [_thread_blocked, id=20632, stack(0x00000010a7600000,0x00000010a7700000)]
  0x000001fb2a564ab0 JavaThread "Start Level: Equinox Container: 046c9a28-b4de-497e-a971-ac7f9463f6c2" daemon [_thread_blocked, id=20032, stack(0x00000010a7700000,0x00000010a7800000)]
  0x000001fb2a286d00 JavaThread "Bundle File Closer" daemon [_thread_blocked, id=20640, stack(0x00000010a7900000,0x00000010a7a00000)]
  0x000001fb2abf5110 JavaThread "SCR Component Actor" daemon [_thread_blocked, id=2420, stack(0x00000010a7a00000,0x00000010a7b00000)]
  0x000001fb2abf37c0 JavaThread "SCR Component Registry" daemon [_thread_blocked, id=20816, stack(0x00000010a7d00000,0x00000010a7e00000)]
  0x000001fb2abf4c00 JavaThread "Worker-JM" [_thread_blocked, id=25468, stack(0x00000010a6e00000,0x00000010a6f00000)]
  0x000001fb2ae7b060 JavaThread "C2 CompilerThread1" daemon [_thread_in_native, id=20180, stack(0x00000010a7e00000,0x00000010a7f00000)]
  0x000001fb2abf6040 JavaThread "Worker-0: Updating Maven Dependencies" [_thread_blocked, id=21596, stack(0x00000010a7f00000,0x00000010a8000000)]
  0x000001fb2abf3cd0 JavaThread "Worker-1: Repository registry initialization" [_thread_in_vm, id=21036, stack(0x00000010a8000000,0x00000010a8100000)]
  0x000001fb2abf41e0 JavaThread "Java indexing" daemon [_thread_blocked, id=2544, stack(0x00000010a8100000,0x00000010a8200000)]
  0x000001fb2ba78ae0 JavaThread "C2 CompilerThread2" daemon [_thread_in_vm, id=8960, stack(0x00000010a8200000,0x00000010a8300000)]
  0x000001fb2abf5b30 JavaThread "Worker-2" [_thread_blocked, id=25012, stack(0x00000010a8300000,0x00000010a8400000)]
  0x000001fb2abf2890 JavaThread "Worker-3" [_thread_blocked, id=2912, stack(0x00000010a8400000,0x00000010a8500000)]
  0x000001fb2abf46f0 JavaThread "JNA Cleaner" daemon [_thread_blocked, id=19508, stack(0x00000010a8500000,0x00000010a8600000)]
  0x000001fb2c464290 JavaThread "pool-2-thread-1" [_thread_blocked, id=23876, stack(0x00000010a8600000,0x00000010a8700000)]

Other Threads:
  0x000001fb0f549600 VMThread "VM Thread" [stack: 0x00000010a6000000,0x00000010a6100000] [id=9432]
  0x000001fb29b80580 WatcherThread [stack: 0x00000010a6d00000,0x00000010a6e00000] [id=17820]
  0x000001fb0f4aa3e0 GCTaskThread "GC Thread#0" [stack: 0x00000010a5f00000,0x00000010a6000000] [id=13252]
  0x000001fb2a059920 GCTaskThread "GC Thread#1" [stack: 0x00000010a7000000,0x00000010a7100000] [id=23180]
  0x000001fb2a249b80 GCTaskThread "GC Thread#2" [stack: 0x00000010a7100000,0x00000010a7200000] [id=10508]
  0x000001fb2a249e40 GCTaskThread "GC Thread#3" [stack: 0x00000010a7200000,0x00000010a7300000] [id=18392]
  0x000001fb2a24a100 GCTaskThread "GC Thread#4" [stack: 0x00000010a7300000,0x00000010a7400000] [id=19072]
  0x000001fb2a0e8be0 GCTaskThread "GC Thread#5" [stack: 0x00000010a7400000,0x00000010a7500000] [id=23784]
  0x000001fb2a0e8ea0 GCTaskThread "GC Thread#6" [stack: 0x00000010a7500000,0x00000010a7600000] [id=24144]
  0x000001fb2a65e730 GCTaskThread "GC Thread#7" [stack: 0x00000010a7800000,0x00000010a7900000] [id=22812]
  0x000001fb2ac29a80 GCTaskThread "GC Thread#8" [stack: 0x00000010a7b00000,0x00000010a7c00000] [id=20284]
  0x000001fb2abbbf80 GCTaskThread "GC Thread#9" [stack: 0x00000010a7c00000,0x00000010a7d00000] [id=4716]

Threads with active compile tasks:
C2 CompilerThread0     6927 3787   !   4       org.eclipse.osgi.internal.loader.classpath.ClasspathManager::findClassImpl (308 bytes)
C2 CompilerThread1     6927 4024       4       sun.nio.cs.UTF_8$Decoder::decodeArrayLoop (688 bytes)
C2 CompilerThread2     6927 4156       4       java.util.regex.Pattern$CharPredicate$$Lambda$22/0x000000010008f9c0::is (11 bytes)

VM state: not at safepoint (normal execution)

VM Mutex/Monitor currently owned by a thread: None

Heap address: 0x00000000c0000000, size: 1024 MB, Compressed Oops mode: 32-bit

CDS archive(s) not mapped
Compressed class space mapped at: 0x0000000100000000-0x0000000140000000, reserved size: 1073741824
Narrow klass base: 0x0000000000000000, Narrow klass shift: 3, Narrow klass range: 0x140000000

GC Precious Log:
 CPUs: 12 total, 12 available
 Memory: 23914M
 Large Page Support: Disabled
 NUMA Support: Disabled
 Compressed Oops: Enabled (32-bit)
 Alignments: Space 512K, Generation 512K, Heap 2M
 Heap Min Capacity: 100M
 Heap Initial Capacity: 100M
 Heap Max Capacity: 1G
 Pre-touch: Disabled
 Parallel Workers: 10

Heap:
 PSYoungGen      total 23552K, used 23163K [0x00000000eab00000, 0x00000000ec580000, 0x0000000100000000)
  eden space 22016K, 99% used [0x00000000eab00000,0x00000000ec077350,0x00000000ec080000)
  from space 1536K, 77% used [0x00000000ec400000,0x00000000ec527ae8,0x00000000ec580000)
  to   space 2048K, 0% used [0x00000000ec180000,0x00000000ec180000,0x00000000ec380000)
 ParOldGen       total 68608K, used 14672K [0x00000000c0000000, 0x00000000c4300000, 0x00000000eab00000)
  object space 68608K, 21% used [0x00000000c0000000,0x00000000c0e54268,0x00000000c4300000)
 Metaspace       used 40064K, committed 40896K, reserved 1114112K
  class space    used 4107K, committed 4480K, reserved 1048576K

Card table byte_map: [0x000001fb0ee30000,0x000001fb0f040000] _byte_map_base: 0x000001fb0e830000

Marking Bits: (ParMarkBitMap*) 0x00007ff9254283a0
 Begin Bits: [0x000001fb21110000, 0x000001fb22110000)
 End Bits:   [0x000001fb22110000, 0x000001fb23110000)

Polling page: 0x000001fb0d470000

Metaspace:

Usage:
  Non-class:     35.11 MB used.
      Class:      4.01 MB used.
       Both:     39.13 MB used.

Virtual space:
  Non-class space:       64.00 MB reserved,      35.56 MB ( 56%) committed,  1 nodes.
      Class space:        1.00 GB reserved,       4.38 MB ( <1%) committed,  1 nodes.
             Both:        1.06 GB reserved,      39.94 MB (  4%) committed. 

Chunk freelists:
   Non-Class:  12.41 MB
       Class:  11.66 MB
        Both:  24.06 MB

MaxMetaspaceSize: unlimited
CompressedClassSpaceSize: 1.00 GB
Initial GC threshold: 21.00 MB
Current GC threshold: 58.38 MB
CDS: off
MetaspaceReclaimPolicy: balanced
 - commit_granule_bytes: 65536.
 - commit_granule_words: 8192.
 - virtual_space_node_default_size: 8388608.
 - enlarge_chunks_in_place: 1.
 - new_chunks_are_fully_committed: 0.
 - uncommit_free_chunks: 1.
 - use_allocation_guard: 0.
 - handle_deallocations: 1.


Internal statistics:

num_allocs_failed_limit: 6.
num_arena_births: 400.
num_arena_deaths: 14.
num_vsnodes_births: 2.
num_vsnodes_deaths: 0.
num_space_committed: 639.
num_space_uncommitted: 0.
num_chunks_returned_to_freelist: 20.
num_chunks_taken_from_freelist: 1712.
num_chunk_merges: 10.
num_chunk_splits: 1097.
num_chunks_enlarged: 719.
num_inconsistent_stats: 0.

CodeHeap 'non-profiled nmethods': size=120000Kb used=1939Kb max_used=1939Kb free=118060Kb
 bounds [0x000001fb19be0000, 0x000001fb19e50000, 0x000001fb21110000]
CodeHeap 'profiled nmethods': size=120000Kb used=8748Kb max_used=8748Kb free=111251Kb
 bounds [0x000001fb12110000, 0x000001fb129a0000, 0x000001fb19640000]
CodeHeap 'non-nmethods': size=5760Kb used=1270Kb max_used=1318Kb free=4489Kb
 bounds [0x000001fb19640000, 0x000001fb198b0000, 0x000001fb19be0000]
 total_blobs=4732 nmethods=4139 adapters=507
 compilation: enabled
              stopped_count=0, restarted_count=0
 full_count=0

Compilation events (20 events):
Event: 6.889 Thread 0x000001fb2860bf90 nmethod 4084 0x000001fb12986510 code [0x000001fb129866a0, 0x000001fb12986798]
Event: 6.890 Thread 0x000001fb2860bf90 4086       2       java.nio.ByteBuffer::wrap (8 bytes)
Event: 6.890 Thread 0x000001fb2860bf90 nmethod 4086 0x000001fb12986810 code [0x000001fb129869a0, 0x000001fb12986aa8]
Event: 6.890 Thread 0x000001fb2860bf90 4087       2       com.google.common.base.Preconditions::checkNotNull (18 bytes)
Event: 6.890 Thread 0x000001fb2860bf90 nmethod 4087 0x000001fb12986b90 code [0x000001fb12986d40, 0x000001fb12986f38]
Event: 6.890 Thread 0x000001fb2860bf90 4088       2       java.util.ArrayList::set (24 bytes)
Event: 6.891 Thread 0x000001fb2860bf90 nmethod 4088 0x000001fb12987090 code [0x000001fb12987240, 0x000001fb12987468]
Event: 6.891 Thread 0x000001fb2860bf90 4089       1       com.google.inject.TypeLiteral::getRawType (5 bytes)
Event: 6.891 Thread 0x000001fb2860bf90 nmethod 4089 0x000001fb19db3710 code [0x000001fb19db38a0, 0x000001fb19db3978]
Event: 6.891 Thread 0x000001fb2860bf90 4090       2       com.google.inject.spi.InjectionPoint::getAtInject (28 bytes)
Event: 6.891 Thread 0x000001fb2860bf90 nmethod 4090 0x000001fb12987610 code [0x000001fb129877c0, 0x000001fb12987918]
Event: 6.891 Thread 0x000001fb2860bf90 4091       1       com.google.inject.TypeLiteral::hashCode (5 bytes)
Event: 6.891 Thread 0x000001fb2860bf90 nmethod 4091 0x000001fb19db3a10 code [0x000001fb19db3ba0, 0x000001fb19db3c78]
Event: 6.891 Thread 0x000001fb2860bf90 4092       1       org.eclipse.sisu.space.NamedClass::getName (5 bytes)
Event: 6.891 Thread 0x000001fb2860bf90 nmethod 4092 0x000001fb19db3d10 code [0x000001fb19db3ea0, 0x000001fb19db3f78]
Event: 6.891 Thread 0x000001fb2860bf90 4093       2       java.util.TimSort::sort (229 bytes)
Event: 6.892 Thread 0x000001fb2860bf90 nmethod 4093 0x000001fb12987a10 code [0x000001fb12987c20, 0x000001fb129880f8]
Event: 6.892 Thread 0x000001fb2860bf90 4094       2       com.google.common.base.Preconditions::checkNotNull (14 bytes)
Event: 6.892 Thread 0x000001fb2860bf90 nmethod 4094 0x000001fb12988490 code [0x000001fb12988640, 0x000001fb129887e8]
Event: 6.892 Thread 0x000001fb2860bf90 4095       2       java.util.Arrays::stream (8 bytes)

GC Heap History (20 events):
Event: 2.974 GC heap before
{Heap before GC invocations=3 (full 0):
 PSYoungGen      total 29696K, used 29692K [0x00000000eab00000, 0x00000000ecc00000, 0x0000000100000000)
  eden space 25600K, 100% used [0x00000000eab00000,0x00000000ec400000,0x00000000ec400000)
  from space 4096K, 99% used [0x00000000ec800000,0x00000000ecbff090,0x00000000ecc00000)
  to   space 4096K, 0% used [0x00000000ec400000,0x00000000ec400000,0x00000000ec800000)
 ParOldGen       total 68608K, used 1474K [0x00000000c0000000, 0x00000000c4300000, 0x00000000eab00000)
  object space 68608K, 2% used [0x00000000c0000000,0x00000000c01709e0,0x00000000c4300000)
 Metaspace       used 17020K, committed 17344K, reserved 1114112K
  class space    used 1725K, committed 1856K, reserved 1048576K
}
Event: 2.989 GC heap after
{Heap after GC invocations=3 (full 0):
 PSYoungGen      total 29696K, used 4079K [0x00000000eab00000, 0x00000000ecc00000, 0x0000000100000000)
  eden space 25600K, 0% used [0x00000000eab00000,0x00000000eab00000,0x00000000ec400000)
  from space 4096K, 99% used [0x00000000ec400000,0x00000000ec7fbe80,0x00000000ec800000)
  to   space 4096K, 0% used [0x00000000ec800000,0x00000000ec800000,0x00000000ecc00000)
 ParOldGen       total 68608K, used 5269K [0x00000000c0000000, 0x00000000c4300000, 0x00000000eab00000)
  object space 68608K, 7% used [0x00000000c0000000,0x00000000c05254d8,0x00000000c4300000)
 Metaspace       used 17020K, committed 17344K, reserved 1114112K
  class space    used 1725K, committed 1856K, reserved 1048576K
}
Event: 3.814 GC heap before
{Heap before GC invocations=4 (full 0):
 PSYoungGen      total 29696K, used 28243K [0x00000000eab00000, 0x00000000ecc00000, 0x0000000100000000)
  eden space 25600K, 94% used [0x00000000eab00000,0x00000000ec298f80,0x00000000ec400000)
  from space 4096K, 99% used [0x00000000ec400000,0x00000000ec7fbe80,0x00000000ec800000)
  to   space 4096K, 0% used [0x00000000ec800000,0x00000000ec800000,0x00000000ecc00000)
 ParOldGen       total 68608K, used 5269K [0x00000000c0000000, 0x00000000c4300000, 0x00000000eab00000)
  object space 68608K, 7% used [0x00000000c0000000,0x00000000c05254d8,0x00000000c4300000)
 Metaspace       used 21024K, committed 21504K, reserved 1114112K
  class space    used 2135K, committed 2368K, reserved 1048576K
}
Event: 3.818 GC heap after
{Heap after GC invocations=4 (full 0):
 PSYoungGen      total 29696K, used 4069K [0x00000000eab00000, 0x00000000ecc00000, 0x0000000100000000)
  eden space 25600K, 0% used [0x00000000eab00000,0x00000000eab00000,0x00000000ec400000)
  from space 4096K, 99% used [0x00000000ec800000,0x00000000ecbf9738,0x00000000ecc00000)
  to   space 4096K, 0% used [0x00000000ec400000,0x00000000ec400000,0x00000000ec800000)
 ParOldGen       total 68608K, used 6695K [0x00000000c0000000, 0x00000000c4300000, 0x00000000eab00000)
  object space 68608K, 9% used [0x00000000c0000000,0x00000000c0689c00,0x00000000c4300000)
 Metaspace       used 21024K, committed 21504K, reserved 1114112K
  class space    used 2135K, committed 2368K, reserved 1048576K
}
Event: 3.818 GC heap before
{Heap before GC invocations=5 (full 1):
 PSYoungGen      total 29696K, used 4069K [0x00000000eab00000, 0x00000000ecc00000, 0x0000000100000000)
  eden space 25600K, 0% used [0x00000000eab00000,0x00000000eab00000,0x00000000ec400000)
  from space 4096K, 99% used [0x00000000ec800000,0x00000000ecbf9738,0x00000000ecc00000)
  to   space 4096K, 0% used [0x00000000ec400000,0x00000000ec400000,0x00000000ec800000)
 ParOldGen       total 68608K, used 6695K [0x00000000c0000000, 0x00000000c4300000, 0x00000000eab00000)
  object space 68608K, 9% used [0x00000000c0000000,0x00000000c0689c00,0x00000000c4300000)
 Metaspace       used 21024K, committed 21504K, reserved 1114112K
  class space    used 2135K, committed 2368K, reserved 1048576K
}
Event: 3.846 GC heap after
{Heap after GC invocations=5 (full 1):
 PSYoungGen      total 29696K, used 0K [0x00000000eab00000, 0x00000000ecc00000, 0x0000000100000000)
  eden space 25600K, 0% used [0x00000000eab00000,0x00000000eab00000,0x00000000ec400000)
  from space 4096K, 0% used [0x00000000ec800000,0x00000000ec800000,0x00000000ecc00000)
  to   space 4096K, 0% used [0x00000000ec400000,0x00000000ec400000,0x00000000ec800000)
 ParOldGen       total 68608K, used 10388K [0x00000000c0000000, 0x00000000c4300000, 0x00000000eab00000)
  object space 68608K, 15% used [0x00000000c0000000,0x00000000c0a25298,0x00000000c4300000)
 Metaspace       used 21011K, committed 21504K, reserved 1114112K
  class space    used 2132K, committed 2368K, reserved 1048576K
}
Event: 4.686 GC heap before
{Heap before GC invocations=6 (full 1):
 PSYoungGen      total 29696K, used 25600K [0x00000000eab00000, 0x00000000ecc00000, 0x0000000100000000)
  eden space 25600K, 100% used [0x00000000eab00000,0x00000000ec400000,0x00000000ec400000)
  from space 4096K, 0% used [0x00000000ec800000,0x00000000ec800000,0x00000000ecc00000)
  to   space 4096K, 0% used [0x00000000ec400000,0x00000000ec400000,0x00000000ec800000)
 ParOldGen       total 68608K, used 10388K [0x00000000c0000000, 0x00000000c4300000, 0x00000000eab00000)
  object space 68608K, 15% used [0x00000000c0000000,0x00000000c0a25298,0x00000000c4300000)
 Metaspace       used 24234K, committed 24768K, reserved 1114112K
  class space    used 2465K, committed 2688K, reserved 1048576K
}
Event: 4.689 GC heap after
{Heap after GC invocations=6 (full 1):
 PSYoungGen      total 27136K, used 1957K [0x00000000eab00000, 0x00000000eca80000, 0x0000000100000000)
  eden space 25088K, 0% used [0x00000000eab00000,0x00000000eab00000,0x00000000ec380000)
  from space 2048K, 95% used [0x00000000ec400000,0x00000000ec5e96c8,0x00000000ec600000)
  to   space 3584K, 0% used [0x00000000ec700000,0x00000000ec700000,0x00000000eca80000)
 ParOldGen       total 68608K, used 10396K [0x00000000c0000000, 0x00000000c4300000, 0x00000000eab00000)
  object space 68608K, 15% used [0x00000000c0000000,0x00000000c0a27298,0x00000000c4300000)
 Metaspace       used 24234K, committed 24768K, reserved 1114112K
  class space    used 2465K, committed 2688K, reserved 1048576K
}
Event: 5.084 GC heap before
{Heap before GC invocations=7 (full 1):
 PSYoungGen      total 27136K, used 26920K [0x00000000eab00000, 0x00000000eca80000, 0x0000000100000000)
  eden space 25088K, 99% used [0x00000000eab00000,0x00000000ec360cc0,0x00000000ec380000)
  from space 2048K, 95% used [0x00000000ec400000,0x00000000ec5e96c8,0x00000000ec600000)
  to   space 3584K, 0% used [0x00000000ec700000,0x00000000ec700000,0x00000000eca80000)
 ParOldGen       total 68608K, used 10396K [0x00000000c0000000, 0x00000000c4300000, 0x00000000eab00000)
  object space 68608K, 15% used [0x00000000c0000000,0x00000000c0a27298,0x00000000c4300000)
 Metaspace       used 27313K, committed 27904K, reserved 1114112K
  class space    used 2783K, committed 3008K, reserved 1048576K
}
Event: 5.086 GC heap after
{Heap after GC invocations=7 (full 1):
 PSYoungGen      total 26112K, used 3565K [0x00000000eab00000, 0x00000000ecf00000, 0x0000000100000000)
  eden space 22528K, 0% used [0x00000000eab00000,0x00000000eab00000,0x00000000ec100000)
  from space 3584K, 99% used [0x00000000ec700000,0x00000000eca7b6e0,0x00000000eca80000)
  to   space 6144K, 0% used [0x00000000ec100000,0x00000000ec100000,0x00000000ec700000)
 ParOldGen       total 68608K, used 12138K [0x00000000c0000000, 0x00000000c4300000, 0x00000000eab00000)
  object space 68608K, 17% used [0x00000000c0000000,0x00000000c0bdaa00,0x00000000c4300000)
 Metaspace       used 27313K, committed 27904K, reserved 1114112K
  class space    used 2783K, committed 3008K, reserved 1048576K
}
Event: 5.391 GC heap before
{Heap before GC invocations=8 (full 1):
 PSYoungGen      total 26112K, used 26093K [0x00000000eab00000, 0x00000000ecf00000, 0x0000000100000000)
  eden space 22528K, 100% used [0x00000000eab00000,0x00000000ec100000,0x00000000ec100000)
  from space 3584K, 99% used [0x00000000ec700000,0x00000000eca7b6e0,0x00000000eca80000)
  to   space 6144K, 0% used [0x00000000ec100000,0x00000000ec100000,0x00000000ec700000)
 ParOldGen       total 68608K, used 12138K [0x00000000c0000000, 0x00000000c4300000, 0x00000000eab00000)
  object space 68608K, 17% used [0x00000000c0000000,0x00000000c0bdaa00,0x00000000c4300000)
 Metaspace       used 29963K, committed 30528K, reserved 1114112K
  class space    used 2958K, committed 3200K, reserved 1048576K
}
Event: 5.393 GC heap after
{Heap after GC invocations=8 (full 1):
 PSYoungGen      total 26112K, used 3800K [0x00000000eab00000, 0x00000000ec980000, 0x0000000100000000)
  eden space 22016K, 0% used [0x00000000eab00000,0x00000000eab00000,0x00000000ec080000)
  from space 4096K, 92% used [0x00000000ec100000,0x00000000ec4b63e8,0x00000000ec500000)
  to   space 4608K, 0% used [0x00000000ec500000,0x00000000ec500000,0x00000000ec980000)
 ParOldGen       total 68608K, used 12146K [0x00000000c0000000, 0x00000000c4300000, 0x00000000eab00000)
  object space 68608K, 17% used [0x00000000c0000000,0x00000000c0bdca00,0x00000000c4300000)
 Metaspace       used 29963K, committed 30528K, reserved 1114112K
  class space    used 2958K, committed 3200K, reserved 1048576K
}
Event: 5.575 GC heap before
{Heap before GC invocations=9 (full 1):
 PSYoungGen      total 26112K, used 25816K [0x00000000eab00000, 0x00000000ec980000, 0x0000000100000000)
  eden space 22016K, 100% used [0x00000000eab00000,0x00000000ec080000,0x00000000ec080000)
  from space 4096K, 92% used [0x00000000ec100000,0x00000000ec4b63e8,0x00000000ec500000)
  to   space 4608K, 0% used [0x00000000ec500000,0x00000000ec500000,0x00000000ec980000)
 ParOldGen       total 68608K, used 12146K [0x00000000c0000000, 0x00000000c4300000, 0x00000000eab00000)
  object space 68608K, 17% used [0x00000000c0000000,0x00000000c0bdca00,0x00000000c4300000)
 Metaspace       used 31855K, committed 32448K, reserved 1114112K
  class space    used 3101K, committed 3328K, reserved 1048576K
}
Event: 5.576 GC heap after
{Heap after GC invocations=9 (full 1):
 PSYoungGen      total 26624K, used 4312K [0x00000000eab00000, 0x00000000ec980000, 0x0000000100000000)
  eden space 22016K, 0% used [0x00000000eab00000,0x00000000eab00000,0x00000000ec080000)
  from space 4608K, 93% used [0x00000000ec500000,0x00000000ec9362e8,0x00000000ec980000)
  to   space 4608K, 0% used [0x00000000ec080000,0x00000000ec080000,0x00000000ec500000)
 ParOldGen       total 68608K, used 12154K [0x00000000c0000000, 0x00000000c4300000, 0x00000000eab00000)
  object space 68608K, 17% used [0x00000000c0000000,0x00000000c0bdea00,0x00000000c4300000)
 Metaspace       used 31855K, committed 32448K, reserved 1114112K
  class space    used 3101K, committed 3328K, reserved 1048576K
}
Event: 6.329 GC heap before
{Heap before GC invocations=10 (full 1):
 PSYoungGen      total 26624K, used 26054K [0x00000000eab00000, 0x00000000ec980000, 0x0000000100000000)
  eden space 22016K, 98% used [0x00000000eab00000,0x00000000ec03b708,0x00000000ec080000)
  from space 4608K, 93% used [0x00000000ec500000,0x00000000ec9362e8,0x00000000ec980000)
  to   space 4608K, 0% used [0x00000000ec080000,0x00000000ec080000,0x00000000ec500000)
 ParOldGen       total 68608K, used 12154K [0x00000000c0000000, 0x00000000c4300000, 0x00000000eab00000)
  object space 68608K, 17% used [0x00000000c0000000,0x00000000c0bdea00,0x00000000c4300000)
 Metaspace       used 35101K, committed 35840K, reserved 1114112K
  class space    used 3482K, committed 3776K, reserved 1048576K
}
Event: 6.333 GC heap after
{Heap after GC invocations=10 (full 1):
 PSYoungGen      total 24576K, used 2455K [0x00000000eab00000, 0x00000000ec780000, 0x0000000100000000)
  eden space 22016K, 0% used [0x00000000eab00000,0x00000000eab00000,0x00000000ec080000)
  from space 2560K, 95% used [0x00000000ec080000,0x00000000ec2e5ce0,0x00000000ec300000)
  to   space 3584K, 0% used [0x00000000ec400000,0x00000000ec400000,0x00000000ec780000)
 ParOldGen       total 68608K, used 15159K [0x00000000c0000000, 0x00000000c4300000, 0x00000000eab00000)
  object space 68608K, 22% used [0x00000000c0000000,0x00000000c0ecde80,0x00000000c4300000)
 Metaspace       used 35101K, committed 35840K, reserved 1114112K
  class space    used 3482K, committed 3776K, reserved 1048576K
}
Event: 6.333 GC heap before
{Heap before GC invocations=11 (full 2):
 PSYoungGen      total 24576K, used 2455K [0x00000000eab00000, 0x00000000ec780000, 0x0000000100000000)
  eden space 22016K, 0% used [0x00000000eab00000,0x00000000eab00000,0x00000000ec080000)
  from space 2560K, 95% used [0x00000000ec080000,0x00000000ec2e5ce0,0x00000000ec300000)
  to   space 3584K, 0% used [0x00000000ec400000,0x00000000ec400000,0x00000000ec780000)
 ParOldGen       total 68608K, used 15159K [0x00000000c0000000, 0x00000000c4300000, 0x00000000eab00000)
  object space 68608K, 22% used [0x00000000c0000000,0x00000000c0ecde80,0x00000000c4300000)
 Metaspace       used 35101K, committed 35840K, reserved 1114112K
  class space    used 3482K, committed 3776K, reserved 1048576K
}
Event: 6.366 GC heap after
{Heap after GC invocations=11 (full 2):
 PSYoungGen      total 24576K, used 0K [0x00000000eab00000, 0x00000000ec780000, 0x0000000100000000)
  eden space 22016K, 0% used [0x00000000eab00000,0x00000000eab00000,0x00000000ec080000)
  from space 2560K, 0% used [0x00000000ec080000,0x00000000ec080000,0x00000000ec300000)
  to   space 3584K, 0% used [0x00000000ec400000,0x00000000ec400000,0x00000000ec780000)
 ParOldGen       total 68608K, used 14664K [0x00000000c0000000, 0x00000000c4300000, 0x00000000eab00000)
  object space 68608K, 21% used [0x00000000c0000000,0x00000000c0e52268,0x00000000c4300000)
 Metaspace       used 35101K, committed 35840K, reserved 1114112K
  class space    used 3482K, committed 3776K, reserved 1048576K
}
Event: 6.675 GC heap before
{Heap before GC invocations=12 (full 2):
 PSYoungGen      total 24576K, used 22016K [0x00000000eab00000, 0x00000000ec780000, 0x0000000100000000)
  eden space 22016K, 100% used [0x00000000eab00000,0x00000000ec080000,0x00000000ec080000)
  from space 2560K, 0% used [0x00000000ec080000,0x00000000ec080000,0x00000000ec300000)
  to   space 3584K, 0% used [0x00000000ec400000,0x00000000ec400000,0x00000000ec780000)
 ParOldGen       total 68608K, used 14664K [0x00000000c0000000, 0x00000000c4300000, 0x00000000eab00000)
  object space 68608K, 21% used [0x00000000c0000000,0x00000000c0e52268,0x00000000c4300000)
 Metaspace       used 38047K, committed 38912K, reserved 1114112K
  class space    used 3854K, committed 4224K, reserved 1048576K
}
Event: 6.677 GC heap after
{Heap after GC invocations=12 (full 2):
 PSYoungGen      total 23552K, used 1182K [0x00000000eab00000, 0x00000000ec580000, 0x0000000100000000)
  eden space 22016K, 0% used [0x00000000eab00000,0x00000000eab00000,0x00000000ec080000)
  from space 1536K, 77% used [0x00000000ec400000,0x00000000ec527ae8,0x00000000ec580000)
  to   space 2048K, 0% used [0x00000000ec180000,0x00000000ec180000,0x00000000ec380000)
 ParOldGen       total 68608K, used 14672K [0x00000000c0000000, 0x00000000c4300000, 0x00000000eab00000)
  object space 68608K, 21% used [0x00000000c0000000,0x00000000c0e54268,0x00000000c4300000)
 Metaspace       used 38047K, committed 38912K, reserved 1114112K
  class space    used 3854K, committed 4224K, reserved 1048576K
}

Dll operation events (10 events):
Event: 0.015 Loaded shared library c:\Users\USER\.vscode\extensions\redhat.java-1.23.0-win32-x64\jre\17.0.8.1-win32-x86_64\bin\java.dll
Event: 0.245 Loaded shared library c:\Users\USER\.vscode\extensions\redhat.java-1.23.0-win32-x64\jre\17.0.8.1-win32-x86_64\bin\zip.dll
Event: 0.250 Loaded shared library C:\Users\USER\.vscode\extensions\redhat.java-1.23.0-win32-x64\jre\17.0.8.1-win32-x86_64\bin\instrument.dll
Event: 0.278 Loaded shared library C:\Users\USER\.vscode\extensions\redhat.java-1.23.0-win32-x64\jre\17.0.8.1-win32-x86_64\bin\net.dll
Event: 0.280 Loaded shared library C:\Users\USER\.vscode\extensions\redhat.java-1.23.0-win32-x64\jre\17.0.8.1-win32-x86_64\bin\nio.dll
Event: 0.289 Loaded shared library C:\Users\USER\.vscode\extensions\redhat.java-1.23.0-win32-x64\jre\17.0.8.1-win32-x86_64\bin\zip.dll
Event: 0.304 Loaded shared library C:\Users\USER\.vscode\extensions\redhat.java-1.23.0-win32-x64\jre\17.0.8.1-win32-x86_64\bin\jimage.dll
Event: 0.410 Loaded shared library c:\Users\USER\.vscode\extensions\redhat.java-1.23.0-win32-x64\jre\17.0.8.1-win32-x86_64\bin\verify.dll
Event: 2.229 Loaded shared library C:\Users\USER\AppData\Roaming\Code\User\globalStorage\redhat.java\1.23.0\config_win\org.eclipse.equinox.launcher\org.eclipse.equinox.launcher.win32.win32.x86_64_1.2.700.v20221108-1024\eclipse_11801.dll
Event: 6.343 Loaded shared library C:\Users\USER\AppData\Local\Temp\jna-2614219\jna7071746093688761455.dll

Deoptimization events (20 events):
Event: 6.810 Thread 0x000001fb2abf3cd0 Uncommon trap: trap_request=0xffffff45 fr.pc=0x000001fb19cde1b4 relative=0x0000000000000114
Event: 6.810 Thread 0x000001fb2abf3cd0 Uncommon trap: reason=unstable_if action=reinterpret pc=0x000001fb19cde1b4 method=java.util.ArrayList.indexOfRange(Ljava/lang/Object;II)I @ 7 c2
Event: 6.810 Thread 0x000001fb2abf3cd0 DEOPT PACKING pc=0x000001fb19cde1b4 sp=0x00000010a80fe3a0
Event: 6.810 Thread 0x000001fb2abf3cd0 DEOPT UNPACKING pc=0x000001fb196966a3 sp=0x00000010a80fe260 mode 2
Event: 6.812 Thread 0x000001fb2abf3cd0 Uncommon trap: trap_request=0xffffffde fr.pc=0x000001fb19c92ae8 relative=0x00000000000001a8
Event: 6.812 Thread 0x000001fb2abf3cd0 Uncommon trap: reason=class_check action=maybe_recompile pc=0x000001fb19c92ae8 method=java.io.BufferedInputStream.read1([BII)I @ 39 c2
Event: 6.812 Thread 0x000001fb2abf3cd0 DEOPT PACKING pc=0x000001fb19c92ae8 sp=0x00000010a80fdab0
Event: 6.812 Thread 0x000001fb2abf3cd0 DEOPT UNPACKING pc=0x000001fb196966a3 sp=0x00000010a80fda58 mode 2
Event: 6.821 Thread 0x000001fb2abf3cd0 Uncommon trap: trap_request=0xffffff45 fr.pc=0x000001fb19cd3610 relative=0x00000000000000f0
Event: 6.821 Thread 0x000001fb2abf3cd0 Uncommon trap: reason=unstable_if action=reinterpret pc=0x000001fb19cd3610 method=java.util.ArrayList.indexOfRange(Ljava/lang/Object;II)I @ 7 c2
Event: 6.821 Thread 0x000001fb2abf3cd0 DEOPT PACKING pc=0x000001fb19cd3610 sp=0x00000010a80fe300
Event: 6.821 Thread 0x000001fb2abf3cd0 DEOPT UNPACKING pc=0x000001fb196966a3 sp=0x00000010a80fe280 mode 2
Event: 6.821 Thread 0x000001fb2abf3cd0 Uncommon trap: trap_request=0xffffffde fr.pc=0x000001fb19c92ae8 relative=0x00000000000001a8
Event: 6.821 Thread 0x000001fb2abf3cd0 Uncommon trap: reason=class_check action=maybe_recompile pc=0x000001fb19c92ae8 method=java.io.BufferedInputStream.read1([BII)I @ 39 c2
Event: 6.821 Thread 0x000001fb2abf3cd0 DEOPT PACKING pc=0x000001fb19c92ae8 sp=0x00000010a80fd930
Event: 6.821 Thread 0x000001fb2abf3cd0 DEOPT UNPACKING pc=0x000001fb196966a3 sp=0x00000010a80fd8d8 mode 2
Event: 6.824 Thread 0x000001fb2abf3cd0 Uncommon trap: trap_request=0xffffffde fr.pc=0x000001fb19c92ae8 relative=0x00000000000001a8
Event: 6.824 Thread 0x000001fb2abf3cd0 Uncommon trap: reason=class_check action=maybe_recompile pc=0x000001fb19c92ae8 method=java.io.BufferedInputStream.read1([BII)I @ 39 c2
Event: 6.824 Thread 0x000001fb2abf3cd0 DEOPT PACKING pc=0x000001fb19c92ae8 sp=0x00000010a80fd930
Event: 6.824 Thread 0x000001fb2abf3cd0 DEOPT UNPACKING pc=0x000001fb196966a3 sp=0x00000010a80fd8d8 mode 2

Classes unloaded (7 events):
Event: 3.822 Thread 0x000001fb0f549600 Unloading class 0x000000010024e000 'java/lang/invoke/LambdaForm$MH+0x000000010024e000'
Event: 3.822 Thread 0x000001fb0f549600 Unloading class 0x000000010024dc00 'java/lang/invoke/LambdaForm$MH+0x000000010024dc00'
Event: 3.822 Thread 0x000001fb0f549600 Unloading class 0x000000010024d800 'java/lang/invoke/LambdaForm$MH+0x000000010024d800'
Event: 3.822 Thread 0x000001fb0f549600 Unloading class 0x000000010024d400 'java/lang/invoke/LambdaForm$MH+0x000000010024d400'
Event: 3.822 Thread 0x000001fb0f549600 Unloading class 0x000000010024d000 'java/lang/invoke/LambdaForm$BMH+0x000000010024d000'
Event: 3.823 Thread 0x000001fb0f549600 Unloading class 0x000000010024cc00 'java/lang/invoke/LambdaForm$DMH+0x000000010024cc00'
Event: 3.823 Thread 0x000001fb0f549600 Unloading class 0x000000010024a000 'java/lang/invoke/LambdaForm$DMH+0x000000010024a000'

Classes redefined (0 events):
No events

Internal exceptions (20 events):
Event: 5.609 Thread 0x000001fb2a564ab0 Exception <a 'java/lang/ClassNotFoundException'{0x00000000eac5b2c8}: com/sun/org/apache/xerces/internal/impl/msg/spi/DOMMessagesProvider> (0x00000000eac5b2c8) 
thrown [s\src\hotspot\share\classfile\systemDictionary.cpp, line 256]
Event: 5.611 Thread 0x000001fb2a564ab0 Exception <a 'java/lang/ClassNotFoundException'{0x00000000eac6ca00}: com/sun/org/apache/xerces/internal/impl/msg/spi/XMLSerializerMessagesProvider> (0x00000000eac6ca00) 
thrown [s\src\hotspot\share\classfile\systemDictionary.cpp, line 256]
Event: 5.612 Thread 0x000001fb2a564ab0 Exception <a 'java/lang/ClassNotFoundException'{0x00000000eac79ec8}: com/sun/org/apache/xerces/internal/impl/msg/spi/XMLMessagesProvider> (0x00000000eac79ec8) 
thrown [s\src\hotspot\share\classfile\systemDictionary.cpp, line 256]
Event: 5.701 Thread 0x000001fb2a564ab0 Exception <a 'java/lang/NoSuchMethodError'{0x00000000eaecf070}: 'void java.lang.invoke.DirectMethodHandle$Holder.invokeVirtual(java.lang.Object, java.lang.Object)'> (0x00000000eaecf070) 
thrown [s\src\hotspot\share\interpreter\linkResolver.cpp, line 759]
Event: 5.733 Thread 0x000001fb2a564ab0 Exception <a 'java/lang/NoSuchMethodError'{0x00000000eb074950}: 'java.lang.Object java.lang.invoke.DirectMethodHandle$Holder.invokeStaticInit(java.lang.Object, int, int, int, int)'> (0x00000000eb074950) 
thrown [s\src\hotspot\share\interpreter\linkResolver.cpp, line 759]
Event: 5.842 Thread 0x000001fb2a564ab0 Exception <a 'java/lang/NoSuchMethodError'{0x00000000eb16fe50}: 'java.lang.Object java.lang.invoke.DirectMethodHandle$Holder.invokeStaticInit(java.lang.Object, java.lang.Object, int, int, int, int)'> (0x00000000eb16fe50) 
thrown [s\src\hotspot\share\interpreter\linkResolver.cpp, line 759]
Event: 5.941 Thread 0x000001fb2a564ab0 Exception <a 'java/lang/ClassNotFoundException'{0x00000000eb4f7038}: com/sun/org/apache/xml/internal/serializer/spi/XMLEntitiesProvider> (0x00000000eb4f7038) 
thrown [s\src\hotspot\share\classfile\systemDictionary.cpp, line 256]
Event: 5.994 Thread 0x000001fb2abf6040 Exception <a 'java/lang/NoSuchMethodError'{0x00000000eb660800}: 'void java.lang.invoke.DirectMethodHandle$Holder.invokeStatic(java.lang.Object, java.lang.Object, java.lang.Object, java.lang.Object)'> (0x00000000eb660800) 
thrown [s\src\hotspot\share\interpreter\linkResolver.cpp, line 759]
Event: 6.166 Thread 0x000001fb2abf3cd0 Exception <a 'java/lang/NoSuchMethodError'{0x00000000ebb54988}: 'java.lang.Object java.lang.invoke.DirectMethodHandle$Holder.invokeSpecialIFC(java.lang.Object, java.lang.Object, java.lang.Object, java.lang.Object)'> (0x00000000ebb54988) 
thrown [s\src\hotspot\share\interpreter\linkResolver.cpp, line 759]
Event: 6.170 Thread 0x000001fb2a564ab0 Exception <a 'java/io/FileNotFoundException'{0x00000000ebb82818}> (0x00000000ebb82818) 
thrown [s\src\hotspot\share\prims\jni.cpp, line 516]
Event: 6.473 Thread 0x000001fb2a564ab0 Exception <a 'java/lang/UnsatisfiedLinkError'{0x00000000ead95d60}: The specified procedure could not be found.
> (0x00000000ead95d60) 
thrown [s\src\hotspot\share\prims\jni.cpp, line 535]
Event: 6.485 Thread 0x000001fb2a564ab0 Exception <a 'java/io/FileNotFoundException'{0x00000000eadbb4f0}> (0x00000000eadbb4f0) 
thrown [s\src\hotspot\share\prims\jni.cpp, line 516]
Event: 6.501 Thread 0x000001fb2a564ab0 Exception <a 'java/io/FileNotFoundException'{0x00000000eaf485b8}> (0x00000000eaf485b8) 
thrown [s\src\hotspot\share\prims\jni.cpp, line 516]
Event: 6.517 Thread 0x000001fb2a564ab0 Exception <a 'java/lang/UnsatisfiedLinkError'{0x00000000eb049cb8}: The specified procedure could not be found.
> (0x00000000eb049cb8) 
thrown [s\src\hotspot\share\prims\jni.cpp, line 535]
Event: 6.561 Thread 0x000001fb0f49c3b0 Exception <a 'sun/nio/fs/WindowsException'{0x00000000eb328df0}> (0x00000000eb328df0) 
thrown [s\src\hotspot\share\prims\jni.cpp, line 516]
Event: 6.592 Thread 0x000001fb2abf3cd0 Exception <a 'java/lang/NoSuchMethodError'{0x00000000eb5d9548}: 'int java.lang.invoke.DirectMethodHandle$Holder.invokeSpecialIFC(java.lang.Object, java.lang.Object, java.lang.Object, java.lang.Object, java.lang.Object)'> (0x00000000eb5d9548) 
thrown [s\src\hotspot\share\interpreter\linkResolver.cpp, line 759]
Event: 6.685 Thread 0x000001fb0f49c3b0 Exception <a 'java/lang/NoSuchMethodError'{0x00000000eab82a98}: 'java.lang.Object java.lang.invoke.DirectMethodHandle$Holder.invokeStatic(java.lang.Object, java.lang.Object, long, java.lang.Object)'> (0x00000000eab82a98) 
thrown [s\src\hotspot\share\interpreter\linkResolver.cpp, line 759]
Event: 6.685 Thread 0x000001fb0f49c3b0 Exception <a 'java/lang/NoSuchMethodError'{0x00000000eab86530}: 'java.lang.Object java.lang.invoke.DirectMethodHandle$Holder.invokeStaticInit(java.lang.Object, java.lang.Object, long, java.lang.Object)'> (0x00000000eab86530) 
thrown [s\src\hotspot\share\interpreter\linkResolver.cpp, line 759]
Event: 6.686 Thread 0x000001fb0f49c3b0 Exception <a 'java/lang/NoSuchMethodError'{0x00000000eaba6280}: 'java.lang.Object java.lang.invoke.DirectMethodHandle$Holder.newInvokeSpecial(java.lang.Object, java.lang.Object, long)'> (0x00000000eaba6280) 
thrown [s\src\hotspot\share\interpreter\linkResolver.cpp, line 759]
Event: 6.778 Thread 0x000001fb2abf3cd0 Exception <a 'java/lang/NoClassDefFoundError'{0x00000000eaf74b48}: javax/enterprise/inject/Typed> (0x00000000eaf74b48) 
thrown [s\src\hotspot\share\classfile\systemDictionary.cpp, line 245]

VM Operations (20 events):
Event: 5.575 Executing VM operation: ParallelGCFailedAllocation
Event: 5.576 Executing VM operation: ParallelGCFailedAllocation done
Event: 5.716 Executing VM operation: HandshakeAllThreads
Event: 5.716 Executing VM operation: HandshakeAllThreads done
Event: 5.828 Executing VM operation: HandshakeAllThreads
Event: 5.829 Executing VM operation: HandshakeAllThreads done
Event: 6.000 Executing VM operation: HandshakeAllThreads
Event: 6.000 Executing VM operation: HandshakeAllThreads done
Event: 6.023 Executing VM operation: HandshakeAllThreads
Event: 6.023 Executing VM operation: HandshakeAllThreads done
Event: 6.215 Executing VM operation: HandshakeAllThreads
Event: 6.215 Executing VM operation: HandshakeAllThreads done
Event: 6.328 Executing VM operation: CollectForMetadataAllocation
Event: 6.369 Executing VM operation: CollectForMetadataAllocation done
Event: 6.408 Executing VM operation: HandshakeAllThreads
Event: 6.417 Executing VM operation: HandshakeAllThreads done
Event: 6.675 Executing VM operation: ParallelGCFailedAllocation
Event: 6.677 Executing VM operation: ParallelGCFailedAllocation done
Event: 6.728 Executing VM operation: HandshakeAllThreads
Event: 6.728 Executing VM operation: HandshakeAllThreads done

Events (20 events):
Event: 6.772 loading class sun/reflect/generics/reflectiveObjects/ParameterizedTypeImpl
Event: 6.773 loading class sun/reflect/generics/reflectiveObjects/ParameterizedTypeImpl done
Event: 6.773 loading class sun/reflect/generics/reflectiveObjects/TypeVariableImpl
Event: 6.773 loading class sun/reflect/generics/reflectiveObjects/LazyReflectiveObjectGenerator
Event: 6.773 loading class sun/reflect/generics/reflectiveObjects/LazyReflectiveObjectGenerator done
Event: 6.773 loading class sun/reflect/generics/reflectiveObjects/TypeVariableImpl done
Event: 6.778 loading class java/lang/annotation/IncompleteAnnotationException
Event: 6.778 loading class java/lang/annotation/IncompleteAnnotationException done
Event: 6.789 loading class jdk/internal/vm/annotation/IntrinsicCandidate
Event: 6.789 loading class jdk/internal/vm/annotation/IntrinsicCandidate done
Event: 6.829 loading class sun/reflect/generics/tree/BottomSignature
Event: 6.829 loading class jdk/internal/access/foreign/MemorySegmentProxy
Event: 6.829 loading class sun/reflect/generics/tree/BottomSignature done
Event: 6.829 loading class sun/reflect/generics/tree/Wildcard
Event: 6.829 loading class jdk/internal/access/foreign/MemorySegmentProxy done
Event: 6.829 loading class sun/reflect/generics/tree/Wildcard done
Event: 6.831 loading class sun/reflect/generics/reflectiveObjects/WildcardTypeImpl
Event: 6.832 loading class sun/reflect/generics/reflectiveObjects/WildcardTypeImpl done
Event: 6.891 loading class sun/reflect/generics/tree/ArrayTypeSignature
Event: 6.891 loading class sun/reflect/generics/tree/ArrayTypeSignature done


Dynamic libraries:
0x00007ff7a8d90000 - 0x00007ff7a8d9e000 	c:\Users\USER\.vscode\extensions\redhat.java-1.23.0-win32-x64\jre\17.0.8.1-win32-x86_64\bin\java.exe
0x00007ff9f61b0000 - 0x00007ff9f63c7000 	C:\WINDOWS\SYSTEM32\ntdll.dll
0x00007ff9f4c80000 - 0x00007ff9f4d44000 	C:\WINDOWS\System32\KERNEL32.DLL
0x00007ff9f3800000 - 0x00007ff9f3ba6000 	C:\WINDOWS\System32\KERNELBASE.dll
0x00007ff9f3bb0000 - 0x00007ff9f3cc1000 	C:\WINDOWS\System32\ucrtbase.dll
0x00007ff9c0fa0000 - 0x00007ff9c0fb7000 	c:\Users\USER\.vscode\extensions\redhat.java-1.23.0-win32-x64\jre\17.0.8.1-win32-x86_64\bin\jli.dll
0x00007ff9f3fc0000 - 0x00007ff9f416e000 	C:\WINDOWS\System32\USER32.dll
0x00007ff9f37d0000 - 0x00007ff9f37f6000 	C:\WINDOWS\System32\win32u.dll
0x00007ff9f52f0000 - 0x00007ff9f5319000 	C:\WINDOWS\System32\GDI32.dll
0x00007ff9f3d70000 - 0x00007ff9f3e88000 	C:\WINDOWS\System32\gdi32full.dll
0x00007ff9f3cd0000 - 0x00007ff9f3d6a000 	C:\WINDOWS\System32\msvcp_win.dll
0x00007ff9c10a0000 - 0x00007ff9c10b9000 	c:\Users\USER\.vscode\extensions\redhat.java-1.23.0-win32-x64\jre\17.0.8.1-win32-x86_64\bin\VCRUNTIME140.dll
0x00007ff9d8940000 - 0x00007ff9d8bd3000 	C:\WINDOWS\WinSxS\amd64_microsoft.windows.common-controls_6595b64144ccf1df_6.0.22621.2361_none_2712ced57382f843\COMCTL32.dll
0x00007ff9f4400000 - 0x00007ff9f44a7000 	C:\WINDOWS\System32\msvcrt.dll
0x00007ff9f3f10000 - 0x00007ff9f3f41000 	C:\WINDOWS\System32\IMM32.DLL
0x00007ff9eb0d0000 - 0x00007ff9eb0dc000 	c:\Users\USER\.vscode\extensions\redhat.java-1.23.0-win32-x64\jre\17.0.8.1-win32-x86_64\bin\vcruntime140_1.dll
0x00007ff984f70000 - 0x00007ff985001000 	c:\Users\USER\.vscode\extensions\redhat.java-1.23.0-win32-x64\jre\17.0.8.1-win32-x86_64\bin\msvcp140.dll
0x00007ff9248a0000 - 0x00007ff9254ec000 	c:\Users\USER\.vscode\extensions\redhat.java-1.23.0-win32-x64\jre\17.0.8.1-win32-x86_64\bin\server\jvm.dll
0x00007ff9f4a10000 - 0x00007ff9f4ac0000 	C:\WINDOWS\System32\ADVAPI32.dll
0x00007ff9f53d0000 - 0x00007ff9f5476000 	C:\WINDOWS\System32\sechost.dll
0x00007ff9f4fd0000 - 0x00007ff9f50e7000 	C:\WINDOWS\System32\RPCRT4.dll
0x00007ff9f3250000 - 0x00007ff9f329d000 	C:\WINDOWS\SYSTEM32\POWRPROF.dll
0x00007ff9db2b0000 - 0x00007ff9db2b9000 	C:\WINDOWS\SYSTEM32\WSOCK32.dll
0x00007ff9f4190000 - 0x00007ff9f4201000 	C:\WINDOWS\System32\WS2_32.dll
0x00007ff9eaeb0000 - 0x00007ff9eaee4000 	C:\WINDOWS\SYSTEM32\WINMM.dll
0x00007ff9ec780000 - 0x00007ff9ec78a000 	C:\WINDOWS\SYSTEM32\VERSION.dll
0x00007ff9f3230000 - 0x00007ff9f3243000 	C:\WINDOWS\SYSTEM32\UMPDC.dll
0x00007ff9f24f0000 - 0x00007ff9f2508000 	C:\WINDOWS\SYSTEM32\kernel.appcore.dll
0x00007ff9eafd0000 - 0x00007ff9eafda000 	c:\Users\USER\.vscode\extensions\redhat.java-1.23.0-win32-x64\jre\17.0.8.1-win32-x86_64\bin\jimage.dll
0x00007ff9e95c0000 - 0x00007ff9e97ee000 	C:\WINDOWS\SYSTEM32\DBGHELP.DLL
0x00007ff9f4680000 - 0x00007ff9f4a0a000 	C:\WINDOWS\System32\combase.dll
0x00007ff9f4320000 - 0x00007ff9f43f7000 	C:\WINDOWS\System32\OLEAUT32.dll
0x00007ff9db530000 - 0x00007ff9db562000 	C:\WINDOWS\SYSTEM32\dbgcore.DLL
0x00007ff9f3e90000 - 0x00007ff9f3f0a000 	C:\WINDOWS\System32\bcryptPrimitives.dll
0x00007ff9eaf10000 - 0x00007ff9eaf1e000 	c:\Users\USER\.vscode\extensions\redhat.java-1.23.0-win32-x64\jre\17.0.8.1-win32-x86_64\bin\instrument.dll
0x00007ff9a7070000 - 0x00007ff9a7095000 	c:\Users\USER\.vscode\extensions\redhat.java-1.23.0-win32-x64\jre\17.0.8.1-win32-x86_64\bin\java.dll
0x00007ff9a46f0000 - 0x00007ff9a4708000 	c:\Users\USER\.vscode\extensions\redhat.java-1.23.0-win32-x64\jre\17.0.8.1-win32-x86_64\bin\zip.dll
0x00007ff9f5490000 - 0x00007ff9f5ce8000 	C:\WINDOWS\System32\SHELL32.dll
0x00007ff9f1440000 - 0x00007ff9f1d32000 	C:\WINDOWS\SYSTEM32\windows.storage.dll
0x00007ff9f1300000 - 0x00007ff9f143e000 	C:\WINDOWS\SYSTEM32\wintypes.dll
0x00007ff9f5180000 - 0x00007ff9f5273000 	C:\WINDOWS\System32\SHCORE.dll
0x00007ff9f5280000 - 0x00007ff9f52de000 	C:\WINDOWS\System32\shlwapi.dll
0x00007ff9f3460000 - 0x00007ff9f3486000 	C:\WINDOWS\SYSTEM32\profapi.dll
0x00007ff9a46d0000 - 0x00007ff9a46e9000 	C:\Users\USER\.vscode\extensions\redhat.java-1.23.0-win32-x64\jre\17.0.8.1-win32-x86_64\bin\net.dll
0x00007ff9eb2f0000 - 0x00007ff9eb427000 	C:\WINDOWS\SYSTEM32\WINHTTP.dll
0x00007ff9f29f0000 - 0x00007ff9f2a59000 	C:\WINDOWS\system32\mswsock.dll
0x00007ff9a4680000 - 0x00007ff9a4695000 	C:\Users\USER\.vscode\extensions\redhat.java-1.23.0-win32-x64\jre\17.0.8.1-win32-x86_64\bin\nio.dll
0x00007ff9dd4d0000 - 0x00007ff9dd4e0000 	c:\Users\USER\.vscode\extensions\redhat.java-1.23.0-win32-x64\jre\17.0.8.1-win32-x86_64\bin\verify.dll
0x00007ff9a4410000 - 0x00007ff9a444e000 	C:\Users\USER\AppData\Roaming\Code\User\globalStorage\redhat.java\1.23.0\config_win\org.eclipse.equinox.launcher\org.eclipse.equinox.launcher.win32.win32.x86_64_1.2.700.v20221108-1024\eclipse_11801.dll
0x00007ff9f4ac0000 - 0x00007ff9f4c5f000 	C:\WINDOWS\System32\ole32.dll
0x00007ff9f2c50000 - 0x00007ff9f2c6b000 	C:\WINDOWS\SYSTEM32\CRYPTSP.dll
0x00007ff9f24b0000 - 0x00007ff9f24e5000 	C:\WINDOWS\system32\rsaenh.dll
0x00007ff9f2ae0000 - 0x00007ff9f2b0c000 	C:\WINDOWS\SYSTEM32\USERENV.dll
0x00007ff9f2e00000 - 0x00007ff9f2e28000 	C:\WINDOWS\SYSTEM32\bcrypt.dll
0x00007ff9f2c40000 - 0x00007ff9f2c4c000 	C:\WINDOWS\SYSTEM32\CRYPTBASE.dll
0x00007ff9f1fe0000 - 0x00007ff9f200d000 	C:\WINDOWS\SYSTEM32\IPHLPAPI.DLL
0x00007ff9f4670000 - 0x00007ff9f4679000 	C:\WINDOWS\System32\NSI.dll
0x00007ff9eb460000 - 0x00007ff9eb479000 	C:\WINDOWS\SYSTEM32\dhcpcsvc6.DLL
0x00007ff9eb190000 - 0x00007ff9eb1af000 	C:\WINDOWS\SYSTEM32\dhcpcsvc.DLL
0x00007ff9f2010000 - 0x00007ff9f2109000 	C:\WINDOWS\SYSTEM32\DNSAPI.dll
0x00007ff9850a0000 - 0x00007ff9850e5000 	C:\Users\USER\AppData\Local\Temp\jna-2614219\jna7071746093688761455.dll
0x00007ff9f52e0000 - 0x00007ff9f52e8000 	C:\WINDOWS\System32\PSAPI.DLL

dbghelp: loaded successfully - version: 4.0.5 - missing functions: none
symbol engine: initialized successfully - sym options: 0x614 - pdb path: .;c:\Users\USER\.vscode\extensions\redhat.java-1.23.0-win32-x64\jre\17.0.8.1-win32-x86_64\bin;C:\WINDOWS\SYSTEM32;C:\WINDOWS\WinSxS\amd64_microsoft.windows.common-controls_6595b64144ccf1df_6.0.22621.2361_none_2712ced57382f843;c:\Users\USER\.vscode\extensions\redhat.java-1.23.0-win32-x64\jre\17.0.8.1-win32-x86_64\bin\server;C:\Users\USER\AppData\Roaming\Code\User\globalStorage\redhat.java\1.23.0\config_win\org.eclipse.equinox.launcher\org.eclipse.equinox.launcher.win32.win32.x86_64_1.2.700.v20221108-1024;C:\Users\USER\AppData\Local\Temp\jna-2614219

VM Arguments:
jvm_args: --add-modules=ALL-SYSTEM --add-opens=java.base/java.util=ALL-UNNAMED --add-opens=java.base/java.lang=ALL-UNNAMED --add-opens=java.base/sun.nio.fs=ALL-UNNAMED -Declipse.application=org.eclipse.jdt.ls.core.id1 -Dosgi.bundles.defaultStartLevel=4 -Declipse.product=org.eclipse.jdt.ls.core.product -Djava.import.generatesMetadataFilesAtProjectRoot=false -DDetectVMInstallationsJob.disabled=true -Dfile.encoding=utf8 -XX:+UseParallelGC -XX:GCTimeRatio=4 -XX:AdaptiveSizePolicyWeight=90 -Dsun.zip.disableMemoryMapping=true -Xmx1G -Xms100m -Xlog:disable -javaagent:c:\Users\USER\.vscode\extensions\redhat.java-1.23.0-win32-x64\lombok\lombok-1.18.30.jar -XX:+HeapDumpOnOutOfMemoryError -XX:HeapDumpPath=c:\Users\USER\AppData\Roaming\Code\User\workspaceStorage\82777f68574ca889bb410f351bd7249c\redhat.java -Daether.dependencyCollector.impl=bf 
java_command: c:\Users\USER\.vscode\extensions\redhat.java-1.23.0-win32-x64\server\plugins\org.eclipse.equinox.launcher_1.6.500.v20230717-2134.jar -configuration c:\Users\USER\AppData\Roaming\Code\User\globalStorage\redhat.java\1.23.0\config_win -data c:\Users\USER\AppData\Roaming\Code\User\workspaceStorage\82777f68574ca889bb410f351bd7249c\redhat.java\jdt_ws
java_class_path (initial): c:\Users\USER\.vscode\extensions\redhat.java-1.23.0-win32-x64\server\plugins\org.eclipse.equinox.launcher_1.6.500.v20230717-2134.jar
Launcher Type: SUN_STANDARD

[Global flags]
    uintx AdaptiveSizePolicyWeight                 = 90                                        {product} {command line}
     intx CICompilerCount                          = 4                                         {product} {ergonomic}
    uintx GCTimeRatio                              = 4                                         {product} {command line}
     bool HeapDumpOnOutOfMemoryError               = true                                   {manageable} {command line}
    ccstr HeapDumpPath                             = c:\Users\USER\AppData\Roaming\Code\User\workspaceStorage\82777f68574ca889bb410f351bd7249c\redhat.java         {manageable} {command line}
   size_t InitialHeapSize                          = 104857600                                 {product} {command line}
   size_t MaxHeapSize                              = 1073741824                                {product} {command line}
   size_t MaxNewSize                               = 357564416                                 {product} {ergonomic}
   size_t MinHeapDeltaBytes                        = 524288                                    {product} {ergonomic}
   size_t MinHeapSize                              = 104857600                                 {product} {command line}
   size_t NewSize                                  = 34603008                                  {product} {ergonomic}
    uintx NonNMethodCodeHeapSize                   = 5839372                                {pd product} {ergonomic}
    uintx NonProfiledCodeHeapSize                  = 122909434                              {pd product} {ergonomic}
   size_t OldSize                                  = 70254592                                  {product} {ergonomic}
    uintx ProfiledCodeHeapSize                     = 122909434                              {pd product} {ergonomic}
    uintx ReservedCodeCacheSize                    = 251658240                              {pd product} {ergonomic}
     bool SegmentedCodeCache                       = true                                      {product} {ergonomic}
   size_t SoftMaxHeapSize                          = 1073741824                             {manageable} {ergonomic}
     bool UseCompressedClassPointers               = true                           {product lp64_product} {ergonomic}
     bool UseCompressedOops                        = true                           {product lp64_product} {ergonomic}
     bool UseLargePagesIndividualAllocation        = false                                  {pd product} {ergonomic}
     bool UseParallelGC                            = true                                      {product} {command line}

Logging:
Log output configuration:
 #0: stdout all=off uptime,level,tags
 #1: stderr all=off uptime,level,tags

Environment Variables:
JAVA_HOME=C:\Program Files\Java\jdk-17
PATH=C:\Program Files\Java\jdk-17\bin;C:\Program Files\Common Files\Oracle\Java\javapath;C:\WINDOWS\system32;C:\WINDOWS;C:\WINDOWS\System32\Wbem;C:\WINDOWS\System32\WindowsPowerShell\v1.0\;C:\WINDOWS\System32\OpenSSH\;C:\xampp\php;C:\ProgramData\ComposerSetup\bin;C:\Program Files\Go\bin;C:\Users\USER\AppData\Roaming\nvm;C:\Program Files\nodejs;C:\Program Files\nodejs\;C:\Users\USER\AppData\Local\Android\Sdk\platforms;C:\Users\USER\AppData\Local\Android\Sdk\platform-tools;C:\ProgramData\chocolatey\bin;C:\Program Files\Git\cmd;C:\Users\USER\AppData\Local\Microsoft\WindowsApps;C:\Users\USER\AppData\Local\Programs\Microsoft VS Code\bin;C:\Users\USER\AppData\Roaming\Composer\vendor\bin;C:\Users\USER\go\bin;C:\Users\USER\AppData\Roaming\npm;C:\tools\dart-sdk\bin;C:\Users\USER\AppData\Roaming\Pub\Cache\bin;C:\tools\dart-sdk;D:\dev\flutter\bin
USERNAME=USER
OS=Windows_NT
PROCESSOR_IDENTIFIER=AMD64 Family 23 Model 104 Stepping 1, AuthenticAMD
TMP=C:\Users\USER\AppData\Local\Temp
TEMP=C:\Users\USER\AppData\Local\Temp



---------------  S Y S T E M  ---------------

OS:
 Windows 11 , 64 bit Build 22621 (10.0.22621.2361)
OS uptime: 0 days 2:22 hours
Hyper-V role detected

CPU: total 12 (initial active 12) (12 cores per cpu, 2 threads per core) family 23 model 104 stepping 1 microcode 0x0, cx8, cmov, fxsr, ht, mmx, 3dnowpref, sse, sse2, sse3, ssse3, sse4a, sse4.1, sse4.2, popcnt, lzcnt, tsc, tscinvbit, avx, avx2, aes, clmul, bmi1, bmi2, adx, sha, fma, vzeroupper, clflush, clflushopt, hv
Processor Information for all 12 processors :
  Max Mhz: 2100, Current Mhz: 2100, Mhz Limit: 2100

Memory: 4k page, system-wide physical 23914M (5452M free)
TotalPageFile size 23914M (AvailPageFile size 22M)
current process WorkingSet (physical memory assigned to process): 183M, peak: 190M
current process commit charge ("private bytes"): 286M, peak: 294M

vm_info: OpenJDK 64-Bit Server VM (17.0.8.1+1) for windows-amd64 JRE (17.0.8.1+1), built on Aug 23 2023 15:29:17 by "admin" with MS VC++ 16.7 (VS2019)

END.
